2020-06-18 17:06:35.4060 [DEBUG] Validating model...
2020-06-18 17:06:35.6237 [DEBUG] Model validated
2020-06-18 17:06:35.6247 [DEBUG] Authenticating with server...
2020-06-18 17:06:35.9131 [DEBUG] Connected to room. (125020:SceneFusion:SceneFusion)
2020-06-18 17:06:35.9239 [INFO] Connected to server.
2020-06-18 17:06:35.9258 [DEBUG] OS : Microsoft Windows NT 10.0.18362.0
2020-06-18 17:06:35.9258 [DEBUG] Unity Version : 2019.3.15f1
2020-06-18 17:06:35.9258 [DEBUG] Pro License : False
2020-06-18 17:06:35.9258 [DEBUG] Platform : WindowsEditor
2020-06-18 17:06:35.9268 [DEBUG] Build Target : StandaloneWindows64
2020-06-18 17:06:35.9268 [DEBUG] Scene Fusion version : 1.8.7
2020-06-18 17:06:35.9268 [DEBUG] Scene Fusion client build : 0
2020-06-18 17:06:35.9268 [DEBUG] User : xiinweii98@gmail.com
2020-06-18 17:06:35.9268 [DEBUG] Waiting for server response
2020-06-18 17:06:36.1603 [DEBUG] Tier: Free, Permissions: 00000200
2020-06-18 17:06:36.1603 [DEBUG] User Permissions: FFFFFFFF
2020-06-18 17:06:36.5654 [DEBUG] No stand-in for UnityEngine.MovieTexture
2020-06-18 17:06:36.5654 [DEBUG] No stand-in for UnityEngine.Experimental.Rendering.RayTracingShader
2020-06-18 17:06:36.5654 [DEBUG] No stand-in for UnityEngine.LocalizationAsset
2020-06-18 17:06:36.5654 [DEBUG] No stand-in for UnityEngine.ProceduralMaterial
2020-06-18 17:06:36.5654 [DEBUG] No stand-in for UnityEngine.ProceduralTexture
2020-06-18 17:06:36.5654 [DEBUG] No stand-in for UnityEngine.TerrainLayer
2020-06-18 17:06:36.5654 [DEBUG] No stand-in for UnityEngine.VFX.VisualEffectAsset
2020-06-18 17:06:38.0649 [DEBUG] Loading complete
2020-06-18 17:06:46.7711 [DEBUG] Disconnecting temporarily to enter play mode.
2020-06-18 17:06:46.7721 [DEBUG] Disconnecting from room (125020:SceneFusion:SceneFusion)
2020-06-18 17:06:46.7740 [INFO] Disconnected from server.
2020-06-18 17:06:46.7740 [DEBUG] Disconnect. (Duration: 10)
2020-06-18 17:06:47.0286 [INFO] Static batching in play mode is not supported in a Scene Fusion session and will be temporarily disabled.
2020-06-18 17:06:49.7600 [DEBUG] Scene Fusion version 1.8.7-0
2020-06-18 17:06:49.9337 [DEBUG] Play mode: True, sync in play mode: False
2020-06-18 17:06:50.2378 [DEBUG] Connecting to room (125020:SceneFusion:SceneFusion) via TCP at roommanager-ec2-35-164-71-216.kinematicsoup.com:21312
2020-06-18 17:06:50.2427 [DEBUG] Guest connection. (Session: 125020)
2020-06-18 17:06:50.6975 [DEBUG] Validating model...
2020-06-18 17:06:50.9147 [DEBUG] Model validated
2020-06-18 17:06:50.9147 [DEBUG] Authenticating with server...
2020-06-18 17:06:51.1665 [DEBUG] Connected to room. (125020:SceneFusion:SceneFusion)
2020-06-18 17:06:51.1915 [INFO] Connected to server.
2020-06-18 17:06:51.1935 [DEBUG] OS : Microsoft Windows NT 10.0.18362.0
2020-06-18 17:06:51.1935 [DEBUG] Unity Version : 2019.3.15f1
2020-06-18 17:06:51.1935 [DEBUG] Pro License : False
2020-06-18 17:06:51.1935 [DEBUG] Platform : WindowsEditor
2020-06-18 17:06:51.1935 [DEBUG] Build Target : StandaloneWindows64
2020-06-18 17:06:51.1935 [DEBUG] Scene Fusion version : 1.8.7
2020-06-18 17:06:51.1935 [DEBUG] Scene Fusion client build : 0
2020-06-18 17:06:51.1935 [DEBUG] User : xiinweii98@gmail.com
2020-06-18 17:06:51.3935 [DEBUG] Tier: Free, Permissions: 00000200
2020-06-18 17:06:51.3935 [DEBUG] User Permissions: FFFFFFFF
2020-06-18 17:06:51.5258 [DEBUG] No stand-in for UnityEngine.MovieTexture
2020-06-18 17:06:51.5258 [DEBUG] No stand-in for UnityEngine.Experimental.Rendering.RayTracingShader
2020-06-18 17:06:51.5258 [DEBUG] No stand-in for UnityEngine.LocalizationAsset
2020-06-18 17:06:51.5258 [DEBUG] No stand-in for UnityEngine.ProceduralMaterial
2020-06-18 17:06:51.5258 [DEBUG] No stand-in for UnityEngine.ProceduralTexture
2020-06-18 17:06:51.5258 [DEBUG] No stand-in for UnityEngine.TerrainLayer
2020-06-18 17:06:51.5258 [DEBUG] No stand-in for UnityEngine.VFX.VisualEffectAsset
2020-06-18 17:07:08.9970 [DEBUG] Play mode: False
2020-06-18 17:07:09.3981 [DEBUG] Loading complete
2020-06-18 17:09:06.0643 [DEBUG] Disconnecting from room (125020:SceneFusion:SceneFusion)
2020-06-18 17:09:07.8289 [INFO] Disconnected from server.
2020-06-18 17:09:07.8289 [DEBUG] Disconnect. (Duration: 117)
