2020-06-18 16:09:46.9458 [DEBUG] Validating model...
2020-06-18 16:09:47.1571 [DEBUG] Model validated
2020-06-18 16:09:47.1581 [DEBUG] Authenticating with server...
2020-06-18 16:09:47.9860 [DEBUG] Connected to room. (125020:SceneFusion:SceneFusion)
2020-06-18 16:09:47.9947 [INFO] Connected to server.
2020-06-18 16:09:47.9957 [DEBUG] OS : Microsoft Windows NT 10.0.18362.0
2020-06-18 16:09:47.9957 [DEBUG] Unity Version : 2019.3.15f1
2020-06-18 16:09:47.9957 [DEBUG] Pro License : False
2020-06-18 16:09:47.9957 [DEBUG] Platform : WindowsEditor
2020-06-18 16:09:47.9957 [DEBUG] Build Target : StandaloneWindows64
2020-06-18 16:09:47.9957 [DEBUG] Scene Fusion version : 1.8.7
2020-06-18 16:09:47.9967 [DEBUG] Scene Fusion client build : 0
2020-06-18 16:09:47.9967 [DEBUG] User : xiinweii98@gmail.com
2020-06-18 16:09:47.9967 [DEBUG] Waiting for server response
2020-06-18 16:09:48.2481 [DEBUG] Tier: Free, Permissions: 00000200
2020-06-18 16:09:48.2491 [DEBUG] User Permissions: FFFFFFFF
2020-06-18 16:09:48.9706 [DEBUG] No stand-in for UnityEngine.MovieTexture
2020-06-18 16:09:48.9706 [DEBUG] No stand-in for UnityEngine.Experimental.Rendering.RayTracingShader
2020-06-18 16:09:48.9706 [DEBUG] No stand-in for UnityEngine.LocalizationAsset
2020-06-18 16:09:48.9706 [DEBUG] No stand-in for UnityEngine.ProceduralMaterial
2020-06-18 16:09:48.9706 [DEBUG] No stand-in for UnityEngine.ProceduralTexture
2020-06-18 16:09:48.9706 [DEBUG] No stand-in for UnityEngine.TerrainLayer
2020-06-18 16:09:48.9706 [DEBUG] No stand-in for UnityEngine.VFX.VisualEffectAsset
2020-06-18 16:09:55.5485 [DEBUG] Loading complete
2020-06-18 16:10:31.4400 [DEBUG] Disconnecting from room (125020:SceneFusion:SceneFusion)
2020-06-18 16:10:31.4459 [INFO] Disconnected from server.
2020-06-18 16:10:31.4468 [DEBUG] Disconnect. (Duration: 1)
