2020-07-26 00:09:08.6586 [DEBUG] Scene Fusion version 1.8.7-0
2020-07-26 00:12:47.3638 [DEBUG] Scene Fusion version 1.8.7-0
2020-07-26 00:17:29.4859 [DEBUG] Scene Fusion version 1.8.7-0
2020-07-26 00:17:29.6594 [DEBUG] Play mode: True, sync in play mode: False
2020-07-26 00:17:53.9044 [DEBUG] Play mode: False
2020-07-26 00:22:17.0898 [DEBUG] Scene Fusion version 1.8.7-0
2020-07-26 00:22:17.2514 [DEBUG] Play mode: True, sync in play mode: False
2020-07-26 00:22:22.8951 [DEBUG] Play mode: False
2020-07-26 01:38:03.9662 [DEBUG] Scene Fusion version 1.8.7-0
2020-07-26 01:42:02.9281 [DEBUG] Scene Fusion version 1.8.7-0
2020-07-26 01:43:05.5003 [DEBUG] Scene Fusion version 1.8.7-0
2020-07-26 01:43:36.0993 [DEBUG] Scene Fusion version 1.8.7-0
2020-07-26 01:45:20.9858 [DEBUG] Scene Fusion version 1.8.7-0
2020-07-26 01:45:21.1361 [DEBUG] Play mode: True, sync in play mode: False
2020-07-26 01:45:28.7086 [DEBUG] Play mode: False
2020-07-26 01:45:41.0544 [DEBUG] Scene Fusion version 1.8.7-0
2020-07-26 01:45:41.2344 [DEBUG] Play mode: True, sync in play mode: False
2020-07-26 01:45:47.9015 [DEBUG] Play mode: False
2020-07-26 01:46:02.2357 [DEBUG] Scene Fusion version 1.8.7-0
2020-07-26 01:46:07.8140 [DEBUG] Scene Fusion version 1.8.7-0
2020-07-26 01:46:07.9594 [DEBUG] Play mode: True, sync in play mode: False
2020-07-26 01:46:14.7694 [DEBUG] Play mode: False
2020-07-26 01:46:23.6348 [DEBUG] Scene Fusion version 1.8.7-0
2020-07-26 01:46:29.3413 [DEBUG] Scene Fusion version 1.8.7-0
2020-07-26 01:46:29.4956 [DEBUG] Play mode: True, sync in play mode: False
2020-07-26 01:46:42.2701 [DEBUG] Play mode: False
2020-07-26 01:53:52.9151 [DEBUG] Scene Fusion version 1.8.7-0
2020-07-26 01:53:53.0995 [DEBUG] Play mode: True, sync in play mode: False
2020-07-26 01:53:54.1734 [DEBUG] Play mode: False
2020-07-26 01:53:58.2205 [DEBUG] Scene Fusion version 1.8.7-0
2020-07-26 01:53:58.3714 [DEBUG] Play mode: True, sync in play mode: False
2020-07-26 01:54:01.9129 [DEBUG] Play mode: False
2020-07-26 01:55:13.4804 [DEBUG] Scene Fusion version 1.8.7-0
2020-07-26 01:55:13.6201 [DEBUG] Play mode: True, sync in play mode: False
2020-07-26 01:55:15.2835 [DEBUG] Play mode: False
2020-07-26 01:57:23.3036 [DEBUG] Scene Fusion version 1.8.7-0
2020-07-26 01:57:23.4373 [DEBUG] Play mode: True, sync in play mode: False
2020-07-26 01:58:18.7697 [DEBUG] Play mode: False
2020-07-26 01:58:36.6562 [DEBUG] Scene Fusion version 1.8.7-0
2020-07-26 01:58:36.7924 [DEBUG] Play mode: True, sync in play mode: False
2020-07-26 01:58:48.3083 [DEBUG] Play mode: False
2020-07-26 02:04:38.5643 [DEBUG] Scene Fusion version 1.8.7-0
2020-07-26 02:04:38.7156 [DEBUG] Play mode: True, sync in play mode: False
2020-07-26 02:04:39.6476 [DEBUG] Play mode: False
2020-07-26 02:07:54.0739 [DEBUG] Scene Fusion version 1.8.7-0
2020-07-26 02:07:54.2462 [DEBUG] Play mode: True, sync in play mode: False
2020-07-26 02:08:00.8327 [DEBUG] Play mode: False
2020-07-26 02:09:24.7726 [DEBUG] Scene Fusion version 1.8.7-0
2020-07-26 02:10:58.4493 [DEBUG] Scene Fusion version 1.8.7-0
2020-07-26 02:11:26.8104 [DEBUG] Scene Fusion version 1.8.7-0
2020-07-26 02:11:37.4157 [DEBUG] Scene Fusion version 1.8.7-0
2020-07-26 02:12:01.4030 [DEBUG] Scene Fusion version 1.8.7-0
2020-07-26 02:12:01.5484 [DEBUG] Play mode: True, sync in play mode: False
2020-07-26 02:12:20.7099 [DEBUG] Play mode: False
2020-07-26 02:22:45.7218 [DEBUG] Scene Fusion version 1.8.7-0
2020-07-26 02:23:49.7832 [DEBUG] Scene Fusion version 1.8.7-0
2020-07-26 02:24:53.6018 [DEBUG] Scene Fusion version 1.8.7-0
2020-07-26 02:25:18.2899 [DEBUG] Scene Fusion version 1.8.7-0
2020-07-26 02:25:35.2897 [DEBUG] Scene Fusion version 1.8.7-0
2020-07-26 02:31:06.6132 [DEBUG] Scene Fusion version 1.8.7-0
2020-07-26 02:31:06.7729 [DEBUG] Play mode: True, sync in play mode: False
2020-07-26 02:32:14.8852 [DEBUG] Play mode: False
2020-07-26 02:34:30.6068 [DEBUG] Scene Fusion version 1.8.7-0
2020-07-26 02:34:58.7673 [DEBUG] Scene Fusion version 1.8.7-0
2020-07-26 02:34:58.9636 [DEBUG] Play mode: True, sync in play mode: False
2020-07-26 02:35:21.7910 [DEBUG] Play mode: False
2020-07-26 02:35:28.5852 [DEBUG] Scene Fusion version 1.8.7-0
2020-07-26 02:35:28.7531 [DEBUG] Play mode: True, sync in play mode: False
2020-07-26 02:35:42.9434 [DEBUG] Play mode: False
2020-07-26 02:35:53.7673 [DEBUG] Scene Fusion version 1.8.7-0
2020-07-26 02:35:56.7791 [DEBUG] Scene Fusion version 1.8.7-0
2020-07-26 02:35:56.9059 [DEBUG] Play mode: True, sync in play mode: False
2020-07-26 02:36:11.2092 [DEBUG] Play mode: False
2020-07-26 12:35:44.3379 [DEBUG] Scene Fusion version 1.8.7-0
2020-07-26 12:40:07.9411 [DEBUG] Scene Fusion version 1.8.7-0
2020-07-26 12:42:51.8602 [DEBUG] Scene Fusion version 1.8.7-0
2020-07-26 12:43:01.1857 [DEBUG] Scene Fusion version 1.8.7-0
2020-07-26 12:43:01.3585 [DEBUG] Play mode: True, sync in play mode: False
2020-07-26 12:43:04.8824 [DEBUG] Play mode: False
2020-07-26 12:43:09.5124 [DEBUG] Scene Fusion version 1.8.7-0
2020-07-26 12:43:09.6500 [DEBUG] Play mode: True, sync in play mode: False
2020-07-26 12:43:11.3448 [DEBUG] Play mode: False
2020-07-26 12:43:32.4863 [DEBUG] Scene Fusion version 1.8.7-0
2020-07-26 12:43:32.6308 [DEBUG] Play mode: True, sync in play mode: False
2020-07-26 12:43:35.3850 [DEBUG] Play mode: False
2020-07-26 12:43:47.5833 [DEBUG] Scene Fusion version 1.8.7-0
2020-07-26 12:43:47.7277 [DEBUG] Play mode: True, sync in play mode: False
2020-07-26 12:43:50.4430 [DEBUG] Play mode: False
2020-07-26 12:44:07.6593 [DEBUG] Scene Fusion version 1.8.7-0
2020-07-26 12:44:07.8023 [DEBUG] Play mode: True, sync in play mode: False
2020-07-26 12:44:27.3983 [DEBUG] Play mode: False
2020-07-26 12:44:57.2243 [DEBUG] Scene Fusion version 1.8.7-0
2020-07-26 12:44:57.3688 [DEBUG] Play mode: True, sync in play mode: False
2020-07-26 12:45:01.7683 [DEBUG] Play mode: False
2020-07-26 12:45:05.2730 [DEBUG] Scene Fusion version 1.8.7-0
2020-07-26 12:45:05.4155 [DEBUG] Play mode: True, sync in play mode: False
2020-07-26 12:45:23.9417 [DEBUG] Play mode: False
2020-07-26 12:45:41.3868 [DEBUG] Scene Fusion version 1.8.7-0
2020-07-26 12:45:41.5244 [DEBUG] Play mode: True, sync in play mode: False
2020-07-26 12:46:45.7843 [DEBUG] Play mode: False
2020-07-26 12:46:56.6619 [DEBUG] Scene Fusion version 1.8.7-0
2020-07-26 12:46:56.7966 [DEBUG] Play mode: True, sync in play mode: False
2020-07-26 12:47:00.2219 [DEBUG] Play mode: False
2020-07-26 12:48:35.7362 [DEBUG] Scene Fusion version 1.8.7-0
2020-07-26 12:49:12.1006 [DEBUG] Scene Fusion version 1.8.7-0
2020-07-26 12:49:12.2138 [DEBUG] Play mode: True, sync in play mode: False
2020-07-26 12:49:29.4062 [DEBUG] Play mode: False
2020-07-26 12:51:36.7189 [DEBUG] Scene Fusion version 1.8.7-0
2020-07-26 12:51:36.8522 [DEBUG] Play mode: True, sync in play mode: False
2020-07-26 12:51:50.6986 [DEBUG] Play mode: False
2020-07-26 12:54:35.6381 [DEBUG] Scene Fusion version 1.8.7-0
2020-07-26 12:54:35.7903 [DEBUG] Play mode: True, sync in play mode: False
2020-07-26 13:04:39.3824 [DEBUG] Play mode: False
2020-07-26 13:05:29.8800 [DEBUG] Scene Fusion version 1.8.7-0
2020-07-26 13:05:30.0313 [DEBUG] Play mode: True, sync in play mode: False
2020-07-26 13:05:42.0489 [DEBUG] Play mode: False
2020-07-26 13:10:05.1111 [DEBUG] Scene Fusion version 1.8.7-0
2020-07-26 13:10:56.8341 [DEBUG] Scene Fusion version 1.8.7-0
2020-07-26 13:10:56.9864 [DEBUG] Play mode: True, sync in play mode: False
2020-07-26 13:12:20.3764 [DEBUG] Play mode: False
2020-07-26 13:12:25.3432 [DEBUG] Scene Fusion version 1.8.7-0
2020-07-26 13:12:25.5032 [DEBUG] Play mode: True, sync in play mode: False
2020-07-26 13:12:48.8065 [DEBUG] Play mode: False
2020-07-26 13:13:49.9876 [DEBUG] Scene Fusion version 1.8.7-0
2020-07-26 13:13:50.1428 [DEBUG] Play mode: True, sync in play mode: False
2020-07-26 13:15:17.1368 [DEBUG] Play mode: False
2020-07-26 13:15:22.7833 [DEBUG] Scene Fusion version 1.8.7-0
2020-07-26 13:15:22.9375 [DEBUG] Play mode: True, sync in play mode: False
2020-07-26 13:15:30.6769 [DEBUG] Play mode: False
2020-07-26 13:16:59.1806 [DEBUG] Scene Fusion version 1.8.7-0
2020-07-26 13:16:59.3348 [DEBUG] Play mode: True, sync in play mode: False
2020-07-26 13:17:10.8774 [DEBUG] Play mode: False
2020-07-26 13:21:23.9896 [DEBUG] Scene Fusion version 1.8.7-0
2020-07-26 13:21:24.1341 [DEBUG] Play mode: True, sync in play mode: False
2020-07-26 13:21:31.5980 [DEBUG] Play mode: False
2020-07-26 13:21:35.5645 [DEBUG] Scene Fusion version 1.8.7-0
2020-07-26 13:21:35.7187 [DEBUG] Play mode: True, sync in play mode: False
2020-07-26 13:22:21.9659 [DEBUG] Play mode: False
2020-07-26 13:23:42.6081 [DEBUG] Scene Fusion version 1.8.7-0
2020-07-26 13:23:42.7653 [DEBUG] Play mode: True, sync in play mode: False
2020-07-26 13:24:36.7195 [DEBUG] Play mode: False
2020-07-26 13:24:52.6979 [DEBUG] Scene Fusion version 1.8.7-0
2020-07-26 13:24:52.8574 [DEBUG] Play mode: True, sync in play mode: False
2020-07-26 13:30:00.8175 [DEBUG] Play mode: False
2020-07-26 13:30:38.9175 [DEBUG] Scene Fusion version 1.8.7-0
2020-07-26 13:30:39.0756 [DEBUG] Play mode: True, sync in play mode: False
2020-07-26 13:31:30.4489 [DEBUG] Play mode: False
2020-07-26 13:32:05.4464 [DEBUG] Scene Fusion version 1.8.7-0
2020-07-26 13:32:05.5967 [DEBUG] Play mode: True, sync in play mode: False
2020-07-26 13:32:16.6146 [DEBUG] Play mode: False
2020-07-26 13:39:04.0318 [DEBUG] Scene Fusion version 1.8.7-0
2020-07-26 13:39:04.1889 [DEBUG] Play mode: True, sync in play mode: False
2020-07-26 13:39:08.8257 [DEBUG] Play mode: False
2020-07-26 13:40:37.2901 [DEBUG] Scene Fusion version 1.8.7-0
2020-07-26 13:40:37.4384 [DEBUG] Play mode: True, sync in play mode: False
2020-07-26 13:40:39.1090 [DEBUG] Play mode: False
2020-07-26 13:41:12.4026 [DEBUG] Scene Fusion version 1.8.7-0
2020-07-26 13:41:12.5553 [DEBUG] Play mode: True, sync in play mode: False
2020-07-26 13:41:25.2566 [DEBUG] Play mode: False
2020-07-26 13:41:33.6897 [DEBUG] Scene Fusion version 1.8.7-0
2020-07-26 13:41:33.8556 [DEBUG] Play mode: True, sync in play mode: False
2020-07-26 13:50:59.7852 [DEBUG] Play mode: False
2020-07-26 13:59:29.4469 [DEBUG] Scene Fusion version 1.8.7-0
2020-07-26 13:59:29.5968 [DEBUG] Play mode: True, sync in play mode: False
2020-07-26 13:59:39.4292 [DEBUG] Play mode: False
2020-07-26 13:59:53.8040 [DEBUG] Scene Fusion version 1.8.7-0
2020-07-26 13:59:53.9515 [DEBUG] Play mode: True, sync in play mode: False
2020-07-26 13:59:55.5486 [DEBUG] Play mode: False
2020-07-26 13:59:59.3724 [DEBUG] Scene Fusion version 1.8.7-0
2020-07-26 13:59:59.5227 [DEBUG] Play mode: True, sync in play mode: False
2020-07-26 14:00:00.8211 [DEBUG] Play mode: False
2020-07-26 14:00:13.4890 [DEBUG] Scene Fusion version 1.8.7-0
2020-07-26 14:00:13.6500 [DEBUG] Play mode: True, sync in play mode: False
2020-07-26 14:00:31.4767 [DEBUG] Play mode: False
2020-07-26 14:01:19.4827 [DEBUG] Scene Fusion version 1.8.7-0
2020-07-26 14:01:19.6262 [DEBUG] Play mode: True, sync in play mode: False
2020-07-26 14:01:55.1002 [DEBUG] Play mode: False
2020-07-26 14:04:21.1225 [DEBUG] Scene Fusion version 1.8.7-0
2020-07-26 14:04:38.9717 [DEBUG] Scene Fusion version 1.8.7-0
2020-07-26 14:04:43.4206 [DEBUG] Scene Fusion version 1.8.7-0
2020-07-26 14:04:43.5687 [DEBUG] Play mode: True, sync in play mode: False
2020-07-26 14:04:44.0996 [DEBUG] Play mode: False
2020-07-26 14:04:48.1286 [DEBUG] Scene Fusion version 1.8.7-0
2020-07-26 14:04:48.2887 [DEBUG] Play mode: True, sync in play mode: False
2020-07-26 14:04:54.8082 [DEBUG] Play mode: False
2020-07-26 14:05:00.7475 [DEBUG] Scene Fusion version 1.8.7-0
2020-07-26 14:05:00.8968 [DEBUG] Play mode: True, sync in play mode: False
2020-07-26 14:05:03.0351 [DEBUG] Play mode: False
2020-07-26 14:06:23.4163 [DEBUG] Scene Fusion version 1.8.7-0
2020-07-26 14:06:51.3682 [DEBUG] Scene Fusion version 1.8.7-0
2020-07-26 14:06:51.4815 [DEBUG] Play mode: True, sync in play mode: False
2020-07-26 14:07:40.2272 [DEBUG] Play mode: False
2020-07-26 14:09:30.6542 [DEBUG] Scene Fusion version 1.8.7-0
2020-07-26 14:09:34.7124 [DEBUG] Scene Fusion version 1.8.7-0
2020-07-26 14:09:34.8312 [DEBUG] Play mode: True, sync in play mode: False
2020-07-26 14:09:42.4369 [DEBUG] Play mode: False
2020-07-26 14:10:51.9152 [DEBUG] Scene Fusion version 1.8.7-0
2020-07-26 14:10:52.1104 [DEBUG] Play mode: True, sync in play mode: False
2020-07-26 14:11:04.3237 [DEBUG] Play mode: False
2020-07-26 14:12:36.7498 [DEBUG] Scene Fusion version 1.8.7-0
2020-07-26 14:12:48.5654 [DEBUG] Scene Fusion version 1.8.7-0
2020-07-26 14:12:53.1064 [DEBUG] Scene Fusion version 1.8.7-0
2020-07-26 14:12:53.2610 [DEBUG] Play mode: True, sync in play mode: False
2020-07-26 14:12:58.9638 [DEBUG] Play mode: False
2020-07-26 14:13:13.6061 [DEBUG] Scene Fusion version 1.8.7-0
2020-07-26 14:13:13.7974 [DEBUG] Play mode: True, sync in play mode: False
2020-07-26 14:13:16.0066 [DEBUG] Play mode: False
2020-07-26 14:13:30.5016 [DEBUG] Scene Fusion version 1.8.7-0
2020-07-26 14:13:48.3995 [DEBUG] Scene Fusion version 1.8.7-0
2020-07-26 14:13:53.5834 [DEBUG] Scene Fusion version 1.8.7-0
2020-07-26 14:13:53.7422 [DEBUG] Play mode: True, sync in play mode: False
2020-07-26 14:14:09.5526 [DEBUG] Play mode: False
2020-07-26 14:15:02.7340 [DEBUG] Scene Fusion version 1.8.7-0
2020-07-26 14:15:06.5729 [DEBUG] Scene Fusion version 1.8.7-0
2020-07-26 14:15:06.7300 [DEBUG] Play mode: True, sync in play mode: False
2020-07-26 14:15:09.5614 [DEBUG] Play mode: False
2020-07-26 14:15:14.6441 [DEBUG] Scene Fusion version 1.8.7-0
2020-07-26 14:15:14.8325 [DEBUG] Play mode: True, sync in play mode: False
2020-07-26 14:15:18.3279 [DEBUG] Play mode: False
2020-07-26 14:15:34.2600 [DEBUG] Scene Fusion version 1.8.7-0
2020-07-26 14:15:53.0614 [DEBUG] Scene Fusion version 1.8.7-0
2020-07-26 14:15:58.8335 [DEBUG] Scene Fusion version 1.8.7-0
2020-07-26 14:15:58.9936 [DEBUG] Play mode: True, sync in play mode: False
2020-07-26 14:16:03.8057 [DEBUG] Play mode: False
2020-07-26 14:17:17.1771 [DEBUG] Scene Fusion version 1.8.7-0
2020-07-26 14:17:17.3727 [DEBUG] Play mode: True, sync in play mode: False
2020-07-26 14:17:19.9446 [DEBUG] Play mode: False
2020-07-26 14:17:23.8757 [DEBUG] Scene Fusion version 1.8.7-0
2020-07-26 14:17:24.0192 [DEBUG] Play mode: True, sync in play mode: False
2020-07-26 14:19:16.5554 [DEBUG] Play mode: False
2020-07-26 14:19:56.4198 [DEBUG] Scene Fusion version 1.8.7-0
2020-07-26 14:19:56.5710 [DEBUG] Play mode: True, sync in play mode: False
2020-07-26 14:22:53.3516 [DEBUG] Play mode: False
2020-07-26 14:26:17.5682 [DEBUG] Scene Fusion version 1.8.7-0
2020-07-26 14:26:17.7299 [DEBUG] Play mode: True, sync in play mode: False
2020-07-26 14:27:13.1858 [DEBUG] Play mode: False
2020-07-26 14:27:17.3920 [DEBUG] Scene Fusion version 1.8.7-0
2020-07-26 14:27:17.5403 [DEBUG] Play mode: True, sync in play mode: False
2020-07-26 14:27:26.8748 [DEBUG] Play mode: False
2020-07-26 14:29:12.3229 [DEBUG] Scene Fusion version 1.8.7-0
2020-07-26 14:31:28.3499 [DEBUG] Scene Fusion version 1.8.7-0
2020-07-26 15:11:25.2308 [DEBUG] Scene Fusion version 1.8.7-0
2020-07-26 15:11:25.3392 [DEBUG] Play mode: True, sync in play mode: False
2020-07-26 15:16:32.7153 [DEBUG] Play mode: False
2020-07-26 15:16:52.3836 [DEBUG] Scene Fusion version 1.8.7-0
2020-07-26 16:34:22.8936 [DEBUG] Scene Fusion version 1.8.7-0
2020-07-26 16:39:16.4673 [DEBUG] Scene Fusion version 1.8.7-0
2020-07-26 16:41:28.2141 [DEBUG] Scene Fusion version 1.8.7-0
2020-07-26 16:41:39.9862 [DEBUG] Scene Fusion version 1.8.7-0
2020-07-26 16:41:40.1365 [DEBUG] Play mode: True, sync in play mode: False
2020-07-26 16:41:43.2822 [DEBUG] Play mode: False
2020-07-26 16:42:47.9411 [DEBUG] Scene Fusion version 1.8.7-0
2020-07-26 16:42:48.0826 [DEBUG] Play mode: True, sync in play mode: False
2020-07-26 16:43:24.3658 [ERROR] NullReferenceException: Object reference not set to an instance of an object
OptionsMenu.SetEffectsVolume (System.Single vol) (at Assets/Scripts/Menu/OptionsMenu.cs:28)
OptionsMenu.SetData () (at Assets/Scripts/Menu/OptionsMenu.cs:47)
OptionsMenu.OnEnable () (at Assets/Scripts/Menu/OptionsMenu.cs:14)

2020-07-26 16:43:27.1828 [ERROR] UnassignedReferenceException: The variable currentCheckpoint of Movement has not been assigned.
You probably need to assign the currentCheckpoint variable of the Movement script in the inspector.
stupidai4.OnEnable () (at Assets/Scripts/AI/stupidai4.cs:49)
UnityEngine.GameObject:SetActive(Boolean)
Movement:Start() (at Assets/Scripts/Movement.cs:103)

2020-07-26 16:43:44.2820 [DEBUG] Play mode: False
2020-07-26 16:45:49.9849 [DEBUG] Scene Fusion version 1.8.7-0
2020-07-26 16:47:54.1203 [DEBUG] Scene Fusion version 1.8.7-0
2020-07-26 16:48:00.6864 [DEBUG] Scene Fusion version 1.8.7-0
2020-07-26 16:48:00.8074 [DEBUG] Play mode: True, sync in play mode: False
2020-07-26 16:51:19.9346 [ERROR] NullReferenceException: Object reference not set to an instance of an object
Movement.Start () (at Assets/Scripts/Movement.cs:102)

2020-07-26 16:51:22.1500 [DEBUG] Play mode: False
2020-07-26 16:55:40.5393 [DEBUG] Scene Fusion version 1.8.7-0
2020-07-26 16:55:40.6827 [DEBUG] Play mode: True, sync in play mode: False
2020-07-26 16:55:44.8115 [DEBUG] Play mode: False
2020-07-26 16:57:32.6744 [DEBUG] Scene Fusion version 1.8.7-0
2020-07-26 16:58:48.7186 [DEBUG] Scene Fusion version 1.8.7-0
2020-07-26 16:58:48.8519 [DEBUG] Play mode: True, sync in play mode: False
2020-07-26 16:58:50.2260 [DEBUG] Play mode: False
2020-07-26 16:59:12.5042 [DEBUG] Scene Fusion version 1.8.7-0
2020-07-26 16:59:12.7045 [DEBUG] Play mode: True, sync in play mode: False
2020-07-26 16:59:13.3759 [DEBUG] Play mode: False
2020-07-26 17:03:08.9309 [DEBUG] Scene Fusion version 1.8.7-0
2020-07-26 17:03:14.7196 [DEBUG] Scene Fusion version 1.8.7-0
2020-07-26 17:03:14.8852 [DEBUG] Play mode: True, sync in play mode: False
2020-07-26 17:03:47.0554 [DEBUG] Play mode: False
2020-07-26 17:03:52.0572 [DEBUG] Scene Fusion version 1.8.7-0
2020-07-26 17:03:52.2012 [DEBUG] Play mode: True, sync in play mode: False
2020-07-26 17:11:41.5266 [DEBUG] Play mode: False
2020-07-26 17:12:07.8917 [DEBUG] Scene Fusion version 1.8.7-0
2020-07-26 17:12:08.0401 [DEBUG] Play mode: True, sync in play mode: False
2020-07-26 17:12:10.4171 [DEBUG] Play mode: False
2020-07-26 17:14:15.1482 [DEBUG] Scene Fusion version 1.8.7-0
2020-07-26 17:14:15.2995 [DEBUG] Play mode: True, sync in play mode: False
2020-07-26 17:14:18.1077 [ERROR] NullReferenceException: Object reference not set to an instance of an object
OptionsMenu.SetEffectsVolume (System.Single vol) (at Assets/Scripts/Menu/OptionsMenu.cs:28)
OptionsMenu.SetData () (at Assets/Scripts/Menu/OptionsMenu.cs:47)
OptionsMenu.OnEnable () (at Assets/Scripts/Menu/OptionsMenu.cs:14)

2020-07-26 17:14:29.5084 [DEBUG] Play mode: False
2020-07-26 17:16:06.8690 [DEBUG] Scene Fusion version 1.8.7-0
2020-07-26 17:16:07.0144 [DEBUG] Play mode: True, sync in play mode: False
2020-07-26 17:16:15.3220 [DEBUG] Play mode: False
2020-07-26 17:16:27.6456 [DEBUG] Scene Fusion version 1.8.7-0
2020-07-26 17:16:27.8568 [DEBUG] Play mode: True, sync in play mode: False
2020-07-26 17:16:54.5602 [DEBUG] Play mode: False
2020-07-26 17:17:35.4202 [DEBUG] Scene Fusion version 1.8.7-0
2020-07-26 17:17:35.5964 [DEBUG] Play mode: True, sync in play mode: False
2020-07-26 17:17:37.3506 [DEBUG] Play mode: False
2020-07-26 17:17:40.2661 [DEBUG] Scene Fusion version 1.8.7-0
2020-07-26 17:17:40.4418 [DEBUG] Play mode: True, sync in play mode: False
2020-07-26 17:17:40.9550 [DEBUG] Play mode: False
2020-07-26 17:17:45.1258 [DEBUG] Scene Fusion version 1.8.7-0
2020-07-26 17:17:45.2757 [DEBUG] Play mode: True, sync in play mode: False
2020-07-26 17:18:06.6091 [ERROR] NullReferenceException: Object reference not set to an instance of an object
OptionsMenu.SetEffectsVolume (System.Single vol) (at Assets/Scripts/Menu/OptionsMenu.cs:28)
OptionsMenu.SetData () (at Assets/Scripts/Menu/OptionsMenu.cs:47)
OptionsMenu.OnEnable () (at Assets/Scripts/Menu/OptionsMenu.cs:14)

2020-07-26 17:18:06.7264 [ERROR] NullReferenceException: Object reference not set to an instance of an object
Movement.Start () (at Assets/Scripts/Movement.cs:102)

2020-07-26 17:22:12.0860 [DEBUG] Play mode: False
2020-07-26 17:23:31.2456 [DEBUG] Scene Fusion version 1.8.7-0
2020-07-26 17:23:31.3998 [DEBUG] Play mode: True, sync in play mode: False
2020-07-26 17:23:48.2642 [ERROR] NullReferenceException: Object reference not set to an instance of an object
OptionsMenu.SetEffectsVolume (System.Single vol) (at Assets/Scripts/Menu/OptionsMenu.cs:28)
OptionsMenu.SetData () (at Assets/Scripts/Menu/OptionsMenu.cs:47)
OptionsMenu.OnEnable () (at Assets/Scripts/Menu/OptionsMenu.cs:14)

2020-07-26 17:23:48.3228 [ERROR] NullReferenceException: Object reference not set to an instance of an object
Movement.Start () (at Assets/Scripts/Movement.cs:102)

2020-07-26 17:23:50.0096 [DEBUG] Play mode: False
2020-07-26 17:24:02.7335 [DEBUG] Scene Fusion version 1.8.7-0
2020-07-26 17:24:02.8789 [DEBUG] Play mode: True, sync in play mode: False
2020-07-26 17:24:16.6984 [ERROR] NullReferenceException: Object reference not set to an instance of an object
OptionsMenu.SetEffectsVolume (System.Single vol) (at Assets/Scripts/Menu/OptionsMenu.cs:28)
OptionsMenu.SetData () (at Assets/Scripts/Menu/OptionsMenu.cs:47)
OptionsMenu.OnEnable () (at Assets/Scripts/Menu/OptionsMenu.cs:14)

2020-07-26 17:24:16.7590 [ERROR] NullReferenceException: Object reference not set to an instance of an object
Movement.Start () (at Assets/Scripts/Movement.cs:102)

2020-07-26 17:24:31.2072 [ERROR] NullReferenceException: Object reference not set to an instance of an object
OptionsMenu.SetEffectsVolume (System.Single vol) (at Assets/Scripts/Menu/OptionsMenu.cs:28)
OptionsMenu.SetData () (at Assets/Scripts/Menu/OptionsMenu.cs:47)
OptionsMenu.OnEnable () (at Assets/Scripts/Menu/OptionsMenu.cs:14)

2020-07-26 17:24:45.6782 [ERROR] NullReferenceException: Object reference not set to an instance of an object
OptionsMenu.SetEffectsVolume (System.Single vol) (at Assets/Scripts/Menu/OptionsMenu.cs:28)
OptionsMenu.SetData () (at Assets/Scripts/Menu/OptionsMenu.cs:47)
OptionsMenu.OnEnable () (at Assets/Scripts/Menu/OptionsMenu.cs:14)

2020-07-26 17:24:45.7397 [ERROR] NullReferenceException: Object reference not set to an instance of an object
Movement.Start () (at Assets/Scripts/Movement.cs:102)

2020-07-26 17:24:52.2184 [DEBUG] Play mode: False
2020-07-26 17:28:58.1115 [DEBUG] Scene Fusion version 1.8.7-0
2020-07-26 17:29:03.6051 [DEBUG] Scene Fusion version 1.8.7-0
2020-07-26 17:29:03.7175 [DEBUG] Play mode: True, sync in play mode: False
2020-07-26 17:29:07.6390 [DEBUG] Play mode: False
2020-07-26 17:29:45.6888 [DEBUG] Scene Fusion version 1.8.7-0
2020-07-26 17:29:45.8421 [DEBUG] Play mode: True, sync in play mode: False
2020-07-26 17:29:49.0057 [DEBUG] Play mode: False
2020-07-26 17:46:37.3697 [DEBUG] Scene Fusion version 1.8.7-0
2020-07-26 17:46:37.7376 [DEBUG] Play mode: True, sync in play mode: False
2020-07-26 17:46:45.3892 [DEBUG] Play mode: False
2020-07-26 17:46:52.7926 [DEBUG] Scene Fusion version 1.8.7-0
2020-07-26 17:46:53.1039 [DEBUG] Play mode: True, sync in play mode: False
2020-07-26 17:46:56.5217 [DEBUG] Play mode: False
2020-07-26 17:47:02.1685 [DEBUG] Scene Fusion version 1.8.7-0
2020-07-26 17:47:02.4549 [DEBUG] Play mode: True, sync in play mode: False
2020-07-26 17:47:04.8143 [DEBUG] Play mode: False
2020-07-26 17:47:53.2813 [DEBUG] Scene Fusion version 1.8.7-0
2020-07-26 17:47:53.4248 [DEBUG] Play mode: True, sync in play mode: False
2020-07-26 17:48:06.2234 [DEBUG] Play mode: False
2020-07-26 17:48:13.3303 [DEBUG] Scene Fusion version 1.8.7-0
2020-07-26 17:48:13.6260 [DEBUG] Play mode: True, sync in play mode: False
2020-07-26 17:48:54.9955 [ERROR] NullReferenceException: Object reference not set to an instance of an object
OptionsMenu.SetEffectsVolume (System.Single vol) (at Assets/Scripts/Menu/OptionsMenu.cs:28)
OptionsMenu.SetData () (at Assets/Scripts/Menu/OptionsMenu.cs:47)
OptionsMenu.OnEnable () (at Assets/Scripts/Menu/OptionsMenu.cs:14)

2020-07-26 17:48:55.0775 [ERROR] NullReferenceException: Object reference not set to an instance of an object
Movement.Start () (at Assets/Scripts/Movement.cs:102)

2020-07-26 17:49:05.3699 [DEBUG] Play mode: False
2020-07-26 17:50:32.3864 [DEBUG] Scene Fusion version 1.8.7-0
2020-07-26 17:50:32.5631 [DEBUG] Play mode: True, sync in play mode: False
2020-07-26 17:50:33.4216 [DEBUG] Play mode: False
2020-07-26 17:51:15.0479 [DEBUG] Scene Fusion version 1.8.7-0
2020-07-26 17:51:15.2055 [DEBUG] Play mode: True, sync in play mode: False
2020-07-26 17:51:48.8959 [ERROR] NullReferenceException: Object reference not set to an instance of an object
OptionsMenu.SetEffectsVolume (System.Single vol) (at Assets/Scripts/Menu/OptionsMenu.cs:28)
OptionsMenu.SetData () (at Assets/Scripts/Menu/OptionsMenu.cs:47)
OptionsMenu.OnEnable () (at Assets/Scripts/Menu/OptionsMenu.cs:14)

2020-07-26 17:51:48.9608 [ERROR] NullReferenceException: Object reference not set to an instance of an object
Movement.Start () (at Assets/Scripts/Movement.cs:102)

2020-07-26 17:52:26.1337 [DEBUG] Play mode: False
2020-07-26 17:52:29.3521 [DEBUG] Scene Fusion version 1.8.7-0
2020-07-26 17:52:29.4943 [DEBUG] Play mode: True, sync in play mode: False
2020-07-26 17:53:02.0461 [ERROR] NullReferenceException: Object reference not set to an instance of an object
OptionsMenu.SetEffectsVolume (System.Single vol) (at Assets/Scripts/Menu/OptionsMenu.cs:28)
OptionsMenu.SetData () (at Assets/Scripts/Menu/OptionsMenu.cs:47)
OptionsMenu.OnEnable () (at Assets/Scripts/Menu/OptionsMenu.cs:14)

2020-07-26 17:53:02.1229 [ERROR] NullReferenceException: Object reference not set to an instance of an object
Movement.Start () (at Assets/Scripts/Movement.cs:102)

2020-07-26 18:02:59.6649 [DEBUG] Play mode: False
2020-07-26 21:32:21.5450 [DEBUG] Scene Fusion version 1.8.7-0
2020-07-26 21:42:07.9427 [DEBUG] Scene Fusion version 1.8.7-0
2020-07-26 21:42:11.3072 [DEBUG] Scene Fusion version 1.8.7-0
2020-07-26 21:42:11.4259 [DEBUG] Play mode: True, sync in play mode: False
2020-07-26 21:42:12.0152 [DEBUG] Play mode: False
2020-07-26 21:42:24.0695 [DEBUG] Scene Fusion version 1.8.7-0
2020-07-26 21:43:35.0122 [DEBUG] Scene Fusion version 1.8.7-0
2020-07-26 21:43:52.7019 [DEBUG] Scene Fusion version 1.8.7-0
2020-07-26 21:43:52.8205 [DEBUG] Play mode: True, sync in play mode: False
2020-07-26 21:44:02.6270 [ERROR] NullReferenceException: Object reference not set to an instance of an object
OptionsMenu.SetEffectsVolume (System.Single vol) (at Assets/Scripts/Menu/OptionsMenu.cs:28)
OptionsMenu.SetData () (at Assets/Scripts/Menu/OptionsMenu.cs:47)
OptionsMenu.OnEnable () (at Assets/Scripts/Menu/OptionsMenu.cs:14)

2020-07-26 21:44:02.6973 [ERROR] NullReferenceException: Object reference not set to an instance of an object
Movement.Start () (at Assets/Scripts/Movement.cs:102)

2020-07-26 21:44:07.0282 [DEBUG] Play mode: False
2020-07-26 21:47:06.9286 [DEBUG] Scene Fusion version 1.8.7-0
2020-07-26 21:47:13.1531 [DEBUG] Scene Fusion version 1.8.7-0
2020-07-26 21:47:13.2741 [DEBUG] Play mode: True, sync in play mode: False
2020-07-26 21:47:32.3594 [ERROR] NullReferenceException: Object reference not set to an instance of an object
OptionsMenu.SetEffectsVolume (System.Single vol) (at Assets/Scripts/Menu/OptionsMenu.cs:28)
OptionsMenu.SetData () (at Assets/Scripts/Menu/OptionsMenu.cs:47)
OptionsMenu.OnEnable () (at Assets/Scripts/Menu/OptionsMenu.cs:14)

2020-07-26 21:47:32.4287 [ERROR] NullReferenceException: Object reference not set to an instance of an object
Movement.Start () (at Assets/Scripts/Movement.cs:102)

2020-07-26 21:48:14.4203 [ERROR] NullReferenceException: Object reference not set to an instance of an object
OptionsMenu.SetEffectsVolume (System.Single vol) (at Assets/Scripts/Menu/OptionsMenu.cs:28)
OptionsMenu.SetData () (at Assets/Scripts/Menu/OptionsMenu.cs:47)
OptionsMenu.OnEnable () (at Assets/Scripts/Menu/OptionsMenu.cs:14)

2020-07-26 21:48:14.4867 [ERROR] NullReferenceException: Object reference not set to an instance of an object
Movement.Start () (at Assets/Scripts/Movement.cs:102)

2020-07-26 21:48:15.8625 [DEBUG] Play mode: False
2020-07-26 21:50:40.3400 [DEBUG] Scene Fusion version 1.8.7-0
2020-07-26 21:50:43.5595 [DEBUG] Scene Fusion version 1.8.7-0
2020-07-26 21:50:43.6693 [DEBUG] Play mode: True, sync in play mode: False
2020-07-26 21:51:03.2930 [ERROR] NullReferenceException: Object reference not set to an instance of an object
OptionsMenu.SetEffectsVolume (System.Single vol) (at Assets/Scripts/Menu/OptionsMenu.cs:28)
OptionsMenu.SetData () (at Assets/Scripts/Menu/OptionsMenu.cs:47)
OptionsMenu.OnEnable () (at Assets/Scripts/Menu/OptionsMenu.cs:14)

2020-07-26 21:51:03.3951 [ERROR] NullReferenceException: Object reference not set to an instance of an object
Movement.Start () (at Assets/Scripts/Movement.cs:102)

2020-07-26 21:51:39.5203 [ERROR] NullReferenceException: Object reference not set to an instance of an object
OptionsMenu.SetEffectsVolume (System.Single vol) (at Assets/Scripts/Menu/OptionsMenu.cs:28)
OptionsMenu.SetData () (at Assets/Scripts/Menu/OptionsMenu.cs:47)
OptionsMenu.OnEnable () (at Assets/Scripts/Menu/OptionsMenu.cs:14)

2020-07-26 21:51:39.5828 [ERROR] NullReferenceException: Object reference not set to an instance of an object
Movement.Start () (at Assets/Scripts/Movement.cs:102)

2020-07-26 21:51:40.8947 [DEBUG] Play mode: False
2020-07-26 21:54:08.4300 [DEBUG] Scene Fusion version 1.8.7-0
2020-07-26 21:54:51.8713 [DEBUG] Scene Fusion version 1.8.7-0
2020-07-26 21:54:52.0138 [DEBUG] Play mode: True, sync in play mode: False
2020-07-26 21:55:11.2302 [ERROR] NullReferenceException: Object reference not set to an instance of an object
Movement.Start () (at Assets/Scripts/Movement.cs:102)

2020-07-26 21:55:41.0792 [DEBUG] Play mode: False
2020-07-26 22:00:18.3900 [DEBUG] Scene Fusion version 1.8.7-0
2020-07-26 22:00:27.4129 [DEBUG] Scene Fusion version 1.8.7-0
2020-07-26 22:00:27.5388 [DEBUG] Play mode: True, sync in play mode: False
2020-07-26 22:01:01.2710 [ERROR] NullReferenceException: Object reference not set to an instance of an object
Movement.Start () (at Assets/Scripts/Movement.cs:102)

2020-07-26 22:01:13.8195 [DEBUG] Play mode: False
2020-07-26 22:04:25.8182 [DEBUG] Scene Fusion version 1.8.7-0
2020-07-26 22:04:56.6141 [DEBUG] Scene Fusion version 1.8.7-0
2020-07-26 22:04:56.7341 [DEBUG] Play mode: True, sync in play mode: False
2020-07-26 22:05:15.4752 [ERROR] NullReferenceException: Object reference not set to an instance of an object
Movement.Start () (at Assets/Scripts/Movement.cs:102)

2020-07-26 22:05:36.6938 [ERROR] NullReferenceException: Object reference not set to an instance of an object
Movement.Start () (at Assets/Scripts/Movement.cs:102)

2020-07-26 22:05:37.4411 [DEBUG] Play mode: False
2020-07-26 22:07:45.2557 [DEBUG] Scene Fusion version 1.8.7-0
2020-07-26 22:08:07.6130 [DEBUG] Scene Fusion version 1.8.7-0
2020-07-26 22:08:11.8233 [DEBUG] Scene Fusion version 1.8.7-0
2020-07-26 22:08:11.9669 [DEBUG] Play mode: True, sync in play mode: False
2020-07-26 22:08:33.6263 [ERROR] NullReferenceException: Object reference not set to an instance of an object
Movement.Start () (at Assets/Scripts/Movement.cs:102)

2020-07-26 22:09:07.3674 [DEBUG] Play mode: False
2020-07-26 22:09:43.1919 [DEBUG] Scene Fusion version 1.8.7-0
2020-07-26 22:11:33.9681 [DEBUG] Scene Fusion version 1.8.7-0
2020-07-26 22:11:37.5476 [DEBUG] Scene Fusion version 1.8.7-0
2020-07-26 22:11:37.6979 [DEBUG] Play mode: True, sync in play mode: False
2020-07-26 22:11:56.5980 [ERROR] NullReferenceException: Object reference not set to an instance of an object
Movement.Start () (at Assets/Scripts/Movement.cs:102)

2020-07-26 22:13:02.4011 [DEBUG] Play mode: False
2020-07-26 22:13:39.3812 [DEBUG] Scene Fusion version 1.8.7-0
2020-07-26 22:13:39.5695 [DEBUG] Play mode: True, sync in play mode: False
2020-07-26 22:14:03.6555 [ERROR] UnassignedReferenceException: The variable Bossmap2 of Movement has not been assigned.
You probably need to assign the Bossmap2 variable of the Movement script in the inspector.
Movement.Start () (at Assets/Scripts/Movement.cs:104)

2020-07-26 22:14:34.1022 [DEBUG] Play mode: False
2020-07-26 22:15:07.4185 [DEBUG] Scene Fusion version 1.8.7-0
2020-07-26 22:15:11.6059 [DEBUG] Scene Fusion version 1.8.7-0
2020-07-26 22:15:11.7445 [DEBUG] Play mode: True, sync in play mode: False
2020-07-26 22:17:09.9631 [DEBUG] Play mode: False
2020-07-26 22:22:15.5223 [DEBUG] Scene Fusion version 1.8.7-0
2020-07-26 22:24:48.2754 [DEBUG] Scene Fusion version 1.8.7-0
2020-07-26 22:24:48.4669 [DEBUG] Play mode: True, sync in play mode: False
2020-07-26 22:34:24.5761 [DEBUG] Scene Fusion version 1.8.7-0
2020-07-26 22:36:58.8452 [DEBUG] Scene Fusion version 1.8.7-0
2020-07-26 22:37:08.6318 [DEBUG] Scene Fusion version 1.8.7-0
2020-07-26 22:37:08.7924 [DEBUG] Play mode: True, sync in play mode: False
2020-07-26 22:47:04.5922 [ERROR] NullReferenceException: Object reference not set to an instance of an object
Movement.Start () (at Assets/Scripts/Movement.cs:102)

2020-07-26 22:47:46.4160 [ERROR] NullReferenceException: Object reference not set to an instance of an object
Movement.Start () (at Assets/Scripts/Movement.cs:102)

2020-07-26 22:52:15.1483 [DEBUG] Scene Fusion version 1.8.7-0
2020-07-26 22:52:29.0565 [ERROR] NullReferenceException: Object reference not set to an instance of an object
Movement.Start () (at Assets/Scripts/Movement.cs:102)

2020-07-26 22:56:27.6012 [ERROR] ArgumentNullException: Value cannot be null.
Parameter name: source
UnityEngine.AudioSource.Play () (at <bc2876e8ff0b42a2a2a11b51f2b23c8a>:0)
DashReset.OnTriggerEnter2D (UnityEngine.Collider2D other) (at Assets/Scripts/Prefab/DashReset.cs:22)

2020-07-26 22:56:55.2019 [ERROR] ArgumentNullException: Value cannot be null.
Parameter name: source
UnityEngine.AudioSource.Play () (at <bc2876e8ff0b42a2a2a11b51f2b23c8a>:0)
DashReset.OnTriggerEnter2D (UnityEngine.Collider2D other) (at Assets/Scripts/Prefab/DashReset.cs:22)

2020-07-26 22:57:10.9925 [ERROR] NullReferenceException: Object reference not set to an instance of an object
Movement.Start () (at Assets/Scripts/Movement.cs:102)

2020-07-26 22:57:35.6390 [ERROR] NullReferenceException: Object reference not set to an instance of an object
Movement.Start () (at Assets/Scripts/Movement.cs:102)

2020-07-26 22:57:50.1043 [DEBUG] Play mode: False
2020-07-26 22:59:31.9494 [DEBUG] Scene Fusion version 1.8.7-0
2020-07-26 22:59:32.1260 [DEBUG] Play mode: True, sync in play mode: False
2020-07-26 22:59:36.4271 [ERROR] NullReferenceException: Object reference not set to an instance of an object
Movement.Start () (at Assets/Scripts/Movement.cs:102)

2020-07-26 22:59:55.2569 [ERROR] ArgumentNullException: Value cannot be null.
Parameter name: source
UnityEngine.AudioSource.Play () (at <bc2876e8ff0b42a2a2a11b51f2b23c8a>:0)
DashReset.OnTriggerEnter2D (UnityEngine.Collider2D other) (at Assets/Scripts/Prefab/DashReset.cs:22)

2020-07-26 23:00:00.7671 [DEBUG] Play mode: False
2020-07-26 23:01:31.4318 [DEBUG] Scene Fusion version 1.8.7-0
2020-07-26 23:01:31.5924 [DEBUG] Play mode: True, sync in play mode: False
2020-07-26 23:01:36.1096 [ERROR] NullReferenceException: Object reference not set to an instance of an object
Movement.Start () (at Assets/Scripts/Movement.cs:102)

2020-07-26 23:03:40.7338 [ERROR] NullReferenceException: Object reference not set to an instance of an object
Movement.Start () (at Assets/Scripts/Movement.cs:102)

2020-07-26 23:05:30.8254 [DEBUG] Scene Fusion version 1.8.7-0
2020-07-26 23:05:32.3729 [DEBUG] Play mode: False
2020-07-26 23:05:36.4558 [DEBUG] Scene Fusion version 1.8.7-0
2020-07-26 23:05:36.6153 [DEBUG] Play mode: True, sync in play mode: False
2020-07-26 23:05:41.7796 [ERROR] NullReferenceException: Object reference not set to an instance of an object
Movement.Start () (at Assets/Scripts/Movement.cs:102)

2020-07-26 23:05:55.7870 [DEBUG] Play mode: False
2020-07-26 23:07:03.2251 [DEBUG] Scene Fusion version 1.8.7-0
2020-07-26 23:07:03.3916 [DEBUG] Play mode: True, sync in play mode: False
2020-07-26 23:11:53.9718 [DEBUG] Play mode: False
2020-07-26 23:12:24.2137 [DEBUG] Scene Fusion version 1.8.7-0
2020-07-26 23:12:24.3757 [DEBUG] Play mode: True, sync in play mode: False
2020-07-26 23:13:46.5938 [DEBUG] Play mode: False
2020-07-26 23:14:14.9228 [DEBUG] Scene Fusion version 1.8.7-0
2020-07-26 23:14:15.0953 [DEBUG] Play mode: True, sync in play mode: False
2020-07-26 23:14:39.1370 [DEBUG] Play mode: False
2020-07-26 23:15:38.5145 [DEBUG] Scene Fusion version 1.8.7-0
2020-07-26 23:15:38.6721 [DEBUG] Play mode: True, sync in play mode: False
2020-07-26 23:16:44.2079 [DEBUG] Play mode: False
2020-07-26 23:17:25.5412 [DEBUG] Scene Fusion version 1.8.7-0
2020-07-26 23:17:25.7033 [DEBUG] Play mode: True, sync in play mode: False
2020-07-26 23:18:30.5944 [DEBUG] Play mode: False
2020-07-26 23:19:12.5929 [DEBUG] Scene Fusion version 1.8.7-0
2020-07-26 23:19:12.7575 [DEBUG] Play mode: True, sync in play mode: False
2020-07-26 23:24:31.2169 [DEBUG] Play mode: False
