2020-07-13 02:12:41.0580 [DEBUG] Scene Fusion version 1.8.7-0
2020-07-13 02:17:46.4176 [DEBUG] Scene Fusion version 1.8.7-0
2020-07-13 02:17:46.5775 [DEBUG] Play mode: True, sync in play mode: False
2020-07-13 02:17:50.3526 [DEBUG] Play mode: False
2020-07-13 02:17:53.2987 [DEBUG] Scene Fusion version 1.8.7-0
2020-07-13 02:17:53.5506 [DEBUG] Play mode: True, sync in play mode: False
2020-07-13 02:17:54.6393 [DEBUG] Play mode: False
2020-07-13 02:20:17.4303 [DEBUG] Scene Fusion version 1.8.7-0
2020-07-13 02:20:17.6036 [DEBUG] Play mode: True, sync in play mode: False
2020-07-13 02:21:15.1442 [DEBUG] Play mode: False
2020-07-13 02:22:20.8294 [DEBUG] Scene Fusion version 1.8.7-0
2020-07-13 02:22:21.0032 [DEBUG] Play mode: True, sync in play mode: False
2020-07-13 02:22:40.8323 [DEBUG] Play mode: False
2020-07-13 02:24:38.2116 [DEBUG] Scene Fusion version 1.8.7-0
2020-07-13 02:24:41.4136 [DEBUG] Scene Fusion version 1.8.7-0
2020-07-13 02:24:41.5678 [DEBUG] Play mode: True, sync in play mode: False
2020-07-13 02:25:59.4507 [DEBUG] Play mode: False
2020-07-13 02:27:03.0791 [DEBUG] Scene Fusion version 1.8.7-0
2020-07-13 02:27:06.7794 [DEBUG] Scene Fusion version 1.8.7-0
2020-07-13 02:27:06.9187 [DEBUG] Play mode: True, sync in play mode: False
2020-07-13 02:27:16.7776 [DEBUG] Play mode: False
2020-07-13 02:27:23.3700 [DEBUG] Scene Fusion version 1.8.7-0
2020-07-13 02:27:23.5350 [DEBUG] Play mode: True, sync in play mode: False
2020-07-13 02:27:56.6506 [DEBUG] Play mode: False
2020-07-13 02:28:29.6512 [DEBUG] Scene Fusion version 1.8.7-0
2020-07-13 02:28:29.8168 [DEBUG] Play mode: True, sync in play mode: False
2020-07-13 02:28:35.4418 [DEBUG] Play mode: False
2020-07-13 02:31:30.9348 [DEBUG] Scene Fusion version 1.8.7-0
2020-07-13 02:31:41.2696 [DEBUG] Scene Fusion version 1.8.7-0
2020-07-13 02:31:41.4213 [DEBUG] Play mode: True, sync in play mode: False
2020-07-13 02:31:59.3671 [DEBUG] Play mode: False
2020-07-13 02:32:55.5411 [DEBUG] Scene Fusion version 1.8.7-0
2020-07-13 02:33:03.3019 [DEBUG] Scene Fusion version 1.8.7-0
2020-07-13 02:33:03.4415 [DEBUG] Play mode: True, sync in play mode: False
2020-07-13 02:33:10.1806 [DEBUG] Play mode: False
2020-07-13 02:35:56.3010 [DEBUG] Scene Fusion version 1.8.7-0
2020-07-13 02:35:56.4650 [DEBUG] Play mode: True, sync in play mode: False
2020-07-13 02:36:02.3902 [DEBUG] Play mode: False
2020-07-13 02:36:23.6082 [DEBUG] Scene Fusion version 1.8.7-0
2020-07-13 02:36:23.7654 [DEBUG] Play mode: True, sync in play mode: False
2020-07-13 02:36:30.2533 [DEBUG] Play mode: False
2020-07-13 02:36:37.8302 [DEBUG] Scene Fusion version 1.8.7-0
2020-07-13 02:36:37.9986 [DEBUG] Play mode: True, sync in play mode: False
2020-07-13 02:36:41.9207 [DEBUG] Play mode: False
2020-07-13 02:37:21.5241 [DEBUG] Scene Fusion version 1.8.7-0
2020-07-13 02:37:21.7049 [DEBUG] Play mode: True, sync in play mode: False
2020-07-13 02:37:25.1024 [DEBUG] Play mode: False
2020-07-13 02:37:34.5228 [DEBUG] Scene Fusion version 1.8.7-0
2020-07-13 02:37:34.6807 [DEBUG] Play mode: True, sync in play mode: False
2020-07-13 02:37:39.2707 [DEBUG] Play mode: False
2020-07-13 02:37:48.5051 [DEBUG] Scene Fusion version 1.8.7-0
2020-07-13 02:37:48.6680 [DEBUG] Play mode: True, sync in play mode: False
2020-07-13 02:37:51.6733 [DEBUG] Play mode: False
2020-07-13 02:38:40.6291 [DEBUG] Scene Fusion version 1.8.7-0
2020-07-13 02:38:40.8126 [DEBUG] Play mode: True, sync in play mode: False
2020-07-13 02:40:04.1374 [DEBUG] Play mode: False
2020-07-13 02:40:10.9403 [DEBUG] Scene Fusion version 1.8.7-0
2020-07-13 02:40:11.1062 [DEBUG] Play mode: True, sync in play mode: False
2020-07-13 02:40:25.7737 [DEBUG] Play mode: False
2020-07-13 02:40:37.0517 [DEBUG] Scene Fusion version 1.8.7-0
2020-07-13 02:40:37.2500 [DEBUG] Play mode: True, sync in play mode: False
2020-07-13 02:41:02.9761 [DEBUG] Play mode: False
2020-07-13 02:41:30.1531 [DEBUG] Scene Fusion version 1.8.7-0
2020-07-13 02:41:30.3180 [DEBUG] Play mode: True, sync in play mode: False
2020-07-13 02:41:46.5130 [DEBUG] Play mode: False
2020-07-13 02:59:00.5195 [DEBUG] Scene Fusion version 1.8.7-0
2020-07-13 02:59:00.6952 [DEBUG] Play mode: True, sync in play mode: False
2020-07-13 02:59:18.0285 [DEBUG] Play mode: False
2020-07-13 02:59:37.5241 [DEBUG] Scene Fusion version 1.8.7-0
2020-07-13 02:59:37.6932 [DEBUG] Play mode: True, sync in play mode: False
2020-07-13 02:59:43.2065 [DEBUG] Play mode: False
2020-07-13 02:59:52.8854 [DEBUG] Scene Fusion version 1.8.7-0
2020-07-13 02:59:53.0518 [DEBUG] Play mode: True, sync in play mode: False
2020-07-13 03:00:03.9196 [DEBUG] Play mode: False
2020-07-13 03:00:15.7697 [DEBUG] Scene Fusion version 1.8.7-0
2020-07-13 03:00:15.9345 [DEBUG] Play mode: True, sync in play mode: False
2020-07-13 03:00:24.9745 [DEBUG] Play mode: False
2020-07-13 03:00:54.4685 [DEBUG] Scene Fusion version 1.8.7-0
2020-07-13 03:00:54.6335 [DEBUG] Play mode: True, sync in play mode: False
2020-07-13 03:01:01.5721 [DEBUG] Play mode: False
2020-07-13 03:02:40.3942 [DEBUG] Scene Fusion version 1.8.7-0
2020-07-13 03:02:40.5554 [DEBUG] Play mode: True, sync in play mode: False
2020-07-13 03:02:51.1511 [DEBUG] Play mode: False
2020-07-13 03:03:38.1878 [DEBUG] Scene Fusion version 1.8.7-0
2020-07-13 03:03:38.3449 [DEBUG] Play mode: True, sync in play mode: False
2020-07-13 03:03:40.0725 [DEBUG] Play mode: False
2020-07-13 03:03:43.7688 [DEBUG] Scene Fusion version 1.8.7-0
2020-07-13 03:03:43.9255 [DEBUG] Play mode: True, sync in play mode: False
2020-07-13 03:03:48.9800 [DEBUG] Play mode: False
2020-07-13 03:04:01.6577 [DEBUG] Scene Fusion version 1.8.7-0
2020-07-13 03:04:01.8188 [DEBUG] Play mode: True, sync in play mode: False
2020-07-13 03:04:16.6544 [DEBUG] Play mode: False
2020-07-13 03:04:23.8587 [DEBUG] Scene Fusion version 1.8.7-0
2020-07-13 03:04:24.0284 [DEBUG] Play mode: True, sync in play mode: False
2020-07-13 03:04:26.9688 [DEBUG] Play mode: False
2020-07-13 03:04:45.6363 [DEBUG] Scene Fusion version 1.8.7-0
2020-07-13 03:04:45.7960 [DEBUG] Play mode: True, sync in play mode: False
2020-07-13 03:04:57.3123 [DEBUG] Play mode: False
2020-07-13 03:05:04.1519 [DEBUG] Scene Fusion version 1.8.7-0
2020-07-13 03:05:04.3139 [DEBUG] Play mode: True, sync in play mode: False
2020-07-13 03:05:08.3012 [DEBUG] Play mode: False
2020-07-13 03:24:11.6337 [DEBUG] Scene Fusion version 1.8.7-0
2020-07-13 03:24:11.8013 [DEBUG] Play mode: True, sync in play mode: False
2020-07-13 03:24:24.6376 [DEBUG] Play mode: False
2020-07-13 03:24:40.4299 [DEBUG] Scene Fusion version 1.8.7-0
2020-07-13 03:24:40.5857 [DEBUG] Play mode: True, sync in play mode: False
2020-07-13 03:24:43.2660 [DEBUG] Play mode: False
2020-07-13 03:24:47.9676 [DEBUG] Scene Fusion version 1.8.7-0
2020-07-13 03:24:48.1301 [DEBUG] Play mode: True, sync in play mode: False
2020-07-13 03:24:48.4334 [DEBUG] Play mode: False
2020-07-13 03:24:51.1399 [DEBUG] Scene Fusion version 1.8.7-0
2020-07-13 03:24:51.3040 [DEBUG] Play mode: True, sync in play mode: False
2020-07-13 03:24:53.7607 [DEBUG] Play mode: False
2020-07-13 03:25:00.6394 [DEBUG] Scene Fusion version 1.8.7-0
2020-07-13 03:25:00.8131 [DEBUG] Play mode: True, sync in play mode: False
2020-07-13 03:25:18.9250 [DEBUG] Play mode: False
2020-07-13 03:25:26.3689 [DEBUG] Scene Fusion version 1.8.7-0
2020-07-13 03:25:26.5348 [DEBUG] Play mode: True, sync in play mode: False
2020-07-13 03:25:29.3159 [DEBUG] Play mode: False
2020-07-13 03:26:03.7793 [DEBUG] Scene Fusion version 1.8.7-0
2020-07-13 03:26:03.9395 [DEBUG] Play mode: True, sync in play mode: False
2020-07-13 03:26:29.8059 [DEBUG] Play mode: False
2020-07-13 03:26:47.4279 [DEBUG] Scene Fusion version 1.8.7-0
2020-07-13 03:26:47.5879 [DEBUG] Play mode: True, sync in play mode: False
2020-07-13 03:26:52.0075 [DEBUG] Play mode: False
2020-07-13 03:27:01.1265 [DEBUG] Scene Fusion version 1.8.7-0
2020-07-13 03:27:01.3062 [DEBUG] Play mode: True, sync in play mode: False
2020-07-13 03:27:47.6098 [DEBUG] Play mode: False
2020-07-13 03:27:53.2389 [DEBUG] Scene Fusion version 1.8.7-0
2020-07-13 03:27:53.4001 [DEBUG] Play mode: True, sync in play mode: False
2020-07-13 03:27:55.0149 [DEBUG] Play mode: False
2020-07-13 03:28:10.9207 [DEBUG] Scene Fusion version 1.8.7-0
2020-07-13 03:28:11.0873 [DEBUG] Play mode: True, sync in play mode: False
2020-07-13 03:29:06.4989 [DEBUG] Play mode: False
2020-07-13 03:30:09.9172 [DEBUG] Scene Fusion version 1.8.7-0
2020-07-13 03:30:10.0769 [DEBUG] Play mode: True, sync in play mode: False
2020-07-13 03:30:17.9592 [DEBUG] Play mode: False
2020-07-13 03:32:14.5714 [DEBUG] Scene Fusion version 1.8.7-0
2020-07-13 03:32:14.7436 [DEBUG] Play mode: True, sync in play mode: False
2020-07-13 03:32:20.8704 [DEBUG] Play mode: False
2020-07-13 03:33:37.9066 [DEBUG] Scene Fusion version 1.8.7-0
2020-07-13 03:33:38.0686 [DEBUG] Play mode: True, sync in play mode: False
2020-07-13 03:33:43.2415 [DEBUG] Play mode: False
2020-07-13 03:33:54.3572 [DEBUG] Scene Fusion version 1.8.7-0
2020-07-13 03:33:54.5187 [DEBUG] Play mode: True, sync in play mode: False
2020-07-13 03:34:47.1202 [DEBUG] Play mode: False
2020-07-13 03:35:24.1683 [DEBUG] Scene Fusion version 1.8.7-0
2020-07-13 03:35:24.3312 [DEBUG] Play mode: True, sync in play mode: False
2020-07-13 03:35:48.0199 [DEBUG] Play mode: False
2020-07-13 03:36:28.1884 [DEBUG] Scene Fusion version 1.8.7-0
2020-07-13 03:36:28.3617 [DEBUG] Play mode: True, sync in play mode: False
2020-07-13 03:36:49.0677 [DEBUG] Play mode: False
2020-07-13 03:37:59.3557 [DEBUG] Scene Fusion version 1.8.7-0
2020-07-13 03:37:59.5323 [DEBUG] Play mode: True, sync in play mode: False
2020-07-13 03:38:19.3254 [DEBUG] Play mode: False
2020-07-13 03:38:27.7792 [DEBUG] Scene Fusion version 1.8.7-0
2020-07-13 03:38:27.9422 [DEBUG] Play mode: True, sync in play mode: False
2020-07-13 03:38:31.0963 [DEBUG] Play mode: False
2020-07-13 03:38:33.9694 [DEBUG] Scene Fusion version 1.8.7-0
2020-07-13 03:38:34.1368 [DEBUG] Play mode: True, sync in play mode: False
2020-07-13 03:38:53.8589 [DEBUG] Play mode: False
2020-07-13 03:39:55.3494 [DEBUG] Scene Fusion version 1.8.7-0
2020-07-13 03:39:55.5178 [DEBUG] Play mode: True, sync in play mode: False
2020-07-13 03:39:57.1411 [DEBUG] Play mode: False
2020-07-13 03:40:00.6359 [DEBUG] Scene Fusion version 1.8.7-0
2020-07-13 03:40:00.8154 [DEBUG] Play mode: True, sync in play mode: False
2020-07-13 03:40:39.0880 [ERROR] NullReferenceException: Object reference not set to an instance of an object
Movement.Dash (System.Single x, System.Single y) (at Assets/Scripts/Movement.cs:380)
Movement.Update () (at Assets/Scripts/Movement.cs:233)

2020-07-13 03:41:51.3811 [DEBUG] Play mode: False
2020-07-13 03:42:08.8938 [DEBUG] Scene Fusion version 1.8.7-0
2020-07-13 03:42:09.0661 [DEBUG] Play mode: True, sync in play mode: False
2020-07-13 03:42:19.0293 [DEBUG] Play mode: False
2020-07-13 03:42:22.3014 [DEBUG] Scene Fusion version 1.8.7-0
2020-07-13 03:42:22.4714 [DEBUG] Play mode: True, sync in play mode: False
2020-07-13 03:42:24.6404 [DEBUG] Play mode: False
2020-07-13 03:42:27.6380 [DEBUG] Scene Fusion version 1.8.7-0
2020-07-13 03:42:27.8044 [DEBUG] Play mode: True, sync in play mode: False
2020-07-13 03:42:29.6962 [DEBUG] Play mode: False
2020-07-13 03:42:32.6172 [DEBUG] Scene Fusion version 1.8.7-0
2020-07-13 03:42:32.7754 [DEBUG] Play mode: True, sync in play mode: False
2020-07-13 03:42:34.6420 [DEBUG] Play mode: False
2020-07-13 03:42:40.9026 [DEBUG] Scene Fusion version 1.8.7-0
2020-07-13 03:42:41.0763 [DEBUG] Play mode: True, sync in play mode: False
2020-07-13 03:42:42.8261 [DEBUG] Play mode: False
2020-07-13 03:42:49.1216 [DEBUG] Scene Fusion version 1.8.7-0
2020-07-13 03:42:49.2939 [DEBUG] Play mode: True, sync in play mode: False
2020-07-13 03:42:50.9749 [DEBUG] Play mode: False
2020-07-13 03:42:57.8780 [DEBUG] Scene Fusion version 1.8.7-0
2020-07-13 03:42:58.0542 [DEBUG] Play mode: True, sync in play mode: False
2020-07-13 03:43:03.1377 [DEBUG] Play mode: False
2020-07-13 03:43:06.0515 [DEBUG] Scene Fusion version 1.8.7-0
2020-07-13 03:43:06.2327 [DEBUG] Play mode: True, sync in play mode: False
2020-07-13 03:43:12.5030 [DEBUG] Play mode: False
2020-07-13 04:02:58.8009 [DEBUG] Scene Fusion version 1.8.7-0
2020-07-13 04:02:58.9580 [DEBUG] Play mode: True, sync in play mode: False
2020-07-13 04:03:11.3299 [DEBUG] Play mode: False
2020-07-13 04:27:53.8155 [DEBUG] Scene Fusion version 1.8.7-0
2020-07-13 04:27:53.9775 [DEBUG] Play mode: True, sync in play mode: False
2020-07-13 04:28:06.0581 [DEBUG] Play mode: False
2020-07-13 04:28:08.5609 [DEBUG] Scene Fusion version 1.8.7-0
2020-07-13 04:28:08.7130 [DEBUG] Play mode: True, sync in play mode: False
2020-07-13 04:28:10.5719 [DEBUG] Play mode: False
2020-07-13 04:35:56.2076 [DEBUG] Scene Fusion version 1.8.7-0
2020-07-13 04:35:56.3615 [DEBUG] Play mode: True, sync in play mode: False
2020-07-13 04:36:29.6758 [DEBUG] Play mode: False
2020-07-13 04:51:48.9470 [DEBUG] Scene Fusion version 1.8.7-0
2020-07-13 04:51:49.0857 [DEBUG] Play mode: True, sync in play mode: False
2020-07-13 04:52:02.8620 [DEBUG] Play mode: False
2020-07-13 04:53:05.9268 [DEBUG] Scene Fusion version 1.8.7-0
2020-07-13 04:53:06.0675 [DEBUG] Play mode: True, sync in play mode: False
2020-07-13 04:53:14.4147 [DEBUG] Play mode: False
2020-07-13 04:53:17.1566 [DEBUG] Scene Fusion version 1.8.7-0
2020-07-13 04:53:17.2972 [DEBUG] Play mode: True, sync in play mode: False
2020-07-13 04:53:39.7437 [DEBUG] Play mode: False
2020-07-13 04:54:01.8231 [DEBUG] Scene Fusion version 1.8.7-0
2020-07-13 04:54:01.9737 [DEBUG] Play mode: True, sync in play mode: False
2020-07-13 04:54:35.9161 [ERROR] UnassignedReferenceException: The variable spikeCheckpoint of KillPlayer has not been assigned.
You probably need to assign the spikeCheckpoint variable of the KillPlayer script in the inspector.
KillPlayer+<RespawnPlayer>d__5.MoveNext () (at Assets/Scripts/Prefab/KillPlayer.cs:38)
UnityEngine.SetupCoroutine.InvokeMoveNext (System.Collections.IEnumerator enumerator, System.IntPtr returnValueAddress) (at <e98ed0368295432e8c11e52d6243ee11>:0)

2020-07-13 04:54:40.4230 [DEBUG] Play mode: False
2020-07-13 04:55:04.1880 [DEBUG] Scene Fusion version 1.8.7-0
2020-07-13 04:55:04.3416 [DEBUG] Play mode: True, sync in play mode: False
2020-07-13 04:58:31.9720 [DEBUG] Play mode: False
2020-07-13 04:59:01.9676 [DEBUG] Scene Fusion version 1.8.7-0
2020-07-13 04:59:02.1182 [DEBUG] Play mode: True, sync in play mode: False
2020-07-13 04:59:02.3805 [DEBUG] Play mode: False
2020-07-13 04:59:14.3447 [DEBUG] Scene Fusion version 1.8.7-0
2020-07-13 04:59:14.5032 [DEBUG] Play mode: True, sync in play mode: False
2020-07-13 04:59:22.9287 [DEBUG] Play mode: False
2020-07-13 04:59:26.4559 [DEBUG] Scene Fusion version 1.8.7-0
2020-07-13 04:59:26.5667 [DEBUG] Play mode: True, sync in play mode: False
2020-07-13 04:59:51.2056 [DEBUG] Play mode: False
2020-07-13 05:00:22.5462 [DEBUG] Scene Fusion version 1.8.7-0
2020-07-13 05:00:22.6579 [DEBUG] Play mode: True, sync in play mode: False
2020-07-13 05:00:49.6299 [DEBUG] Play mode: False
2020-07-13 05:01:03.2623 [DEBUG] Scene Fusion version 1.8.7-0
2020-07-13 05:01:03.3730 [DEBUG] Play mode: True, sync in play mode: False
2020-07-13 05:02:11.8400 [DEBUG] Play mode: False
2020-07-13 05:03:47.3732 [DEBUG] Scene Fusion version 1.8.7-0
2020-07-13 05:03:47.4879 [DEBUG] Play mode: True, sync in play mode: False
2020-07-13 05:04:18.8241 [DEBUG] Play mode: False
2020-07-13 05:04:42.5317 [DEBUG] Scene Fusion version 1.8.7-0
2020-07-13 05:04:42.6394 [DEBUG] Play mode: True, sync in play mode: False
2020-07-13 05:05:31.7253 [DEBUG] Play mode: False
2020-07-13 05:07:06.0806 [DEBUG] Scene Fusion version 1.8.7-0
2020-07-13 05:07:10.3297 [DEBUG] Scene Fusion version 1.8.7-0
2020-07-13 05:07:10.4145 [DEBUG] Play mode: True, sync in play mode: False
2020-07-13 05:07:18.5531 [DEBUG] Play mode: False
2020-07-13 05:07:35.8103 [DEBUG] Scene Fusion version 1.8.7-0
2020-07-13 05:10:16.3304 [DEBUG] Scene Fusion version 1.8.7-0
2020-07-13 05:10:19.4667 [DEBUG] Scene Fusion version 1.8.7-0
2020-07-13 05:10:19.5635 [DEBUG] Play mode: True, sync in play mode: False
2020-07-13 05:10:59.6200 [DEBUG] Play mode: False
2020-07-13 05:13:15.6092 [DEBUG] Scene Fusion version 1.8.7-0
2020-07-13 05:13:15.7199 [DEBUG] Play mode: True, sync in play mode: False
2020-07-13 05:13:22.0148 [DEBUG] Play mode: False
2020-07-13 05:13:29.2869 [DEBUG] Scene Fusion version 1.8.7-0
2020-07-13 05:13:29.4026 [DEBUG] Play mode: True, sync in play mode: False
2020-07-13 05:13:36.2242 [DEBUG] Play mode: False
