2020-06-19 00:46:09.1796 [DEBUG] Scene Fusion version 1.8.7-0
2020-06-19 00:46:09.3465 [DEBUG] Play mode: True, sync in play mode: False
2020-06-19 00:46:18.5014 [DEBUG] Play mode: False
2020-06-19 00:47:24.0906 [DEBUG] Scene Fusion version 1.8.7-0
2020-06-19 00:47:24.2458 [DEBUG] Play mode: True, sync in play mode: False
2020-06-19 00:47:37.5175 [DEBUG] Play mode: False
2020-06-19 00:48:09.0312 [DEBUG] Scene Fusion version 1.8.7-0
2020-06-19 00:48:09.1951 [DEBUG] Play mode: True, sync in play mode: False
2020-06-19 00:48:52.7586 [DEBUG] Play mode: False
2020-06-19 00:51:15.4933 [DEBUG] Scene Fusion version 1.8.7-0
2020-06-19 00:51:18.7441 [DEBUG] Scene Fusion version 1.8.7-0
2020-06-19 00:51:18.8986 [DEBUG] Play mode: True, sync in play mode: False
2020-06-19 00:51:19.1436 [DEBUG] Play mode: False
2020-06-19 00:51:24.5544 [DEBUG] Scene Fusion version 1.8.7-0
2020-06-19 00:51:24.7163 [DEBUG] Play mode: True, sync in play mode: False
2020-06-19 00:51:53.6817 [DEBUG] Play mode: False
2020-06-19 00:53:51.5340 [DEBUG] Scene Fusion version 1.8.7-0
2020-06-19 00:53:54.7638 [DEBUG] Scene Fusion version 1.8.7-0
2020-06-19 00:53:54.9043 [DEBUG] Play mode: True, sync in play mode: False
2020-06-19 00:54:03.5935 [DEBUG] Play mode: False
2020-06-19 00:54:06.2458 [DEBUG] Scene Fusion version 1.8.7-0
2020-06-19 00:54:06.3932 [DEBUG] Play mode: True, sync in play mode: False
2020-06-19 00:54:28.5025 [DEBUG] Play mode: False
2020-06-19 00:57:05.3164 [DEBUG] Scene Fusion version 1.8.7-0
2020-06-19 00:57:05.4794 [DEBUG] Play mode: True, sync in play mode: False
2020-06-19 00:57:19.9943 [DEBUG] Play mode: False
2020-06-19 00:57:49.3411 [DEBUG] Scene Fusion version 1.8.7-0
2020-06-19 00:57:49.4943 [DEBUG] Play mode: True, sync in play mode: False
2020-06-19 00:58:14.0960 [DEBUG] Play mode: False
2020-06-19 01:07:07.9017 [DEBUG] Scene Fusion version 1.8.7-0
2020-06-19 01:07:08.0653 [DEBUG] Play mode: True, sync in play mode: False
2020-06-19 01:07:53.4178 [DEBUG] Play mode: False
2020-06-19 01:29:09.3593 [DEBUG] Scene Fusion version 1.8.7-0
2020-06-19 01:29:09.5116 [DEBUG] Play mode: True, sync in play mode: False
2020-06-19 01:29:39.6065 [DEBUG] Play mode: False
2020-06-19 01:29:43.2327 [DEBUG] Scene Fusion version 1.8.7-0
2020-06-19 01:29:43.3820 [DEBUG] Play mode: True, sync in play mode: False
2020-06-19 01:29:44.1701 [DEBUG] Play mode: False
2020-06-19 01:30:30.3073 [DEBUG] Scene Fusion version 1.8.7-0
2020-06-19 01:30:30.4654 [DEBUG] Play mode: True, sync in play mode: False
2020-06-19 01:31:29.3780 [DEBUG] Play mode: False
2020-06-19 01:34:16.9762 [DEBUG] Scene Fusion version 1.8.7-0
2020-06-19 01:34:17.1274 [DEBUG] Play mode: True, sync in play mode: False
2020-06-19 01:34:33.6392 [DEBUG] Play mode: False
2020-06-19 01:59:56.1415 [DEBUG] Scene Fusion version 1.8.7-0
2020-06-19 01:59:56.3025 [DEBUG] Play mode: True, sync in play mode: False
2020-06-19 02:00:11.1549 [DEBUG] Play mode: False
2020-06-19 02:00:29.2926 [DEBUG] Scene Fusion version 1.8.7-0
2020-06-19 02:00:29.4491 [DEBUG] Play mode: True, sync in play mode: False
2020-06-19 02:00:39.3958 [DEBUG] Play mode: False
2020-06-19 02:02:39.6185 [DEBUG] Scene Fusion version 1.8.7-0
2020-06-19 02:02:39.7581 [DEBUG] Play mode: True, sync in play mode: False
2020-06-19 02:02:53.4118 [DEBUG] Play mode: False
2020-06-19 02:04:05.1598 [DEBUG] Scene Fusion version 1.8.7-0
2020-06-19 02:04:05.3092 [DEBUG] Play mode: True, sync in play mode: False
2020-06-19 02:04:32.7894 [DEBUG] Play mode: False
2020-06-19 02:31:36.8425 [DEBUG] Scene Fusion version 1.8.7-0
2020-06-19 02:39:23.6153 [DEBUG] Scene Fusion version 1.8.7-0
2020-06-19 02:39:23.7772 [DEBUG] Play mode: True, sync in play mode: False
2020-06-19 02:39:32.4780 [DEBUG] Play mode: False
2020-06-19 02:40:04.6491 [DEBUG] Scene Fusion version 1.8.7-0
2020-06-19 02:40:04.8326 [DEBUG] Play mode: True, sync in play mode: False
2020-06-19 02:40:14.4303 [DEBUG] Play mode: False
2020-06-19 02:40:17.3465 [DEBUG] Scene Fusion version 1.8.7-0
2020-06-19 02:40:17.5261 [DEBUG] Play mode: True, sync in play mode: False
2020-06-19 02:40:22.3817 [DEBUG] Play mode: False
2020-06-19 02:43:54.5396 [DEBUG] Scene Fusion version 1.8.7-0
2020-06-19 02:43:54.7198 [DEBUG] Play mode: True, sync in play mode: False
2020-06-19 02:44:00.7751 [DEBUG] Play mode: False
2020-06-19 02:53:41.8781 [DEBUG] Scene Fusion version 1.8.7-0
2020-06-19 02:57:46.2342 [DEBUG] Scene Fusion version 1.8.7-0
2020-06-19 02:57:57.7268 [DEBUG] Scene Fusion version 1.8.7-0
2020-06-19 02:58:06.1527 [DEBUG] Scene Fusion version 1.8.7-0
2020-06-19 03:04:23.5587 [DEBUG] Scene Fusion version 1.8.7-0
2020-06-19 03:06:56.7341 [DEBUG] Scene Fusion version 1.8.7-0
2020-06-19 03:06:56.8626 [DEBUG] Play mode: True, sync in play mode: False
2020-06-19 03:07:10.8510 [DEBUG] Play mode: False
2020-06-19 03:15:10.4473 [DEBUG] Scene Fusion version 1.8.7-0
2020-06-19 03:15:10.6093 [DEBUG] Play mode: True, sync in play mode: False
2020-06-19 03:15:15.3827 [DEBUG] Play mode: False
2020-06-19 03:15:17.9736 [DEBUG] Scene Fusion version 1.8.7-0
2020-06-19 03:15:18.1405 [DEBUG] Play mode: True, sync in play mode: False
2020-06-19 03:15:25.6458 [DEBUG] Play mode: False
2020-06-19 18:27:54.3005 [DEBUG] Scene Fusion version 1.8.7-0
2020-06-19 18:29:15.2069 [DEBUG] Scene Fusion version 1.8.7-0
2020-06-19 18:29:15.3601 [DEBUG] Play mode: True, sync in play mode: False
2020-06-19 18:29:16.7350 [DEBUG] Play mode: False
2020-06-19 18:45:45.8743 [DEBUG] Scene Fusion version 1.8.7-0
2020-06-19 18:48:30.2947 [DEBUG] Scene Fusion version 1.8.7-0
2020-06-19 18:48:30.4694 [DEBUG] Play mode: True, sync in play mode: False
2020-06-19 18:51:05.5909 [DEBUG] Play mode: False
2020-06-19 18:58:09.9905 [DEBUG] Scene Fusion version 1.8.7-0
2020-06-19 18:58:10.1570 [DEBUG] Play mode: True, sync in play mode: False
2020-06-19 18:58:22.1503 [DEBUG] Play mode: False
2020-06-19 19:05:06.3154 [DEBUG] Scene Fusion version 1.8.7-0
2020-06-19 19:05:11.4610 [DEBUG] Scene Fusion version 1.8.7-0
2020-06-19 19:05:11.5986 [DEBUG] Play mode: True, sync in play mode: False
2020-06-19 19:05:17.0269 [ERROR] NullReferenceException: Object reference not set to an instance of an object
Movement.Jump (UnityEngine.Vector2 dir, System.Boolean wall) (at Assets/Scripts/Movement.cs:226)
Movement.Update () (at Assets/Scripts/Movement.cs:151)

2020-06-19 19:05:19.0896 [ERROR] NullReferenceException: Object reference not set to an instance of an object
Movement.Jump (UnityEngine.Vector2 dir, System.Boolean wall) (at Assets/Scripts/Movement.cs:226)
Movement.Update () (at Assets/Scripts/Movement.cs:151)

2020-06-19 19:05:19.7484 [ERROR] NullReferenceException: Object reference not set to an instance of an object
Movement.Jump (UnityEngine.Vector2 dir, System.Boolean wall) (at Assets/Scripts/Movement.cs:226)
Movement.Update () (at Assets/Scripts/Movement.cs:151)

2020-06-19 19:05:20.1993 [ERROR] NullReferenceException: Object reference not set to an instance of an object
Movement.Jump (UnityEngine.Vector2 dir, System.Boolean wall) (at Assets/Scripts/Movement.cs:226)
Movement.Update () (at Assets/Scripts/Movement.cs:151)

2020-06-19 19:05:25.2859 [DEBUG] Play mode: False
2020-06-19 19:05:44.0106 [DEBUG] Scene Fusion version 1.8.7-0
2020-06-19 19:05:48.3282 [DEBUG] Scene Fusion version 1.8.7-0
2020-06-19 19:05:48.4639 [DEBUG] Play mode: True, sync in play mode: False
2020-06-19 19:05:52.9195 [ERROR] NullReferenceException: Object reference not set to an instance of an object
Movement.Jump (UnityEngine.Vector2 dir, System.Boolean wall) (at Assets/Scripts/Movement.cs:226)
Movement.Update () (at Assets/Scripts/Movement.cs:151)

2020-06-19 19:05:55.9198 [DEBUG] Play mode: False
2020-06-19 19:06:16.7271 [DEBUG] Scene Fusion version 1.8.7-0
2020-06-19 19:06:50.0898 [DEBUG] Scene Fusion version 1.8.7-0
2020-06-19 19:06:50.2323 [DEBUG] Play mode: True, sync in play mode: False
2020-06-19 19:06:52.2371 [ERROR] NullReferenceException: Object reference not set to an instance of an object
Movement.Jump (UnityEngine.Vector2 dir, System.Boolean wall) (at Assets/Scripts/Movement.cs:226)
Movement.Update () (at Assets/Scripts/Movement.cs:151)

2020-06-19 19:07:00.8845 [DEBUG] Play mode: False
2020-06-19 19:07:51.4694 [DEBUG] Scene Fusion version 1.8.7-0
2020-06-19 19:07:56.7516 [DEBUG] Scene Fusion version 1.8.7-0
2020-06-19 19:07:56.8863 [DEBUG] Play mode: True, sync in play mode: False
2020-06-19 19:08:01.4102 [ERROR] NullReferenceException: Object reference not set to an instance of an object
Movement.Jump (UnityEngine.Vector2 dir, System.Boolean wall) (at Assets/Scripts/Movement.cs:226)
Movement.Update () (at Assets/Scripts/Movement.cs:151)

2020-06-19 19:08:02.4843 [ERROR] NullReferenceException: Object reference not set to an instance of an object
Movement.Jump (UnityEngine.Vector2 dir, System.Boolean wall) (at Assets/Scripts/Movement.cs:226)
Movement.Update () (at Assets/Scripts/Movement.cs:151)

2020-06-19 19:08:04.8618 [ERROR] NullReferenceException: Object reference not set to an instance of an object
Movement.Jump (UnityEngine.Vector2 dir, System.Boolean wall) (at Assets/Scripts/Movement.cs:226)
Movement.Update () (at Assets/Scripts/Movement.cs:151)

2020-06-19 19:08:05.3734 [ERROR] NullReferenceException: Object reference not set to an instance of an object
Movement.Jump (UnityEngine.Vector2 dir, System.Boolean wall) (at Assets/Scripts/Movement.cs:226)
Movement.Update () (at Assets/Scripts/Movement.cs:151)

2020-06-19 19:08:05.8560 [ERROR] NullReferenceException: Object reference not set to an instance of an object
Movement.Jump (UnityEngine.Vector2 dir, System.Boolean wall) (at Assets/Scripts/Movement.cs:226)
Movement.Update () (at Assets/Scripts/Movement.cs:151)

2020-06-19 19:08:08.0350 [DEBUG] Play mode: False
2020-06-19 19:08:11.2391 [DEBUG] Scene Fusion version 1.8.7-0
2020-06-19 19:08:11.4217 [DEBUG] Play mode: True, sync in play mode: False
2020-06-19 19:08:40.6724 [DEBUG] Play mode: False
2020-06-19 19:09:19.9488 [DEBUG] Scene Fusion version 1.8.7-0
2020-06-19 19:09:20.1128 [DEBUG] Play mode: True, sync in play mode: False
2020-06-19 19:09:23.2846 [ERROR] NullReferenceException: Object reference not set to an instance of an object
Movement.Jump (UnityEngine.Vector2 dir, System.Boolean wall) (at Assets/Scripts/Movement.cs:226)
Movement.Update () (at Assets/Scripts/Movement.cs:151)

2020-06-19 19:09:36.4721 [DEBUG] Play mode: False
2020-06-19 19:11:50.6822 [DEBUG] Scene Fusion version 1.8.7-0
2020-06-19 19:11:50.8744 [DEBUG] Play mode: True, sync in play mode: False
2020-06-19 19:12:13.3506 [ERROR] NullReferenceException: Object reference not set to an instance of an object
Movement.Jump (UnityEngine.Vector2 dir, System.Boolean wall) (at Assets/Scripts/Movement.cs:226)
Movement.Update () (at Assets/Scripts/Movement.cs:151)

2020-06-19 19:12:13.5838 [ERROR] NullReferenceException: Object reference not set to an instance of an object
Movement.Jump (UnityEngine.Vector2 dir, System.Boolean wall) (at Assets/Scripts/Movement.cs:226)
Movement.Update () (at Assets/Scripts/Movement.cs:151)

2020-06-19 19:12:13.7654 [ERROR] NullReferenceException: Object reference not set to an instance of an object
Movement.Jump (UnityEngine.Vector2 dir, System.Boolean wall) (at Assets/Scripts/Movement.cs:226)
Movement.Update () (at Assets/Scripts/Movement.cs:151)

2020-06-19 19:12:13.9820 [ERROR] NullReferenceException: Object reference not set to an instance of an object
Movement.Jump (UnityEngine.Vector2 dir, System.Boolean wall) (at Assets/Scripts/Movement.cs:226)
Movement.Update () (at Assets/Scripts/Movement.cs:151)

2020-06-19 19:12:17.1745 [DEBUG] Play mode: False
2020-06-19 19:37:38.0425 [DEBUG] Scene Fusion version 1.8.7-0
2020-06-19 19:37:50.3179 [DEBUG] Scene Fusion version 1.8.7-0
2020-06-19 19:37:50.4745 [DEBUG] Play mode: True, sync in play mode: False
2020-06-19 19:38:15.8997 [DEBUG] Play mode: False
2020-06-19 19:38:25.9123 [DEBUG] Scene Fusion version 1.8.7-0
2020-06-19 19:39:41.4297 [DEBUG] Scene Fusion version 1.8.7-0
2020-06-19 19:39:47.8751 [DEBUG] Scene Fusion version 1.8.7-0
2020-06-19 19:39:48.4763 [DEBUG] Play mode: True, sync in play mode: False
2020-06-19 19:40:48.2948 [ERROR] NullReferenceException: Object reference not set to an instance of an object
Movement.Jump (UnityEngine.Vector2 dir, System.Boolean wall) (at Assets/Scripts/Movement.cs:226)
Movement.Update () (at Assets/Scripts/Movement.cs:151)

2020-06-19 19:40:51.5720 [DEBUG] Play mode: False
2020-06-19 19:42:01.9572 [DEBUG] Scene Fusion version 1.8.7-0
2020-06-19 19:42:11.9010 [DEBUG] Scene Fusion version 1.8.7-0
2020-06-19 19:42:12.0752 [DEBUG] Play mode: True, sync in play mode: False
2020-06-19 19:42:28.8571 [DEBUG] Play mode: False
2020-06-19 19:43:17.6305 [DEBUG] Scene Fusion version 1.8.7-0
2020-06-19 19:43:24.0315 [DEBUG] Scene Fusion version 1.8.7-0
2020-06-19 19:43:24.2614 [DEBUG] Play mode: True, sync in play mode: False
2020-06-19 19:43:34.6247 [DEBUG] Play mode: False
2020-06-19 19:44:07.0809 [DEBUG] Scene Fusion version 1.8.7-0
2020-06-19 19:44:11.4081 [DEBUG] Scene Fusion version 1.8.7-0
2020-06-19 19:44:11.5860 [DEBUG] Play mode: True, sync in play mode: False
2020-06-19 19:44:54.1030 [DEBUG] Play mode: False
