2020-07-21 00:05:14.1882 [DEBUG] Scene Fusion version 1.8.7-0
2020-07-21 00:06:21.7227 [DEBUG] Scene Fusion version 1.8.7-0
2020-07-21 00:06:21.8233 [DEBUG] Play mode: True, sync in play mode: False
2020-07-21 00:06:23.5831 [DEBUG] Play mode: False
2020-07-21 00:09:02.4788 [DEBUG] Scene Fusion version 1.8.7-0
2020-07-21 00:09:02.6135 [DEBUG] Play mode: True, sync in play mode: False
2020-07-21 00:09:09.9806 [DEBUG] Play mode: False
2020-07-21 00:10:24.8795 [DEBUG] Scene Fusion version 1.8.7-0
2020-07-21 00:11:44.5913 [DEBUG] Scene Fusion version 1.8.7-0
2020-07-21 00:11:51.2337 [DEBUG] Scene Fusion version 1.8.7-0
2020-07-21 00:16:16.2887 [DEBUG] Scene Fusion version 1.8.7-0
2020-07-21 00:16:19.3974 [DEBUG] Scene Fusion version 1.8.7-0
2020-07-21 00:16:19.5038 [DEBUG] Play mode: True, sync in play mode: False
2020-07-21 00:16:29.1617 [DEBUG] Play mode: False
2020-07-21 00:17:05.8720 [DEBUG] Scene Fusion version 1.8.7-0
2020-07-21 00:17:10.9391 [DEBUG] Scene Fusion version 1.8.7-0
2020-07-21 00:17:11.0572 [DEBUG] Play mode: True, sync in play mode: False
2020-07-21 00:17:42.8939 [DEBUG] Play mode: False
2020-07-21 00:18:13.9253 [DEBUG] Scene Fusion version 1.8.7-0
2020-07-21 00:18:14.0683 [DEBUG] Play mode: True, sync in play mode: False
2020-07-21 00:18:24.5456 [DEBUG] Play mode: False
2020-07-21 00:18:27.2749 [DEBUG] Scene Fusion version 1.8.7-0
2020-07-21 00:18:27.4155 [DEBUG] Play mode: True, sync in play mode: False
2020-07-21 00:18:30.1734 [DEBUG] Play mode: False
2020-07-21 00:18:33.2150 [DEBUG] Scene Fusion version 1.8.7-0
2020-07-21 00:18:33.3575 [DEBUG] Play mode: True, sync in play mode: False
2020-07-21 00:18:45.1454 [DEBUG] Play mode: False
2020-07-21 00:20:37.5671 [DEBUG] Scene Fusion version 1.8.7-0
2020-07-21 00:20:37.7057 [DEBUG] Play mode: True, sync in play mode: False
2020-07-21 00:21:16.7974 [DEBUG] Play mode: False
2020-07-21 00:21:38.9396 [DEBUG] Scene Fusion version 1.8.7-0
2020-07-21 00:22:14.7644 [DEBUG] Scene Fusion version 1.8.7-0
2020-07-21 00:22:19.9789 [DEBUG] Scene Fusion version 1.8.7-0
2020-07-21 00:22:24.3379 [DEBUG] Scene Fusion version 1.8.7-0
2020-07-21 00:22:24.4576 [DEBUG] Play mode: True, sync in play mode: False
2020-07-21 00:23:04.0359 [DEBUG] Play mode: False
2020-07-21 00:23:06.7237 [DEBUG] Scene Fusion version 1.8.7-0
2020-07-21 00:23:06.8614 [DEBUG] Play mode: True, sync in play mode: False
2020-07-21 00:23:10.5029 [DEBUG] Play mode: False
2020-07-21 00:26:08.5827 [DEBUG] Scene Fusion version 1.8.7-0
2020-07-21 00:27:56.2568 [DEBUG] Scene Fusion version 1.8.7-0
2020-07-21 00:27:56.3681 [DEBUG] Play mode: True, sync in play mode: False
2020-07-21 00:28:11.5804 [DEBUG] Play mode: False
2020-07-21 00:29:30.1083 [DEBUG] Scene Fusion version 1.8.7-0
2020-07-21 00:29:30.2498 [DEBUG] Play mode: True, sync in play mode: False
2020-07-21 00:30:10.6805 [DEBUG] Play mode: False
2020-07-21 00:37:17.2428 [DEBUG] Scene Fusion version 1.8.7-0
2020-07-21 00:37:29.9806 [DEBUG] Scene Fusion version 1.8.7-0
2020-07-21 00:38:03.3203 [DEBUG] Scene Fusion version 1.8.7-0
2020-07-21 00:38:03.4315 [DEBUG] Play mode: True, sync in play mode: False
2020-07-21 00:39:00.0023 [DEBUG] Play mode: False
2020-07-21 00:39:03.9705 [DEBUG] Scene Fusion version 1.8.7-0
2020-07-21 00:39:04.1055 [DEBUG] Play mode: True, sync in play mode: False
2020-07-21 00:39:10.9746 [DEBUG] Play mode: False
2020-07-21 00:39:18.2608 [DEBUG] Scene Fusion version 1.8.7-0
2020-07-21 00:39:18.4102 [DEBUG] Play mode: True, sync in play mode: False
2020-07-21 00:39:25.4424 [DEBUG] Play mode: False
2020-07-21 00:39:29.1990 [DEBUG] Scene Fusion version 1.8.7-0
2020-07-21 00:39:29.3356 [DEBUG] Play mode: True, sync in play mode: False
2020-07-21 00:39:34.8289 [DEBUG] Play mode: False
2020-07-21 00:41:21.7775 [DEBUG] Scene Fusion version 1.8.7-0
2020-07-21 00:42:12.1900 [DEBUG] Scene Fusion version 1.8.7-0
2020-07-21 00:43:11.9213 [DEBUG] Scene Fusion version 1.8.7-0
2020-07-21 00:43:22.0194 [DEBUG] Scene Fusion version 1.8.7-0
2020-07-21 00:49:03.0817 [DEBUG] Scene Fusion version 1.8.7-0
2020-07-21 00:49:03.1978 [DEBUG] Play mode: True, sync in play mode: False
2020-07-21 00:49:06.8371 [ERROR] NullReferenceException: Object reference not set to an instance of an object
ResetToDefault.Restart () (at Assets/Scripts/Menu/ResetToDefault.cs:16)
UnityEngine.Events.InvokableCall.Invoke () (at <e98ed0368295432e8c11e52d6243ee11>:0)
UnityEngine.Events.UnityEvent.Invoke () (at <e98ed0368295432e8c11e52d6243ee11>:0)
UnityEngine.UI.Button.Press () (at C:/Program Files/Unity/Hub/Editor/2019.3.15f1/Editor/Data/Resources/PackageManager/BuiltInPackages/com.unity.ugui/Runtime/UI/Core/Button.cs:68)
UnityEngine.UI.Button.OnPointerClick (UnityEngine.EventSystems.PointerEventData eventData) (at C:/Program Files/Unity/Hub/Editor/2019.3.15f1/Editor/Data/Resources/PackageManager/BuiltInPackages/com.unity.ugui/Runtime/UI/Core/Button.cs:110)
UnityEngine.EventSystems.ExecuteEvents.Execute (UnityEngine.EventSystems.IPointerClickHandler handler, UnityEngine.EventSystems.BaseEventData eventData) (at C:/Program Files/Unity/Hub/Editor/2019.3.15f1/Editor/Data/Resources/PackageManager/BuiltInPackages/com.unity.ugui/Runtime/EventSystem/ExecuteEvents.cs:50)
UnityEngine.EventSystems.ExecuteEvents.Execute[T] (UnityEngine.GameObject target, UnityEngine.EventSystems.BaseEventData eventData, UnityEngine.EventSystems.ExecuteEvents+EventFunction`1[T1] functor) (at C:/Program Files/Unity/Hub/Editor/2019.3.15f1/Editor/Data/Resources/PackageManager/BuiltInPackages/com.unity.ugui/Runtime/EventSystem/ExecuteEvents.cs:261)
UnityEngine.EventSystems.EventSystem:Update() (at C:/Program Files/Unity/Hub/Editor/2019.3.15f1/Editor/Data/Resources/PackageManager/BuiltInPackages/com.unity.ugui/Runtime/EventSystem/EventSystem.cs:377)

2020-07-21 00:49:12.6494 [DEBUG] Play mode: False
2020-07-21 00:49:34.6678 [DEBUG] Scene Fusion version 1.8.7-0
2020-07-21 00:49:34.8108 [DEBUG] Play mode: True, sync in play mode: False
2020-07-21 00:50:32.4543 [DEBUG] Play mode: False
2020-07-21 00:51:49.6579 [DEBUG] Scene Fusion version 1.8.7-0
2020-07-21 00:51:57.1000 [DEBUG] Scene Fusion version 1.8.7-0
2020-07-21 00:52:00.5369 [DEBUG] Scene Fusion version 1.8.7-0
2020-07-21 00:52:00.6645 [DEBUG] Play mode: True, sync in play mode: False
2020-07-21 00:53:18.4919 [DEBUG] Play mode: False
2020-07-21 00:53:22.3920 [DEBUG] Scene Fusion version 1.8.7-0
2020-07-21 00:53:22.5335 [DEBUG] Play mode: True, sync in play mode: False
2020-07-21 00:53:29.3905 [DEBUG] Play mode: False
2020-07-21 00:53:33.4125 [DEBUG] Scene Fusion version 1.8.7-0
2020-07-21 00:53:33.5521 [DEBUG] Play mode: True, sync in play mode: False
2020-07-21 00:53:35.4964 [DEBUG] Play mode: False
2020-07-21 00:56:29.1220 [DEBUG] Scene Fusion version 1.8.7-0
2020-07-21 01:00:40.3480 [DEBUG] Scene Fusion version 1.8.7-0
2020-07-21 01:05:41.6940 [DEBUG] Scene Fusion version 1.8.7-0
2020-07-21 01:07:30.6901 [DEBUG] Scene Fusion version 1.8.7-0
2020-07-21 01:07:53.2248 [DEBUG] Scene Fusion version 1.8.7-0
2020-07-21 01:08:28.1450 [DEBUG] Scene Fusion version 1.8.7-0
2020-07-21 01:09:03.2527 [DEBUG] Scene Fusion version 1.8.7-0
2020-07-21 01:10:46.9775 [DEBUG] Scene Fusion version 1.8.7-0
2020-07-21 01:10:55.5219 [DEBUG] Scene Fusion version 1.8.7-0
2020-07-21 01:11:54.3391 [DEBUG] Scene Fusion version 1.8.7-0
2020-07-21 01:14:02.4367 [DEBUG] Scene Fusion version 1.8.7-0
2020-07-21 01:17:23.9532 [DEBUG] Scene Fusion version 1.8.7-0
2020-07-21 01:34:45.5528 [DEBUG] Scene Fusion version 1.8.7-0
2020-07-21 01:40:18.0710 [DEBUG] Scene Fusion version 1.8.7-0
2020-07-21 01:44:30.1004 [DEBUG] Scene Fusion version 1.8.7-0
2020-07-21 01:58:05.2350 [DEBUG] Scene Fusion version 1.8.7-0
2020-07-21 02:01:29.1781 [DEBUG] Scene Fusion version 1.8.7-0
2020-07-21 02:01:45.6620 [DEBUG] Scene Fusion version 1.8.7-0
2020-07-21 02:07:58.0784 [DEBUG] Scene Fusion version 1.8.7-0
2020-07-21 02:07:58.2326 [DEBUG] Play mode: True, sync in play mode: False
2020-07-21 02:08:22.8443 [DEBUG] Play mode: False
2020-07-21 02:12:02.6441 [DEBUG] Scene Fusion version 1.8.7-0
2020-07-21 02:12:02.7944 [DEBUG] Play mode: True, sync in play mode: False
2020-07-21 02:12:14.6780 [DEBUG] Play mode: False
2020-07-21 02:12:33.8467 [DEBUG] Scene Fusion version 1.8.7-0
2020-07-21 02:12:33.9960 [DEBUG] Play mode: True, sync in play mode: False
2020-07-21 02:13:05.9727 [ERROR] ArgumentNullException: Value cannot be null.
Parameter name: source
UnityEngine.AudioSource.Play () (at <bc2876e8ff0b42a2a2a11b51f2b23c8a>:0)
SpringJump.Springsound () (at Assets/Scripts/Prefab/SpringJump.cs:39)

2020-07-21 02:13:07.9497 [ERROR] ArgumentNullException: Value cannot be null.
Parameter name: source
UnityEngine.AudioSource.Play () (at <bc2876e8ff0b42a2a2a11b51f2b23c8a>:0)
SpringJump.Springsound () (at Assets/Scripts/Prefab/SpringJump.cs:39)

2020-07-21 02:13:09.9287 [ERROR] ArgumentNullException: Value cannot be null.
Parameter name: source
UnityEngine.AudioSource.Play () (at <bc2876e8ff0b42a2a2a11b51f2b23c8a>:0)
SpringJump.Springsound () (at Assets/Scripts/Prefab/SpringJump.cs:39)

2020-07-21 02:13:11.6509 [ERROR] ArgumentNullException: Value cannot be null.
Parameter name: source
UnityEngine.AudioSource.Play () (at <bc2876e8ff0b42a2a2a11b51f2b23c8a>:0)
SpringJump.Springsound () (at Assets/Scripts/Prefab/SpringJump.cs:39)

2020-07-21 02:13:15.9646 [ERROR] ArgumentNullException: Value cannot be null.
Parameter name: source
UnityEngine.AudioSource.Play () (at <bc2876e8ff0b42a2a2a11b51f2b23c8a>:0)
SpringJump.Springsound () (at Assets/Scripts/Prefab/SpringJump.cs:39)

2020-07-21 02:13:17.1491 [ERROR] ArgumentNullException: Value cannot be null.
Parameter name: source
UnityEngine.AudioSource.Play () (at <bc2876e8ff0b42a2a2a11b51f2b23c8a>:0)
SpringJump.Springsound () (at Assets/Scripts/Prefab/SpringJump.cs:39)

2020-07-21 02:13:19.9284 [ERROR] ArgumentNullException: Value cannot be null.
Parameter name: source
UnityEngine.AudioSource.Play () (at <bc2876e8ff0b42a2a2a11b51f2b23c8a>:0)
SpringJump.Springsound () (at Assets/Scripts/Prefab/SpringJump.cs:39)

2020-07-21 02:13:21.1103 [ERROR] ArgumentNullException: Value cannot be null.
Parameter name: source
UnityEngine.AudioSource.Play () (at <bc2876e8ff0b42a2a2a11b51f2b23c8a>:0)
SpringJump.Springsound () (at Assets/Scripts/Prefab/SpringJump.cs:39)

2020-07-21 02:13:29.8688 [ERROR] ArgumentNullException: Value cannot be null.
Parameter name: source
UnityEngine.AudioSource.Play () (at <bc2876e8ff0b42a2a2a11b51f2b23c8a>:0)
SpringJump.Springsound () (at Assets/Scripts/Prefab/SpringJump.cs:39)

2020-07-21 02:13:31.0492 [ERROR] ArgumentNullException: Value cannot be null.
Parameter name: source
UnityEngine.AudioSource.Play () (at <bc2876e8ff0b42a2a2a11b51f2b23c8a>:0)
SpringJump.Springsound () (at Assets/Scripts/Prefab/SpringJump.cs:39)

2020-07-21 02:13:38.5465 [ERROR] ArgumentNullException: Value cannot be null.
Parameter name: source
UnityEngine.AudioSource.Play () (at <bc2876e8ff0b42a2a2a11b51f2b23c8a>:0)
SpringJump.Springsound () (at Assets/Scripts/Prefab/SpringJump.cs:39)

2020-07-21 02:13:43.3842 [ERROR] ArgumentNullException: Value cannot be null.
Parameter name: source
UnityEngine.AudioSource.Play () (at <bc2876e8ff0b42a2a2a11b51f2b23c8a>:0)
SpringJump.Springsound () (at Assets/Scripts/Prefab/SpringJump.cs:39)

2020-07-21 02:13:45.0455 [ERROR] ArgumentNullException: Value cannot be null.
Parameter name: source
UnityEngine.AudioSource.Play () (at <bc2876e8ff0b42a2a2a11b51f2b23c8a>:0)
DashReset.OnTriggerEnter2D (UnityEngine.Collider2D other) (at Assets/Scripts/Prefab/DashReset.cs:22)

2020-07-21 02:14:01.3449 [DEBUG] Play mode: False
2020-07-21 02:14:26.8235 [DEBUG] Scene Fusion version 1.8.7-0
2020-07-21 02:14:26.9794 [DEBUG] Play mode: True, sync in play mode: False
2020-07-21 02:14:42.2840 [DEBUG] Play mode: False
2020-07-21 02:17:00.9722 [DEBUG] Scene Fusion version 1.8.7-0
2020-07-21 02:17:01.1298 [DEBUG] Play mode: True, sync in play mode: False
2020-07-21 02:17:42.7916 [ERROR] ArgumentNullException: Value cannot be null.
Parameter name: source
UnityEngine.AudioSource.Play () (at <bc2876e8ff0b42a2a2a11b51f2b23c8a>:0)
SpringJump.Springsound () (at Assets/Scripts/Prefab/SpringJump.cs:39)

2020-07-21 02:20:25.8741 [DEBUG] Play mode: False
2020-07-21 02:20:29.8373 [DEBUG] Scene Fusion version 1.8.7-0
2020-07-21 02:20:29.9886 [DEBUG] Play mode: True, sync in play mode: False
2020-07-21 02:20:40.6539 [DEBUG] Play mode: False
2020-07-21 02:28:19.0599 [DEBUG] Scene Fusion version 1.8.7-0
2020-07-21 02:30:38.7923 [DEBUG] Scene Fusion version 1.8.7-0
2020-07-21 02:41:49.1378 [DEBUG] Scene Fusion version 1.8.7-0
2020-07-21 02:41:49.2853 [DEBUG] Play mode: True, sync in play mode: False
2020-07-21 02:41:53.7325 [DEBUG] Play mode: False
2020-07-21 02:46:14.3704 [DEBUG] Scene Fusion version 1.8.7-0
2020-07-21 02:46:14.5418 [DEBUG] Play mode: True, sync in play mode: False
2020-07-21 02:46:38.0152 [DEBUG] Play mode: False
2020-07-21 02:47:52.6253 [DEBUG] Scene Fusion version 1.8.7-0
2020-07-21 02:47:52.7825 [DEBUG] Play mode: True, sync in play mode: False
2020-07-21 02:48:11.3740 [DEBUG] Play mode: False
2020-07-21 02:48:27.9451 [DEBUG] Scene Fusion version 1.8.7-0
2020-07-21 02:48:28.0997 [DEBUG] Play mode: True, sync in play mode: False
2020-07-21 02:48:40.5993 [DEBUG] Play mode: False
2020-07-21 02:50:31.9778 [DEBUG] Scene Fusion version 1.8.7-0
2020-07-21 02:50:32.1340 [DEBUG] Play mode: True, sync in play mode: False
2020-07-21 02:50:42.8831 [DEBUG] Play mode: False
2020-07-21 02:57:49.5754 [DEBUG] Scene Fusion version 1.8.7-0
2020-07-21 02:57:49.7282 [DEBUG] Play mode: True, sync in play mode: False
2020-07-21 02:57:54.3397 [DEBUG] Play mode: False
2020-07-21 02:58:01.9741 [DEBUG] Scene Fusion version 1.8.7-0
2020-07-21 02:58:02.1371 [DEBUG] Play mode: True, sync in play mode: False
2020-07-21 02:58:08.9311 [DEBUG] Play mode: False
2020-07-21 02:58:44.9960 [DEBUG] Scene Fusion version 1.8.7-0
2020-07-21 02:58:45.1399 [DEBUG] Play mode: True, sync in play mode: False
2020-07-21 02:59:03.9262 [ERROR] ArgumentNullException: Value cannot be null.
Parameter name: source
UnityEngine.AudioSource.Play () (at <bc2876e8ff0b42a2a2a11b51f2b23c8a>:0)
SpringJump.Springsound () (at Assets/Scripts/Prefab/SpringJump.cs:39)

2020-07-21 02:59:19.8445 [DEBUG] Play mode: False
2020-07-21 03:00:46.1729 [DEBUG] Scene Fusion version 1.8.7-0
2020-07-21 03:00:46.3193 [DEBUG] Play mode: True, sync in play mode: False
2020-07-21 03:00:55.0195 [DEBUG] Play mode: False
2020-07-21 03:07:02.8258 [DEBUG] Scene Fusion version 1.8.7-0
2020-07-21 03:07:57.4015 [DEBUG] Scene Fusion version 1.8.7-0
2020-07-21 03:07:57.5123 [DEBUG] Play mode: True, sync in play mode: False
2020-07-21 03:08:08.1120 [DEBUG] Play mode: False
2020-07-21 03:08:18.3093 [DEBUG] Scene Fusion version 1.8.7-0
2020-07-21 03:08:34.1430 [DEBUG] Scene Fusion version 1.8.7-0
2020-07-21 03:08:34.2582 [DEBUG] Play mode: True, sync in play mode: False
2020-07-21 03:08:41.1960 [DEBUG] Play mode: False
2020-07-21 03:10:59.3028 [DEBUG] Scene Fusion version 1.8.7-0
2020-07-21 03:10:59.4551 [DEBUG] Play mode: True, sync in play mode: False
2020-07-21 03:11:11.3567 [ERROR] ArgumentNullException: Value cannot be null.
Parameter name: source
UnityEngine.AudioSource.Play () (at <bc2876e8ff0b42a2a2a11b51f2b23c8a>:0)
SpringJump.Springsound () (at Assets/Scripts/Prefab/SpringJump.cs:39)

2020-07-21 03:11:35.7144 [DEBUG] Play mode: False
2020-07-21 03:23:37.7104 [DEBUG] Scene Fusion version 1.8.7-0
2020-07-21 03:23:46.2944 [DEBUG] Scene Fusion version 1.8.7-0
2020-07-21 03:25:12.0122 [DEBUG] Scene Fusion version 1.8.7-0
2020-07-21 03:26:00.4714 [DEBUG] Scene Fusion version 1.8.7-0
2020-07-21 03:26:57.2395 [DEBUG] Scene Fusion version 1.8.7-0
2020-07-21 03:26:57.4035 [DEBUG] Play mode: True, sync in play mode: False
2020-07-21 03:26:58.4988 [ERROR] UnassignedReferenceException: The variable optionsMenuUI of PauseMenu has not been assigned.
You probably need to assign the optionsMenuUI variable of the PauseMenu script in the inspector.
PauseMenu.ResumeGame () (at Assets/Scripts/Menu/PauseMenu.cs:36)
PauseMenu.Update () (at Assets/Scripts/Menu/PauseMenu.cs:25)

2020-07-21 03:26:59.1352 [ERROR] UnassignedReferenceException: The variable optionsMenuUI of PauseMenu has not been assigned.
You probably need to assign the optionsMenuUI variable of the PauseMenu script in the inspector.
PauseMenu.ResumeGame () (at Assets/Scripts/Menu/PauseMenu.cs:36)
PauseMenu.Update () (at Assets/Scripts/Menu/PauseMenu.cs:25)

2020-07-21 03:27:02.4522 [DEBUG] Play mode: False
2020-07-21 03:27:12.1299 [DEBUG] Scene Fusion version 1.8.7-0
2020-07-21 03:27:12.2852 [DEBUG] Play mode: True, sync in play mode: False
2020-07-21 03:27:35.6916 [DEBUG] Play mode: False
2020-07-21 03:27:54.8941 [DEBUG] Scene Fusion version 1.8.7-0
2020-07-21 03:27:55.0465 [DEBUG] Play mode: True, sync in play mode: False
2020-07-21 03:28:10.8414 [DEBUG] Play mode: False
2020-07-21 03:28:29.3870 [DEBUG] Scene Fusion version 1.8.7-0
2020-07-21 03:28:29.5569 [DEBUG] Play mode: True, sync in play mode: False
2020-07-21 03:28:43.2468 [DEBUG] Play mode: False
2020-07-21 03:28:58.5677 [DEBUG] Scene Fusion version 1.8.7-0
2020-07-21 03:28:58.7259 [DEBUG] Play mode: True, sync in play mode: False
2020-07-21 03:29:07.9614 [DEBUG] Play mode: False
2020-07-21 03:32:27.4084 [DEBUG] Scene Fusion version 1.8.7-0
2020-07-21 03:32:27.5778 [DEBUG] Play mode: True, sync in play mode: False
2020-07-21 03:32:45.1954 [DEBUG] Play mode: False
2020-07-21 03:47:04.8501 [DEBUG] Scene Fusion version 1.8.7-0
2020-07-21 03:47:05.0004 [DEBUG] Play mode: True, sync in play mode: False
2020-07-21 03:47:14.5403 [DEBUG] Play mode: False
2020-07-21 03:47:21.5113 [DEBUG] Scene Fusion version 1.8.7-0
2020-07-21 03:47:21.6577 [DEBUG] Play mode: True, sync in play mode: False
2020-07-21 03:47:28.2224 [DEBUG] Play mode: False
2020-07-21 03:47:39.0296 [DEBUG] Scene Fusion version 1.8.7-0
2020-07-21 03:47:39.1828 [DEBUG] Play mode: True, sync in play mode: False
2020-07-21 03:47:42.3573 [DEBUG] Play mode: False
2020-07-21 03:47:47.4585 [DEBUG] Scene Fusion version 1.8.7-0
2020-07-21 03:47:47.6088 [DEBUG] Play mode: True, sync in play mode: False
2020-07-21 03:47:52.0226 [DEBUG] Play mode: False
2020-07-21 03:51:59.8520 [DEBUG] Scene Fusion version 1.8.7-0
2020-07-21 04:07:57.7064 [DEBUG] Scene Fusion version 1.8.7-0
2020-07-21 04:08:14.4762 [DEBUG] Scene Fusion version 1.8.7-0
2020-07-21 04:09:25.7433 [DEBUG] Scene Fusion version 1.8.7-0
2020-07-21 04:09:38.5039 [DEBUG] Scene Fusion version 1.8.7-0
2020-07-21 04:09:38.6368 [DEBUG] Play mode: True, sync in play mode: False
2020-07-21 04:09:54.0603 [DEBUG] Play mode: False
2020-07-21 04:10:30.5174 [DEBUG] Scene Fusion version 1.8.7-0
2020-07-21 04:10:35.2260 [DEBUG] Scene Fusion version 1.8.7-0
2020-07-21 04:10:35.3432 [DEBUG] Play mode: True, sync in play mode: False
2020-07-21 04:10:41.7932 [DEBUG] Play mode: False
2020-07-21 04:11:17.3159 [DEBUG] Scene Fusion version 1.8.7-0
2020-07-21 04:11:26.8661 [DEBUG] Scene Fusion version 1.8.7-0
2020-07-21 04:11:26.9871 [DEBUG] Play mode: True, sync in play mode: False
2020-07-21 04:11:44.4816 [DEBUG] Play mode: False
2020-07-21 04:12:07.9875 [DEBUG] Scene Fusion version 1.8.7-0
2020-07-21 04:12:08.1719 [DEBUG] Play mode: True, sync in play mode: False
2020-07-21 04:12:24.5248 [DEBUG] Play mode: False
2020-07-21 04:13:30.9093 [DEBUG] Scene Fusion version 1.8.7-0
2020-07-21 04:13:31.1013 [DEBUG] Play mode: True, sync in play mode: False
2020-07-21 04:13:54.2041 [DEBUG] Play mode: False
2020-07-21 16:07:59.5837 [DEBUG] Scene Fusion version 1.8.7-0
2020-07-21 16:11:49.9876 [DEBUG] Scene Fusion version 1.8.7-0
2020-07-21 16:22:55.1908 [DEBUG] Scene Fusion version 1.8.7-0
2020-07-21 16:22:55.3718 [DEBUG] Play mode: True, sync in play mode: False
2020-07-21 16:22:58.2626 [DEBUG] Play mode: False
2020-07-21 16:23:27.5437 [DEBUG] Scene Fusion version 1.8.7-0
2020-07-21 16:23:27.7432 [DEBUG] Play mode: True, sync in play mode: False
2020-07-21 16:23:58.0909 [DEBUG] Play mode: False
2020-07-21 16:24:01.4544 [DEBUG] Scene Fusion version 1.8.7-0
2020-07-21 16:24:01.6389 [DEBUG] Play mode: True, sync in play mode: False
2020-07-21 16:24:20.7119 [DEBUG] Play mode: False
2020-07-21 16:24:42.0143 [DEBUG] Scene Fusion version 1.8.7-0
2020-07-21 16:24:42.2108 [DEBUG] Play mode: True, sync in play mode: False
2020-07-21 16:25:00.0777 [DEBUG] Play mode: False
2020-07-21 16:26:18.6691 [DEBUG] Scene Fusion version 1.8.7-0
2020-07-21 16:26:18.8605 [DEBUG] Play mode: True, sync in play mode: False
2020-07-21 16:26:36.2059 [DEBUG] Play mode: False
2020-07-21 16:33:25.9105 [DEBUG] Scene Fusion version 1.8.7-0
2020-07-21 16:34:41.3652 [DEBUG] Scene Fusion version 1.8.7-0
2020-07-21 16:34:50.5000 [DEBUG] Scene Fusion version 1.8.7-0
2020-07-21 16:35:23.8014 [DEBUG] Scene Fusion version 1.8.7-0
2020-07-21 16:35:23.9649 [DEBUG] Play mode: True, sync in play mode: False
2020-07-21 16:35:37.0390 [DEBUG] Play mode: False
2020-07-21 16:36:03.1473 [DEBUG] Scene Fusion version 1.8.7-0
2020-07-21 16:36:06.8273 [DEBUG] Scene Fusion version 1.8.7-0
2020-07-21 16:36:06.9779 [DEBUG] Play mode: True, sync in play mode: False
2020-07-21 16:37:36.7310 [DEBUG] Play mode: False
2020-07-21 16:37:55.4433 [DEBUG] Scene Fusion version 1.8.7-0
2020-07-21 16:38:00.2994 [DEBUG] Scene Fusion version 1.8.7-0
2020-07-21 16:38:00.4471 [DEBUG] Play mode: True, sync in play mode: False
2020-07-21 16:38:27.5794 [DEBUG] Play mode: False
2020-07-21 16:47:32.8077 [DEBUG] Scene Fusion version 1.8.7-0
2020-07-21 16:47:32.9982 [DEBUG] Play mode: True, sync in play mode: False
2020-07-21 16:47:33.7765 [DEBUG] Play mode: False
2020-07-21 16:47:53.0120 [DEBUG] Scene Fusion version 1.8.7-0
2020-07-21 16:47:53.2005 [DEBUG] Play mode: True, sync in play mode: False
2020-07-21 16:49:30.7078 [ERROR] ArgumentNullException: Value cannot be null.
Parameter name: source
UnityEngine.AudioSource.Play () (at <bc2876e8ff0b42a2a2a11b51f2b23c8a>:0)
SpringJump.Springsound () (at Assets/Scripts/Prefab/SpringJump.cs:39)

2020-07-21 16:49:39.4335 [ERROR] ArgumentNullException: Value cannot be null.
Parameter name: source
UnityEngine.AudioSource.Play () (at <bc2876e8ff0b42a2a2a11b51f2b23c8a>:0)
SpringJump.Springsound () (at Assets/Scripts/Prefab/SpringJump.cs:39)

2020-07-21 16:49:44.0990 [ERROR] ArgumentNullException: Value cannot be null.
Parameter name: source
UnityEngine.AudioSource.Play () (at <bc2876e8ff0b42a2a2a11b51f2b23c8a>:0)
SpringJump.Springsound () (at Assets/Scripts/Prefab/SpringJump.cs:39)

2020-07-21 16:49:45.2092 [ERROR] ArgumentNullException: Value cannot be null.
Parameter name: source
UnityEngine.AudioSource.Play () (at <bc2876e8ff0b42a2a2a11b51f2b23c8a>:0)
SpringJump.Springsound () (at Assets/Scripts/Prefab/SpringJump.cs:39)

2020-07-21 16:49:46.3557 [ERROR] ArgumentNullException: Value cannot be null.
Parameter name: source
UnityEngine.AudioSource.Play () (at <bc2876e8ff0b42a2a2a11b51f2b23c8a>:0)
SpringJump.Springsound () (at Assets/Scripts/Prefab/SpringJump.cs:39)

2020-07-21 16:50:05.5669 [DEBUG] Play mode: False
2020-07-21 16:51:17.7821 [DEBUG] Scene Fusion version 1.8.7-0
2020-07-21 16:56:36.8585 [DEBUG] Scene Fusion version 1.8.7-0
2020-07-21 16:56:37.0186 [DEBUG] Play mode: True, sync in play mode: False
2020-07-21 16:56:39.1333 [ERROR] ArgumentNullException: Value cannot be null.
Parameter name: source
UnityEngine.AudioSource.Play () (at <bc2876e8ff0b42a2a2a11b51f2b23c8a>:0)
SpringJump.Springsound () (at Assets/Scripts/Prefab/SpringJump.cs:39)

2020-07-21 16:56:40.5130 [ERROR] ArgumentNullException: Value cannot be null.
Parameter name: source
UnityEngine.AudioSource.Play () (at <bc2876e8ff0b42a2a2a11b51f2b23c8a>:0)
SpringJump.Springsound () (at Assets/Scripts/Prefab/SpringJump.cs:39)

2020-07-21 16:56:42.9950 [DEBUG] Play mode: False
2020-07-21 17:00:55.6327 [DEBUG] Scene Fusion version 1.8.7-0
2020-07-21 17:02:40.6431 [DEBUG] Scene Fusion version 1.8.7-0
2020-07-21 17:04:02.6342 [DEBUG] Scene Fusion version 1.8.7-0
2020-07-21 17:12:03.9424 [DEBUG] Scene Fusion version 1.8.7-0
2020-07-21 17:13:31.0474 [DEBUG] Scene Fusion version 1.8.7-0
2020-07-21 17:14:09.6846 [DEBUG] Scene Fusion version 1.8.7-0
2020-07-21 17:14:18.3294 [DEBUG] Scene Fusion version 1.8.7-0
2020-07-21 17:15:16.4994 [DEBUG] Scene Fusion version 1.8.7-0
2020-07-21 17:15:16.6739 [DEBUG] Play mode: True, sync in play mode: False
2020-07-21 17:16:07.8833 [DEBUG] Play mode: False
2020-07-21 17:16:11.4436 [DEBUG] Scene Fusion version 1.8.7-0
2020-07-21 17:16:11.6371 [DEBUG] Play mode: True, sync in play mode: False
2020-07-21 17:16:16.7505 [DEBUG] Play mode: False
2020-07-21 17:16:31.2337 [DEBUG] Scene Fusion version 1.8.7-0
2020-07-21 17:16:31.4311 [DEBUG] Play mode: True, sync in play mode: False
2020-07-21 17:17:32.3262 [DEBUG] Play mode: False
2020-07-21 17:17:37.4494 [DEBUG] Scene Fusion version 1.8.7-0
2020-07-21 17:17:37.6419 [DEBUG] Play mode: True, sync in play mode: False
2020-07-21 17:17:48.2564 [DEBUG] Play mode: False
2020-07-21 17:19:44.8667 [DEBUG] Scene Fusion version 1.8.7-0
2020-07-21 17:19:55.9524 [DEBUG] Scene Fusion version 1.8.7-0
2020-07-21 17:19:59.5425 [DEBUG] Scene Fusion version 1.8.7-0
2020-07-21 17:19:59.7021 [DEBUG] Play mode: True, sync in play mode: False
2020-07-21 17:20:45.8859 [DEBUG] Play mode: False
2020-07-21 17:20:54.9983 [DEBUG] Scene Fusion version 1.8.7-0
2020-07-21 17:20:59.4506 [DEBUG] Scene Fusion version 1.8.7-0
2020-07-21 17:20:59.6012 [DEBUG] Play mode: True, sync in play mode: False
2020-07-21 17:21:11.7026 [DEBUG] Play mode: False
2020-07-21 17:21:15.7088 [DEBUG] Scene Fusion version 1.8.7-0
2020-07-21 17:21:15.8983 [DEBUG] Play mode: True, sync in play mode: False
2020-07-21 17:21:21.6134 [DEBUG] Play mode: False
2020-07-21 17:22:21.1400 [DEBUG] Scene Fusion version 1.8.7-0
2020-07-21 17:22:21.3145 [DEBUG] Play mode: True, sync in play mode: False
2020-07-21 17:22:54.4719 [DEBUG] Play mode: False
2020-07-21 17:23:48.8770 [DEBUG] Scene Fusion version 1.8.7-0
2020-07-21 17:23:49.0764 [DEBUG] Play mode: True, sync in play mode: False
2020-07-21 17:24:11.1317 [DEBUG] Play mode: False
2020-07-21 17:25:01.8777 [DEBUG] Scene Fusion version 1.8.7-0
2020-07-21 17:25:02.1016 [DEBUG] Play mode: True, sync in play mode: False
2020-07-21 17:25:17.8292 [DEBUG] Play mode: False
2020-07-21 17:25:23.2219 [DEBUG] Scene Fusion version 1.8.7-0
2020-07-21 17:25:23.3675 [DEBUG] Play mode: True, sync in play mode: False
2020-07-21 17:26:29.8792 [DEBUG] Play mode: False
2020-07-21 17:26:36.4079 [DEBUG] Scene Fusion version 1.8.7-0
2020-07-21 17:26:36.5804 [DEBUG] Play mode: True, sync in play mode: False
2020-07-21 17:26:55.6542 [DEBUG] Play mode: False
