2020-07-20 00:02:07.1904 [DEBUG] Scene Fusion version 1.8.7-0
2020-07-20 00:07:22.7593 [DEBUG] Scene Fusion version 1.8.7-0
2020-07-20 00:35:13.1060 [DEBUG] Scene Fusion version 1.8.7-0
2020-07-20 00:36:11.5628 [DEBUG] Scene Fusion version 1.8.7-0
2020-07-20 00:45:31.3500 [DEBUG] Scene Fusion version 1.8.7-0
2020-07-20 00:45:37.3146 [DEBUG] Scene Fusion version 1.8.7-0
2020-07-20 00:45:37.4845 [DEBUG] Play mode: True, sync in play mode: False
2020-07-20 00:45:43.0661 [ERROR] ArgumentNullException: Value cannot be null.
Parameter name: source
UnityEngine.AudioSource.Play () (at <bc2876e8ff0b42a2a2a11b51f2b23c8a>:0)
Movement.jumpSound () (at Assets/Scripts/Movement.cs:647)

2020-07-20 00:45:45.0457 [DEBUG] Play mode: False
2020-07-20 00:45:54.2062 [DEBUG] Scene Fusion version 1.8.7-0
2020-07-20 00:45:54.3768 [DEBUG] Play mode: True, sync in play mode: False
2020-07-20 00:46:00.0691 [DEBUG] Play mode: False
2020-07-20 00:50:36.7619 [DEBUG] Scene Fusion version 1.8.7-0
2020-07-20 00:51:00.4638 [DEBUG] Scene Fusion version 1.8.7-0
2020-07-20 00:51:21.9443 [DEBUG] Scene Fusion version 1.8.7-0
2020-07-20 00:51:22.0819 [DEBUG] Play mode: True, sync in play mode: False
2020-07-20 00:51:34.0312 [DEBUG] Play mode: False
2020-07-20 00:52:06.6655 [DEBUG] Scene Fusion version 1.8.7-0
2020-07-20 00:52:20.4042 [DEBUG] Scene Fusion version 1.8.7-0
2020-07-20 00:52:20.5476 [DEBUG] Play mode: True, sync in play mode: False
2020-07-20 00:52:21.2992 [ERROR] ArgumentNullException: Value cannot be null.
Parameter name: source
UnityEngine.AudioSource.Play () (at <bc2876e8ff0b42a2a2a11b51f2b23c8a>:0)
Movement.jumpSound () (at Assets/Scripts/Movement.cs:647)

2020-07-20 00:52:21.5703 [ERROR] ArgumentNullException: Value cannot be null.
Parameter name: source
UnityEngine.AudioSource.Play () (at <bc2876e8ff0b42a2a2a11b51f2b23c8a>:0)
Movement.dashsound () (at Assets/Scripts/Movement.cs:652)

2020-07-20 00:52:22.6638 [ERROR] ArgumentNullException: Value cannot be null.
Parameter name: source
UnityEngine.AudioSource.Play () (at <bc2876e8ff0b42a2a2a11b51f2b23c8a>:0)
Movement.jumpSound () (at Assets/Scripts/Movement.cs:647)

2020-07-20 00:52:22.9180 [ERROR] ArgumentNullException: Value cannot be null.
Parameter name: source
UnityEngine.AudioSource.Play () (at <bc2876e8ff0b42a2a2a11b51f2b23c8a>:0)
Movement.dashsound () (at Assets/Scripts/Movement.cs:652)

2020-07-20 00:52:24.7056 [DEBUG] Play mode: False
2020-07-20 00:52:52.8204 [DEBUG] Scene Fusion version 1.8.7-0
2020-07-20 00:54:52.1271 [DEBUG] Scene Fusion version 1.8.7-0
2020-07-20 00:58:27.7927 [DEBUG] Scene Fusion version 1.8.7-0
2020-07-20 01:15:08.5018 [DEBUG] Scene Fusion version 1.8.7-0
2020-07-20 01:15:08.6706 [DEBUG] Play mode: True, sync in play mode: False
2020-07-20 01:15:17.6868 [DEBUG] Play mode: False
2020-07-20 01:15:47.6084 [DEBUG] Scene Fusion version 1.8.7-0
2020-07-20 01:15:47.7801 [DEBUG] Play mode: True, sync in play mode: False
2020-07-20 01:15:49.5073 [DEBUG] Play mode: False
2020-07-20 01:16:21.2159 [DEBUG] Scene Fusion version 1.8.7-0
2020-07-20 01:16:21.3955 [DEBUG] Play mode: True, sync in play mode: False
2020-07-20 01:16:33.4922 [DEBUG] Play mode: False
2020-07-20 01:17:24.5243 [DEBUG] Scene Fusion version 1.8.7-0
2020-07-20 01:17:24.7009 [DEBUG] Play mode: True, sync in play mode: False
2020-07-20 01:17:27.0320 [DEBUG] Play mode: False
2020-07-20 01:17:57.2721 [DEBUG] Scene Fusion version 1.8.7-0
2020-07-20 01:17:57.4487 [DEBUG] Play mode: True, sync in play mode: False
2020-07-20 01:18:04.3486 [DEBUG] Play mode: False
2020-07-20 01:18:35.0684 [DEBUG] Scene Fusion version 1.8.7-0
2020-07-20 01:18:35.2480 [DEBUG] Play mode: True, sync in play mode: False
2020-07-20 01:18:37.2139 [DEBUG] Play mode: False
2020-07-20 01:20:55.1743 [DEBUG] Scene Fusion version 1.8.7-0
2020-07-20 01:20:55.3460 [DEBUG] Play mode: True, sync in play mode: False
2020-07-20 01:20:59.5422 [DEBUG] Play mode: False
2020-07-20 01:23:08.7546 [DEBUG] Scene Fusion version 1.8.7-0
2020-07-20 01:23:08.9347 [DEBUG] Play mode: True, sync in play mode: False
2020-07-20 01:23:13.6360 [DEBUG] Play mode: False
2020-07-20 01:23:28.0922 [DEBUG] Scene Fusion version 1.8.7-0
2020-07-20 01:23:28.2555 [DEBUG] Play mode: True, sync in play mode: False
2020-07-20 01:23:29.1647 [DEBUG] Play mode: False
2020-07-20 01:23:57.4356 [DEBUG] Scene Fusion version 1.8.7-0
2020-07-20 01:23:57.6083 [DEBUG] Play mode: True, sync in play mode: False
2020-07-20 01:24:09.7476 [DEBUG] Play mode: False
2020-07-20 01:24:19.2636 [DEBUG] Scene Fusion version 1.8.7-0
2020-07-20 01:24:19.4441 [DEBUG] Play mode: True, sync in play mode: False
2020-07-20 01:24:21.0983 [DEBUG] Play mode: False
2020-07-20 01:25:22.9077 [DEBUG] Scene Fusion version 1.8.7-0
2020-07-20 01:25:23.0824 [DEBUG] Play mode: True, sync in play mode: False
2020-07-20 01:25:28.9036 [ERROR] ArgumentNullException: Value cannot be null.
Parameter name: source
UnityEngine.AudioSource.Play () (at <bc2876e8ff0b42a2a2a11b51f2b23c8a>:0)
Movement.runSound () (at Assets/Scripts/Movement.cs:642)

2020-07-20 01:25:29.3878 [ERROR] ArgumentNullException: Value cannot be null.
Parameter name: source
UnityEngine.AudioSource.Play () (at <bc2876e8ff0b42a2a2a11b51f2b23c8a>:0)
Movement.runSound () (at Assets/Scripts/Movement.cs:642)

2020-07-20 01:25:31.4709 [DEBUG] Play mode: False
2020-07-20 01:25:41.4266 [DEBUG] Scene Fusion version 1.8.7-0
2020-07-20 01:25:41.6104 [DEBUG] Play mode: True, sync in play mode: False
2020-07-20 01:25:52.3193 [DEBUG] Play mode: False
2020-07-20 01:26:35.6876 [DEBUG] Scene Fusion version 1.8.7-0
2020-07-20 01:26:35.8642 [DEBUG] Play mode: True, sync in play mode: False
2020-07-20 01:26:45.7804 [DEBUG] Play mode: False
2020-07-20 01:26:57.7187 [DEBUG] Scene Fusion version 1.8.7-0
2020-07-20 01:26:57.9011 [DEBUG] Play mode: True, sync in play mode: False
2020-07-20 01:27:00.7661 [DEBUG] Play mode: False
2020-07-20 01:27:11.8666 [DEBUG] Scene Fusion version 1.8.7-0
2020-07-20 01:27:12.0422 [DEBUG] Play mode: True, sync in play mode: False
2020-07-20 01:27:13.4203 [DEBUG] Play mode: False
2020-07-20 01:27:30.0186 [DEBUG] Scene Fusion version 1.8.7-0
2020-07-20 01:27:30.1991 [DEBUG] Play mode: True, sync in play mode: False
2020-07-20 01:27:40.3270 [DEBUG] Play mode: False
2020-07-20 01:27:48.0913 [DEBUG] Scene Fusion version 1.8.7-0
2020-07-20 01:27:48.2689 [DEBUG] Play mode: True, sync in play mode: False
2020-07-20 01:27:50.8972 [DEBUG] Play mode: False
2020-07-20 01:28:04.4736 [DEBUG] Scene Fusion version 1.8.7-0
2020-07-20 01:28:04.6532 [DEBUG] Play mode: True, sync in play mode: False
2020-07-20 01:28:12.4898 [DEBUG] Play mode: False
2020-07-20 01:28:24.6438 [DEBUG] Scene Fusion version 1.8.7-0
2020-07-20 01:28:24.8234 [DEBUG] Play mode: True, sync in play mode: False
2020-07-20 01:28:26.9920 [DEBUG] Play mode: False
2020-07-20 01:28:36.6377 [DEBUG] Scene Fusion version 1.8.7-0
2020-07-20 01:28:36.8183 [DEBUG] Play mode: True, sync in play mode: False
2020-07-20 01:28:38.2729 [DEBUG] Play mode: False
2020-07-20 01:29:14.6232 [DEBUG] Scene Fusion version 1.8.7-0
2020-07-20 01:29:14.8037 [DEBUG] Play mode: True, sync in play mode: False
2020-07-20 01:29:19.6400 [ERROR] UnassignedReferenceException: The variable player of Movement has not been assigned.
You probably need to assign the player variable of the Movement script in the inspector.
UnityEngine.Rigidbody2D.set_velocity (UnityEngine.Vector2 value) (at <65cab14ac59e4552b77f98a4aed18f9e>:0)
Movement+<DisableNStopMovement>d__72.MoveNext () (at Assets/Scripts/Movement.cs:575)
UnityEngine.SetupCoroutine.InvokeMoveNext (System.Collections.IEnumerator enumerator, System.IntPtr returnValueAddress) (at <e98ed0368295432e8c11e52d6243ee11>:0)
UnityEngine.MonoBehaviour:StartCoroutine(IEnumerator)
<RespawnPlayer>d__5:MoveNext() (at Assets/Scripts/Prefab/KillPlayer.cs:32)
UnityEngine.MonoBehaviour:StartCoroutine(IEnumerator)
KillPlayer:OnTriggerEnter2D(Collider2D) (at Assets/Scripts/Prefab/KillPlayer.cs:50)

2020-07-20 01:29:26.9473 [DEBUG] Play mode: False
2020-07-20 01:30:55.1949 [DEBUG] Scene Fusion version 1.8.7-0
2020-07-20 01:30:55.3721 [DEBUG] Play mode: True, sync in play mode: False
2020-07-20 01:31:04.7526 [DEBUG] Play mode: False
2020-07-20 01:32:42.5216 [DEBUG] Scene Fusion version 1.8.7-0
2020-07-20 01:34:27.1261 [DEBUG] Scene Fusion version 1.8.7-0
2020-07-20 01:34:27.2686 [DEBUG] Play mode: True, sync in play mode: False
2020-07-20 01:34:40.7305 [DEBUG] Play mode: False
2020-07-20 01:34:51.2036 [DEBUG] Scene Fusion version 1.8.7-0
2020-07-20 01:34:51.3783 [DEBUG] Play mode: True, sync in play mode: False
2020-07-20 01:34:55.6962 [DEBUG] Play mode: False
2020-07-20 01:35:42.8905 [DEBUG] Scene Fusion version 1.8.7-0
2020-07-20 01:35:43.0613 [DEBUG] Play mode: True, sync in play mode: False
2020-07-20 01:36:11.5924 [DEBUG] Play mode: False
2020-07-20 01:36:18.0433 [DEBUG] Scene Fusion version 1.8.7-0
2020-07-20 01:36:18.2141 [DEBUG] Play mode: True, sync in play mode: False
2020-07-20 01:36:19.9038 [DEBUG] Play mode: False
2020-07-20 01:36:38.5419 [DEBUG] Scene Fusion version 1.8.7-0
2020-07-20 01:36:38.7195 [DEBUG] Play mode: True, sync in play mode: False
2020-07-20 01:36:41.6105 [DEBUG] Play mode: False
2020-07-20 01:36:48.2573 [DEBUG] Scene Fusion version 1.8.7-0
2020-07-20 01:36:48.4368 [DEBUG] Play mode: True, sync in play mode: False
2020-07-20 01:36:58.4988 [DEBUG] Play mode: False
2020-07-20 01:40:52.2941 [DEBUG] Scene Fusion version 1.8.7-0
2020-07-20 01:41:06.9837 [DEBUG] Scene Fusion version 1.8.7-0
2020-07-20 01:41:50.3482 [DEBUG] Scene Fusion version 1.8.7-0
2020-07-20 01:41:50.4956 [DEBUG] Play mode: True, sync in play mode: False
2020-07-20 01:42:01.1266 [DEBUG] Play mode: False
2020-07-20 01:45:06.6432 [DEBUG] Scene Fusion version 1.8.7-0
2020-07-20 01:45:06.8269 [DEBUG] Play mode: True, sync in play mode: False
2020-07-20 01:45:18.5813 [DEBUG] Play mode: False
2020-07-20 01:46:25.7484 [DEBUG] Scene Fusion version 1.8.7-0
2020-07-20 01:47:57.0306 [ERROR] NullReferenceException: Object reference not set to an instance of an object
UnityEditor.Scripting.ScriptCompilation.CSharpNamespaceParser.CollectNamespace (UnityEditor.Scripting.ScriptCompilation.CSharpNamespaceParser+Node parent) (at <a20a50bbfaff4193bf6ba6b262f9a71f>:0)
UnityEditor.Scripting.ScriptCompilation.CSharpNamespaceParser.FindClassAndNamespace (System.String className, System.String source, System.Boolean acceptStruct) (at <a20a50bbfaff4193bf6ba6b262f9a71f>:0)
UnityEditor.Scripting.ScriptCompilation.CSharpNamespaceParser.FindNamespace (System.String sourceCode, System.String className, System.Boolean acceptStruct, System.String[] defines) (at <a20a50bbfaff4193bf6ba6b262f9a71f>:0)
Rethrow as IllegalNamespaceParsing: Searching for classname: 'RoomTransition' caused error in CSharpNameParser
UnityEditor.Scripting.ScriptCompilation.CSharpNamespaceParser.FindNamespace (System.String sourceCode, System.String className, System.Boolean acceptStruct, System.String[] defines) (at <a20a50bbfaff4193bf6ba6b262f9a71f>:0)
UnityEditor.Scripting.ScriptCompilation.CSharpNamespaceParser.GetClassAndNamespace (System.String sourceCode, System.String className, System.String& outClassName, System.String& outNamespace, System.String[] defines) (at <a20a50bbfaff4193bf6ba6b262f9a71f>:0)
UnityEditor.Scripting.Compilers.CSharpLanguage.GetClassAndNamespace (System.String filePath, System.String definedSymbols, System.String& outClassName, System.String& outNamespace) (at <a20a50bbfaff4193bf6ba6b262f9a71f>:0)
UnityEditor.Scripting.ScriptCompilers.GetClassAndNamespace (System.String file, System.String definedSymbols, System.String& outClassName, System.String& outNamespace) (at <a20a50bbfaff4193bf6ba6b262f9a71f>:0)
UnityEditor.AssetDatabase:Refresh()
SyntaxTree.VisualStudio.Unity.Bridge.<>c:<Refresh>b__11_0()
SyntaxTree.VisualStudio.Unity.Bridge.<>c__DisplayClass40_0:<RunOnceOnUpdate>b__0()
UnityEditor.EditorApplication:Internal_CallUpdateFunctions()

2020-07-20 01:50:11.5073 [DEBUG] Scene Fusion version 1.8.7-0
2020-07-20 01:51:39.6095 [DEBUG] Scene Fusion version 1.8.7-0
2020-07-20 01:51:39.7530 [DEBUG] Play mode: True, sync in play mode: False
2020-07-20 01:51:53.2675 [DEBUG] Play mode: False
2020-07-20 01:52:06.5961 [DEBUG] Scene Fusion version 1.8.7-0
2020-07-20 01:52:06.7718 [DEBUG] Play mode: True, sync in play mode: False
2020-07-20 01:52:36.8939 [DEBUG] Play mode: False
2020-07-20 01:52:57.1666 [DEBUG] Scene Fusion version 1.8.7-0
2020-07-20 01:52:57.3491 [DEBUG] Play mode: True, sync in play mode: False
2020-07-20 01:53:05.5103 [DEBUG] Play mode: False
2020-07-20 01:53:29.3538 [DEBUG] Scene Fusion version 1.8.7-0
2020-07-20 01:53:29.5370 [DEBUG] Play mode: True, sync in play mode: False
2020-07-20 01:53:47.8810 [DEBUG] Play mode: False
2020-07-20 01:53:54.0468 [DEBUG] Scene Fusion version 1.8.7-0
2020-07-20 01:53:54.2195 [DEBUG] Play mode: True, sync in play mode: False
2020-07-20 01:53:59.6595 [DEBUG] Play mode: False
2020-07-20 01:54:11.1215 [DEBUG] Scene Fusion version 1.8.7-0
2020-07-20 01:54:11.2991 [DEBUG] Play mode: True, sync in play mode: False
2020-07-20 01:54:13.4581 [DEBUG] Play mode: False
2020-07-20 01:54:19.3276 [DEBUG] Scene Fusion version 1.8.7-0
2020-07-20 01:54:19.5117 [DEBUG] Play mode: True, sync in play mode: False
2020-07-20 01:55:48.5831 [DEBUG] Play mode: False
2020-07-20 01:57:37.0512 [DEBUG] Scene Fusion version 1.8.7-0
2020-07-20 01:57:37.2092 [DEBUG] Play mode: True, sync in play mode: False
2020-07-20 01:57:40.1423 [DEBUG] Play mode: False
2020-07-20 01:58:07.1297 [DEBUG] Scene Fusion version 1.8.7-0
2020-07-20 01:58:07.6548 [DEBUG] Play mode: True, sync in play mode: False
2020-07-20 01:58:13.0742 [DEBUG] Play mode: False
2020-07-20 02:00:19.5567 [DEBUG] Scene Fusion version 1.8.7-0
2020-07-20 02:00:19.7587 [DEBUG] Play mode: True, sync in play mode: False
2020-07-20 02:00:20.2050 [DEBUG] Play mode: False
2020-07-20 02:00:24.1988 [DEBUG] Scene Fusion version 1.8.7-0
2020-07-20 02:00:24.4982 [DEBUG] Play mode: True, sync in play mode: False
2020-07-20 02:00:28.6288 [DEBUG] Play mode: False
2020-07-20 02:01:00.2721 [DEBUG] Scene Fusion version 1.8.7-0
2020-07-20 02:01:00.5907 [DEBUG] Play mode: True, sync in play mode: False
2020-07-20 02:01:03.1180 [DEBUG] Play mode: False
2020-07-20 02:01:31.5682 [DEBUG] Scene Fusion version 1.8.7-0
2020-07-20 02:01:31.8707 [DEBUG] Play mode: True, sync in play mode: False
2020-07-20 02:02:21.4788 [DEBUG] Play mode: False
2020-07-20 02:02:27.0009 [DEBUG] Scene Fusion version 1.8.7-0
2020-07-20 02:02:27.3084 [DEBUG] Play mode: True, sync in play mode: False
2020-07-20 02:06:00.4987 [DEBUG] Play mode: False
2020-07-20 02:07:03.5558 [DEBUG] Scene Fusion version 1.8.7-0
2020-07-20 02:07:03.7393 [DEBUG] Play mode: True, sync in play mode: False
2020-07-20 02:07:04.9907 [DEBUG] Play mode: False
2020-07-20 02:07:49.5767 [DEBUG] Scene Fusion version 1.8.7-0
2020-07-20 02:07:49.7769 [DEBUG] Play mode: True, sync in play mode: False
2020-07-20 02:07:51.8369 [DEBUG] Play mode: False
2020-07-20 02:09:12.8463 [DEBUG] Scene Fusion version 1.8.7-0
2020-07-20 02:09:13.0249 [DEBUG] Play mode: True, sync in play mode: False
2020-07-20 02:09:15.4306 [ERROR] ArgumentNullException: Value cannot be null.
Parameter name: source
UnityEngine.AudioSource.Play () (at <bc2876e8ff0b42a2a2a11b51f2b23c8a>:0)
Movement.runSound () (at Assets/Scripts/Movement.cs:642)

2020-07-20 02:09:15.9283 [ERROR] ArgumentNullException: Value cannot be null.
Parameter name: source
UnityEngine.AudioSource.Play () (at <bc2876e8ff0b42a2a2a11b51f2b23c8a>:0)
Movement.runSound () (at Assets/Scripts/Movement.cs:642)

2020-07-20 02:09:15.9293 [ERROR] ArgumentNullException: Value cannot be null.
Parameter name: source
UnityEngine.AudioSource.Play () (at <bc2876e8ff0b42a2a2a11b51f2b23c8a>:0)
Movement.jumpSound () (at Assets/Scripts/Movement.cs:647)

2020-07-20 02:09:16.3274 [ERROR] ArgumentNullException: Value cannot be null.
Parameter name: source
UnityEngine.AudioSource.Play () (at <bc2876e8ff0b42a2a2a11b51f2b23c8a>:0)
Movement.runSound () (at Assets/Scripts/Movement.cs:642)

2020-07-20 02:09:16.9501 [ERROR] ArgumentNullException: Value cannot be null.
Parameter name: source
UnityEngine.AudioSource.Play () (at <bc2876e8ff0b42a2a2a11b51f2b23c8a>:0)
Movement.runSound () (at Assets/Scripts/Movement.cs:642)

2020-07-20 02:09:41.0266 [DEBUG] Play mode: False
2020-07-20 02:10:50.5848 [DEBUG] Scene Fusion version 1.8.7-0
2020-07-20 02:10:50.7722 [DEBUG] Play mode: True, sync in play mode: False
2020-07-20 02:10:52.0515 [ERROR] ArgumentNullException: Value cannot be null.
Parameter name: source
UnityEngine.AudioSource.Play () (at <bc2876e8ff0b42a2a2a11b51f2b23c8a>:0)
Movement.runSound () (at Assets/Scripts/Movement.cs:642)

2020-07-20 02:10:52.5413 [ERROR] ArgumentNullException: Value cannot be null.
Parameter name: source
UnityEngine.AudioSource.Play () (at <bc2876e8ff0b42a2a2a11b51f2b23c8a>:0)
Movement.runSound () (at Assets/Scripts/Movement.cs:642)

2020-07-20 02:10:52.8096 [ERROR] ArgumentNullException: Value cannot be null.
Parameter name: source
UnityEngine.AudioSource.Play () (at <bc2876e8ff0b42a2a2a11b51f2b23c8a>:0)
Movement.jumpSound () (at Assets/Scripts/Movement.cs:647)

2020-07-20 02:10:53.1585 [ERROR] ArgumentNullException: Value cannot be null.
Parameter name: source
UnityEngine.AudioSource.Play () (at <bc2876e8ff0b42a2a2a11b51f2b23c8a>:0)
Movement.dashsound () (at Assets/Scripts/Movement.cs:652)

2020-07-20 02:10:54.1994 [ERROR] ArgumentNullException: Value cannot be null.
Parameter name: source
UnityEngine.AudioSource.Play () (at <bc2876e8ff0b42a2a2a11b51f2b23c8a>:0)
Movement.jumpSound () (at Assets/Scripts/Movement.cs:647)

2020-07-20 02:10:54.5803 [ERROR] ArgumentNullException: Value cannot be null.
Parameter name: source
UnityEngine.AudioSource.Play () (at <bc2876e8ff0b42a2a2a11b51f2b23c8a>:0)
Movement.dashsound () (at Assets/Scripts/Movement.cs:652)

2020-07-20 02:10:55.5552 [ERROR] ArgumentNullException: Value cannot be null.
Parameter name: source
UnityEngine.AudioSource.Play () (at <bc2876e8ff0b42a2a2a11b51f2b23c8a>:0)
Movement.runSound () (at Assets/Scripts/Movement.cs:642)

2020-07-20 02:10:55.9120 [ERROR] ArgumentNullException: Value cannot be null.
Parameter name: source
UnityEngine.AudioSource.Play () (at <bc2876e8ff0b42a2a2a11b51f2b23c8a>:0)
Movement.runSound () (at Assets/Scripts/Movement.cs:642)

2020-07-20 02:10:57.3485 [ERROR] ArgumentNullException: Value cannot be null.
Parameter name: source
UnityEngine.AudioSource.Play () (at <bc2876e8ff0b42a2a2a11b51f2b23c8a>:0)
Movement.runSound () (at Assets/Scripts/Movement.cs:642)

2020-07-20 02:10:57.9917 [ERROR] ArgumentNullException: Value cannot be null.
Parameter name: source
UnityEngine.AudioSource.Play () (at <bc2876e8ff0b42a2a2a11b51f2b23c8a>:0)
Movement.runSound () (at Assets/Scripts/Movement.cs:642)

2020-07-20 02:11:02.8137 [DEBUG] Play mode: False
2020-07-20 02:12:31.9951 [DEBUG] Scene Fusion version 1.8.7-0
2020-07-20 02:12:32.1571 [DEBUG] Play mode: True, sync in play mode: False
2020-07-20 02:12:35.1098 [ERROR] ArgumentNullException: Value cannot be null.
Parameter name: source
UnityEngine.AudioSource.Play () (at <bc2876e8ff0b42a2a2a11b51f2b23c8a>:0)
Movement.jumpSound () (at Assets/Scripts/Movement.cs:647)

2020-07-20 02:12:35.7681 [ERROR] ArgumentNullException: Value cannot be null.
Parameter name: source
UnityEngine.AudioSource.Play () (at <bc2876e8ff0b42a2a2a11b51f2b23c8a>:0)
Movement.dashsound () (at Assets/Scripts/Movement.cs:652)

2020-07-20 02:12:41.0116 [DEBUG] Play mode: False
2020-07-20 02:13:11.5356 [DEBUG] Scene Fusion version 1.8.7-0
2020-07-20 02:13:11.7133 [DEBUG] Play mode: True, sync in play mode: False
2020-07-20 02:13:12.3463 [ERROR] ArgumentNullException: Value cannot be null.
Parameter name: source
UnityEngine.AudioSource.Play () (at <bc2876e8ff0b42a2a2a11b51f2b23c8a>:0)
Movement.jumpSound () (at Assets/Scripts/Movement.cs:647)

2020-07-20 02:13:12.6303 [ERROR] NullReferenceException: Object reference not set to an instance of an object
Movement+<DashWait>d__62.MoveNext () (at Assets/Scripts/Movement.cs:441)
UnityEngine.SetupCoroutine.InvokeMoveNext (System.Collections.IEnumerator enumerator, System.IntPtr returnValueAddress) (at <e98ed0368295432e8c11e52d6243ee11>:0)
UnityEngine.MonoBehaviour:StartCoroutine(IEnumerator)
Movement:Dash(Single, Single) (at Assets/Scripts/Movement.cs:419)
Movement:Update() (at Assets/Scripts/Movement.cs:271)

2020-07-20 02:13:12.6596 [ERROR] ArgumentNullException: Value cannot be null.
Parameter name: source
UnityEngine.AudioSource.Play () (at <bc2876e8ff0b42a2a2a11b51f2b23c8a>:0)
Movement.dashsound () (at Assets/Scripts/Movement.cs:652)

2020-07-20 02:13:13.8298 [ERROR] ArgumentNullException: Value cannot be null.
Parameter name: source
UnityEngine.AudioSource.Play () (at <bc2876e8ff0b42a2a2a11b51f2b23c8a>:0)
Movement.jumpSound () (at Assets/Scripts/Movement.cs:647)

2020-07-20 02:13:14.1124 [ERROR] NullReferenceException: Object reference not set to an instance of an object
Movement+<DashWait>d__62.MoveNext () (at Assets/Scripts/Movement.cs:441)
UnityEngine.SetupCoroutine.InvokeMoveNext (System.Collections.IEnumerator enumerator, System.IntPtr returnValueAddress) (at <e98ed0368295432e8c11e52d6243ee11>:0)
UnityEngine.MonoBehaviour:StartCoroutine(IEnumerator)
Movement:Dash(Single, Single) (at Assets/Scripts/Movement.cs:419)
Movement:Update() (at Assets/Scripts/Movement.cs:271)

2020-07-20 02:13:14.1134 [ERROR] ArgumentNullException: Value cannot be null.
Parameter name: source
UnityEngine.AudioSource.Play () (at <bc2876e8ff0b42a2a2a11b51f2b23c8a>:0)
Movement.dashsound () (at Assets/Scripts/Movement.cs:652)

2020-07-20 02:13:15.2902 [ERROR] ArgumentNullException: Value cannot be null.
Parameter name: source
UnityEngine.AudioSource.Play () (at <bc2876e8ff0b42a2a2a11b51f2b23c8a>:0)
Movement.jumpSound () (at Assets/Scripts/Movement.cs:647)

2020-07-20 02:13:15.5373 [ERROR] NullReferenceException: Object reference not set to an instance of an object
Movement+<DashWait>d__62.MoveNext () (at Assets/Scripts/Movement.cs:441)
UnityEngine.SetupCoroutine.InvokeMoveNext (System.Collections.IEnumerator enumerator, System.IntPtr returnValueAddress) (at <e98ed0368295432e8c11e52d6243ee11>:0)
UnityEngine.MonoBehaviour:StartCoroutine(IEnumerator)
Movement:Dash(Single, Single) (at Assets/Scripts/Movement.cs:419)
Movement:Update() (at Assets/Scripts/Movement.cs:271)

2020-07-20 02:13:15.5383 [ERROR] ArgumentNullException: Value cannot be null.
Parameter name: source
UnityEngine.AudioSource.Play () (at <bc2876e8ff0b42a2a2a11b51f2b23c8a>:0)
Movement.dashsound () (at Assets/Scripts/Movement.cs:652)

2020-07-20 02:13:16.7391 [ERROR] ArgumentNullException: Value cannot be null.
Parameter name: source
UnityEngine.AudioSource.Play () (at <bc2876e8ff0b42a2a2a11b51f2b23c8a>:0)
Movement.jumpSound () (at Assets/Scripts/Movement.cs:647)

2020-07-20 02:13:17.5863 [ERROR] ArgumentNullException: Value cannot be null.
Parameter name: source
UnityEngine.AudioSource.Play () (at <bc2876e8ff0b42a2a2a11b51f2b23c8a>:0)
Movement.jumpSound () (at Assets/Scripts/Movement.cs:647)

2020-07-20 02:13:18.2950 [ERROR] ArgumentNullException: Value cannot be null.
Parameter name: source
UnityEngine.AudioSource.Play () (at <bc2876e8ff0b42a2a2a11b51f2b23c8a>:0)
Movement.jumpSound () (at Assets/Scripts/Movement.cs:647)

2020-07-20 02:13:20.7163 [DEBUG] Play mode: False
2020-07-20 02:13:27.5514 [DEBUG] Scene Fusion version 1.8.7-0
2020-07-20 02:13:27.7143 [DEBUG] Play mode: True, sync in play mode: False
2020-07-20 02:13:28.4479 [ERROR] ArgumentNullException: Value cannot be null.
Parameter name: source
UnityEngine.AudioSource.Play () (at <bc2876e8ff0b42a2a2a11b51f2b23c8a>:0)
Movement.jumpSound () (at Assets/Scripts/Movement.cs:647)

2020-07-20 02:13:28.7758 [ERROR] ArgumentNullException: Value cannot be null.
Parameter name: source
UnityEngine.AudioSource.Play () (at <bc2876e8ff0b42a2a2a11b51f2b23c8a>:0)
Movement.dashsound () (at Assets/Scripts/Movement.cs:652)

2020-07-20 02:13:29.7401 [ERROR] ArgumentNullException: Value cannot be null.
Parameter name: source
UnityEngine.AudioSource.Play () (at <bc2876e8ff0b42a2a2a11b51f2b23c8a>:0)
Movement.jumpSound () (at Assets/Scripts/Movement.cs:647)

2020-07-20 02:13:29.9920 [ERROR] ArgumentNullException: Value cannot be null.
Parameter name: source
UnityEngine.AudioSource.Play () (at <bc2876e8ff0b42a2a2a11b51f2b23c8a>:0)
Movement.dashsound () (at Assets/Scripts/Movement.cs:652)

2020-07-20 02:13:30.8958 [ERROR] ArgumentNullException: Value cannot be null.
Parameter name: source
UnityEngine.AudioSource.Play () (at <bc2876e8ff0b42a2a2a11b51f2b23c8a>:0)
Movement.jumpSound () (at Assets/Scripts/Movement.cs:647)

2020-07-20 02:13:31.1789 [ERROR] ArgumentNullException: Value cannot be null.
Parameter name: source
UnityEngine.AudioSource.Play () (at <bc2876e8ff0b42a2a2a11b51f2b23c8a>:0)
Movement.dashsound () (at Assets/Scripts/Movement.cs:652)

2020-07-20 02:13:33.0363 [DEBUG] Play mode: False
2020-07-20 02:54:19.8578 [DEBUG] Scene Fusion version 1.8.7-0
2020-07-20 02:54:21.0607 [DEBUG] Play mode: True, sync in play mode: False
2020-07-20 02:54:23.1639 [DEBUG] Play mode: False
2020-07-20 02:56:39.8690 [DEBUG] Scene Fusion version 1.8.7-0
2020-07-20 02:56:40.0447 [DEBUG] Play mode: True, sync in play mode: False
2020-07-20 02:56:42.1139 [DEBUG] Play mode: False
2020-07-20 02:57:52.2042 [DEBUG] Scene Fusion version 1.8.7-0
2020-07-20 02:57:52.3779 [DEBUG] Play mode: True, sync in play mode: False
2020-07-20 02:58:02.5987 [DEBUG] Play mode: False
2020-07-20 03:05:29.6411 [DEBUG] Scene Fusion version 1.8.7-0
2020-07-20 03:05:29.8187 [DEBUG] Play mode: True, sync in play mode: False
2020-07-20 03:05:32.6096 [DEBUG] Play mode: False
2020-07-20 03:13:40.2970 [DEBUG] Scene Fusion version 1.8.7-0
2020-07-20 03:16:22.9137 [DEBUG] Scene Fusion version 1.8.7-0
2020-07-20 03:16:30.1475 [DEBUG] Scene Fusion version 1.8.7-0
2020-07-20 03:31:01.2521 [DEBUG] Scene Fusion version 1.8.7-0
2020-07-20 03:31:01.4107 [DEBUG] Play mode: True, sync in play mode: False
2020-07-20 03:31:05.7988 [DEBUG] Play mode: False
2020-07-20 03:32:17.6265 [DEBUG] Scene Fusion version 1.8.7-0
2020-07-20 03:32:17.8164 [DEBUG] Play mode: True, sync in play mode: False
2020-07-20 03:32:27.1638 [DEBUG] Play mode: False
2020-07-20 03:32:58.9254 [DEBUG] Scene Fusion version 1.8.7-0
2020-07-20 03:32:59.1069 [DEBUG] Play mode: True, sync in play mode: False
2020-07-20 03:33:22.0406 [DEBUG] Play mode: False
2020-07-20 03:33:32.0393 [DEBUG] Scene Fusion version 1.8.7-0
2020-07-20 03:33:32.2072 [DEBUG] Play mode: True, sync in play mode: False
2020-07-20 03:33:39.1127 [DEBUG] Play mode: False
2020-07-20 03:42:45.4919 [DEBUG] Scene Fusion version 1.8.7-0
2020-07-20 03:42:45.7047 [DEBUG] Play mode: True, sync in play mode: False
2020-07-20 03:42:49.3584 [DEBUG] Play mode: False
2020-07-20 03:42:53.7418 [DEBUG] Scene Fusion version 1.8.7-0
2020-07-20 03:42:53.9517 [DEBUG] Play mode: True, sync in play mode: False
2020-07-20 03:42:55.8945 [DEBUG] Play mode: False
2020-07-20 03:43:22.8359 [DEBUG] Scene Fusion version 1.8.7-0
2020-07-20 03:43:23.0375 [DEBUG] Play mode: True, sync in play mode: False
2020-07-20 03:43:26.2198 [DEBUG] Play mode: False
2020-07-20 03:43:30.8535 [DEBUG] Scene Fusion version 1.8.7-0
2020-07-20 03:43:31.0370 [DEBUG] Play mode: True, sync in play mode: False
2020-07-20 03:43:34.2855 [DEBUG] Play mode: False
2020-07-20 03:43:50.1184 [DEBUG] Scene Fusion version 1.8.7-0
2020-07-20 03:43:50.2916 [DEBUG] Play mode: True, sync in play mode: False
2020-07-20 03:43:52.2601 [DEBUG] Play mode: False
2020-07-20 03:43:57.6103 [DEBUG] Scene Fusion version 1.8.7-0
2020-07-20 03:43:57.7538 [DEBUG] Play mode: True, sync in play mode: False
2020-07-20 03:44:00.3497 [DEBUG] Play mode: False
2020-07-20 03:44:27.9343 [DEBUG] Scene Fusion version 1.8.7-0
2020-07-20 03:44:28.0856 [DEBUG] Play mode: True, sync in play mode: False
2020-07-20 03:44:31.4374 [DEBUG] Play mode: False
2020-07-20 03:44:36.9758 [DEBUG] Scene Fusion version 1.8.7-0
2020-07-20 03:44:37.1124 [DEBUG] Play mode: True, sync in play mode: False
2020-07-20 03:44:40.8979 [DEBUG] Play mode: False
2020-07-20 03:45:01.0588 [DEBUG] Scene Fusion version 1.8.7-0
2020-07-20 03:45:01.2003 [DEBUG] Play mode: True, sync in play mode: False
2020-07-20 03:45:06.6492 [DEBUG] Play mode: False
2020-07-20 03:45:28.8439 [DEBUG] Scene Fusion version 1.8.7-0
2020-07-20 03:45:29.0037 [DEBUG] Play mode: True, sync in play mode: False
2020-07-20 03:45:34.2552 [DEBUG] Play mode: False
2020-07-20 03:45:44.0915 [DEBUG] Scene Fusion version 1.8.7-0
2020-07-20 03:45:44.2379 [DEBUG] Play mode: True, sync in play mode: False
2020-07-20 03:45:49.5647 [DEBUG] Play mode: False
2020-07-20 03:46:03.3625 [DEBUG] Scene Fusion version 1.8.7-0
2020-07-20 03:46:03.5030 [DEBUG] Play mode: True, sync in play mode: False
2020-07-20 03:46:09.1649 [DEBUG] Play mode: False
2020-07-20 03:46:28.9989 [DEBUG] Scene Fusion version 1.8.7-0
2020-07-20 03:46:29.1482 [DEBUG] Play mode: True, sync in play mode: False
2020-07-20 03:46:34.9995 [DEBUG] Play mode: False
2020-07-20 03:47:57.6361 [DEBUG] Scene Fusion version 1.8.7-0
2020-07-20 03:47:57.7737 [DEBUG] Play mode: True, sync in play mode: False
2020-07-20 03:48:00.6341 [DEBUG] Play mode: False
2020-07-20 04:30:55.9389 [DEBUG] Scene Fusion version 1.8.7-0
2020-07-20 04:30:56.0849 [DEBUG] Play mode: True, sync in play mode: False
2020-07-20 04:31:01.6448 [DEBUG] Play mode: False
2020-07-20 16:01:09.0165 [DEBUG] Scene Fusion version 1.8.7-0
2020-07-20 16:28:03.7835 [DEBUG] Scene Fusion version 1.8.7-0
2020-07-20 16:28:03.9231 [DEBUG] Play mode: True, sync in play mode: False
2020-07-20 16:28:56.3663 [DEBUG] Play mode: False
2020-07-20 16:29:35.5171 [DEBUG] Scene Fusion version 1.8.7-0
2020-07-20 16:29:35.6519 [DEBUG] Play mode: True, sync in play mode: False
2020-07-20 16:29:41.9510 [DEBUG] Play mode: False
2020-07-20 16:29:48.1021 [DEBUG] Scene Fusion version 1.8.7-0
2020-07-20 16:29:48.2384 [DEBUG] Play mode: True, sync in play mode: False
2020-07-20 16:29:57.5219 [DEBUG] Play mode: False
2020-07-20 16:30:02.9218 [DEBUG] Scene Fusion version 1.8.7-0
2020-07-20 16:30:03.0585 [DEBUG] Play mode: True, sync in play mode: False
2020-07-20 16:30:05.3947 [DEBUG] Play mode: False
2020-07-20 16:30:10.6654 [DEBUG] Scene Fusion version 1.8.7-0
2020-07-20 16:30:10.8010 [DEBUG] Play mode: True, sync in play mode: False
2020-07-20 16:30:13.5364 [DEBUG] Play mode: False
2020-07-20 16:30:20.6126 [DEBUG] Scene Fusion version 1.8.7-0
2020-07-20 16:30:20.7508 [DEBUG] Play mode: True, sync in play mode: False
2020-07-20 16:30:25.5649 [DEBUG] Play mode: False
2020-07-20 16:30:31.5826 [DEBUG] Scene Fusion version 1.8.7-0
2020-07-20 16:30:31.7215 [DEBUG] Play mode: True, sync in play mode: False
2020-07-20 16:30:36.4421 [DEBUG] Play mode: False
2020-07-20 16:30:41.9043 [DEBUG] Scene Fusion version 1.8.7-0
2020-07-20 16:30:42.0421 [DEBUG] Play mode: True, sync in play mode: False
2020-07-20 16:30:44.8178 [DEBUG] Play mode: False
2020-07-20 16:30:51.6638 [DEBUG] Scene Fusion version 1.8.7-0
2020-07-20 16:30:51.7976 [DEBUG] Play mode: True, sync in play mode: False
2020-07-20 16:31:00.3738 [DEBUG] Play mode: False
2020-07-20 16:52:43.3940 [DEBUG] Scene Fusion version 1.8.7-0
2020-07-20 16:52:43.5385 [DEBUG] Play mode: True, sync in play mode: False
2020-07-20 16:52:45.4445 [DEBUG] Play mode: False
2020-07-20 16:59:01.3282 [DEBUG] Scene Fusion version 1.8.7-0
2020-07-20 16:59:01.4745 [DEBUG] Play mode: True, sync in play mode: False
2020-07-20 16:59:02.4862 [DEBUG] Play mode: False
2020-07-20 17:08:07.5584 [DEBUG] Scene Fusion version 1.8.7-0
2020-07-20 17:08:07.8627 [DEBUG] Play mode: True, sync in play mode: False
2020-07-20 17:08:10.2385 [DEBUG] Play mode: False
2020-07-20 17:08:49.7179 [DEBUG] Scene Fusion version 1.8.7-0
2020-07-20 17:08:49.8515 [DEBUG] Play mode: True, sync in play mode: False
2020-07-20 17:08:51.5541 [DEBUG] Play mode: False
2020-07-20 17:09:26.4733 [DEBUG] Scene Fusion version 1.8.7-0
2020-07-20 17:09:26.6090 [DEBUG] Play mode: True, sync in play mode: False
2020-07-20 17:09:29.4862 [DEBUG] Play mode: False
2020-07-20 17:09:46.5905 [DEBUG] Scene Fusion version 1.8.7-0
2020-07-20 17:09:46.7222 [DEBUG] Play mode: True, sync in play mode: False
2020-07-20 17:09:48.8733 [DEBUG] Play mode: False
2020-07-20 17:10:02.7195 [DEBUG] Scene Fusion version 1.8.7-0
2020-07-20 17:10:02.8476 [DEBUG] Play mode: True, sync in play mode: False
2020-07-20 17:10:04.2420 [DEBUG] Play mode: False
2020-07-20 17:21:10.6219 [DEBUG] Scene Fusion version 1.8.7-0
2020-07-20 17:21:10.7571 [DEBUG] Play mode: True, sync in play mode: False
2020-07-20 17:21:12.7829 [DEBUG] Play mode: False
2020-07-20 17:26:43.2567 [DEBUG] Scene Fusion version 1.8.7-0
2020-07-20 17:26:43.3968 [DEBUG] Play mode: True, sync in play mode: False
2020-07-20 17:26:46.7196 [DEBUG] Play mode: False
2020-07-20 17:44:05.3138 [DEBUG] Scene Fusion version 1.8.7-0
2020-07-20 17:44:05.4485 [DEBUG] Play mode: True, sync in play mode: False
2020-07-20 17:44:08.8377 [DEBUG] Play mode: False
2020-07-20 17:46:09.8249 [DEBUG] Scene Fusion version 1.8.7-0
2020-07-20 17:46:09.9664 [DEBUG] Play mode: True, sync in play mode: False
2020-07-20 17:46:12.2489 [DEBUG] Play mode: False
2020-07-20 17:46:36.9268 [DEBUG] Scene Fusion version 1.8.7-0
2020-07-20 17:46:37.0684 [DEBUG] Play mode: True, sync in play mode: False
2020-07-20 17:46:41.3841 [DEBUG] Play mode: False
2020-07-20 17:47:11.5730 [DEBUG] Scene Fusion version 1.8.7-0
2020-07-20 17:47:11.7116 [DEBUG] Play mode: True, sync in play mode: False
2020-07-20 17:47:14.9704 [DEBUG] Play mode: False
2020-07-20 17:47:25.6289 [DEBUG] Scene Fusion version 1.8.7-0
2020-07-20 17:47:25.7636 [DEBUG] Play mode: True, sync in play mode: False
2020-07-20 17:47:29.0919 [DEBUG] Play mode: False
2020-07-20 17:47:36.5806 [DEBUG] Scene Fusion version 1.8.7-0
2020-07-20 17:47:36.7124 [DEBUG] Play mode: True, sync in play mode: False
2020-07-20 17:47:39.4699 [DEBUG] Play mode: False
2020-07-20 18:17:05.5480 [DEBUG] Scene Fusion version 1.8.7-0
2020-07-20 18:19:06.5734 [DEBUG] Scene Fusion version 1.8.7-0
2020-07-20 18:19:06.6831 [DEBUG] Play mode: True, sync in play mode: False
2020-07-20 18:19:10.1066 [DEBUG] Play mode: False
2020-07-20 18:19:33.9809 [DEBUG] Scene Fusion version 1.8.7-0
2020-07-20 18:19:34.1137 [DEBUG] Play mode: True, sync in play mode: False
2020-07-20 18:19:35.3792 [DEBUG] Play mode: False
2020-07-20 18:29:23.6641 [DEBUG] Scene Fusion version 1.8.7-0
2020-07-20 18:29:23.7972 [DEBUG] Play mode: True, sync in play mode: False
2020-07-20 18:29:30.0775 [DEBUG] Play mode: False
2020-07-20 18:30:42.9543 [DEBUG] Scene Fusion version 1.8.7-0
2020-07-20 18:30:43.0940 [DEBUG] Play mode: True, sync in play mode: False
2020-07-20 18:30:50.2634 [DEBUG] Play mode: False
2020-07-20 18:34:41.3351 [DEBUG] Scene Fusion version 1.8.7-0
2020-07-20 18:52:06.7568 [DEBUG] Scene Fusion version 1.8.7-0
2020-07-20 18:52:55.0605 [DEBUG] Scene Fusion version 1.8.7-0
2020-07-20 18:54:58.5000 [DEBUG] Scene Fusion version 1.8.7-0
2020-07-20 19:07:42.1061 [DEBUG] Scene Fusion version 1.8.7-0
2020-07-20 19:08:27.3362 [DEBUG] Scene Fusion version 1.8.7-0
2020-07-20 19:08:27.4513 [DEBUG] Play mode: True, sync in play mode: False
2020-07-20 19:08:32.1340 [DEBUG] Play mode: False
2020-07-20 19:09:25.2905 [DEBUG] Scene Fusion version 1.8.7-0
2020-07-20 19:09:45.2793 [DEBUG] Scene Fusion version 1.8.7-0
2020-07-20 19:09:45.3847 [DEBUG] Play mode: True, sync in play mode: False
2020-07-20 19:09:52.9250 [DEBUG] Play mode: False
2020-07-20 19:11:26.1329 [DEBUG] Scene Fusion version 1.8.7-0
2020-07-20 19:13:38.6478 [DEBUG] Scene Fusion version 1.8.7-0
2020-07-20 19:13:38.7556 [DEBUG] Play mode: True, sync in play mode: False
2020-07-20 19:13:54.5478 [DEBUG] Play mode: False
2020-07-20 19:16:20.5483 [DEBUG] Scene Fusion version 1.8.7-0
2020-07-20 19:16:20.6933 [DEBUG] Play mode: True, sync in play mode: False
2020-07-20 19:16:22.5728 [DEBUG] Play mode: False
2020-07-20 19:17:09.2269 [DEBUG] Scene Fusion version 1.8.7-0
2020-07-20 19:17:09.3674 [DEBUG] Play mode: True, sync in play mode: False
2020-07-20 19:17:16.7183 [DEBUG] Play mode: False
2020-07-20 19:18:26.0920 [DEBUG] Scene Fusion version 1.8.7-0
2020-07-20 19:18:26.2286 [DEBUG] Play mode: True, sync in play mode: False
2020-07-20 19:18:30.7527 [DEBUG] Play mode: False
2020-07-20 19:18:44.5013 [DEBUG] Scene Fusion version 1.8.7-0
2020-07-20 19:18:44.6341 [DEBUG] Play mode: True, sync in play mode: False
2020-07-20 19:18:45.9947 [DEBUG] Play mode: False
2020-07-20 19:23:11.2812 [DEBUG] Scene Fusion version 1.8.7-0
2020-07-20 19:23:11.4315 [DEBUG] Play mode: True, sync in play mode: False
2020-07-20 19:23:32.9273 [DEBUG] Play mode: False
2020-07-20 19:27:06.6297 [DEBUG] Scene Fusion version 1.8.7-0
2020-07-20 19:27:06.7761 [DEBUG] Play mode: True, sync in play mode: False
2020-07-20 19:27:07.7770 [DEBUG] Play mode: False
2020-07-20 19:27:11.1118 [DEBUG] Scene Fusion version 1.8.7-0
2020-07-20 19:27:11.2494 [DEBUG] Play mode: True, sync in play mode: False
2020-07-20 19:27:19.2310 [DEBUG] Play mode: False
2020-07-20 19:27:25.3638 [DEBUG] Scene Fusion version 1.8.7-0
2020-07-20 19:27:25.5014 [DEBUG] Play mode: True, sync in play mode: False
2020-07-20 19:27:33.4138 [DEBUG] Play mode: False
2020-07-20 19:27:44.0682 [DEBUG] Scene Fusion version 1.8.7-0
2020-07-20 19:27:44.2057 [DEBUG] Play mode: True, sync in play mode: False
2020-07-20 19:27:48.3596 [DEBUG] Play mode: False
2020-07-20 19:28:57.4030 [DEBUG] Scene Fusion version 1.8.7-0
2020-07-20 19:28:57.5539 [DEBUG] Play mode: True, sync in play mode: False
2020-07-20 19:29:04.7494 [DEBUG] Play mode: False
2020-07-20 19:30:30.5937 [DEBUG] Scene Fusion version 1.8.7-0
2020-07-20 19:30:30.7324 [DEBUG] Play mode: True, sync in play mode: False
2020-07-20 19:30:43.2208 [DEBUG] Play mode: False
2020-07-20 19:30:46.0776 [DEBUG] Scene Fusion version 1.8.7-0
2020-07-20 19:30:46.2162 [DEBUG] Play mode: True, sync in play mode: False
2020-07-20 19:30:52.6296 [DEBUG] Play mode: False
2020-07-20 19:31:29.6695 [DEBUG] Scene Fusion version 1.8.7-0
2020-07-20 19:31:29.8100 [DEBUG] Play mode: True, sync in play mode: False
2020-07-20 19:31:38.4751 [DEBUG] Play mode: False
2020-07-20 19:31:52.8949 [DEBUG] Scene Fusion version 1.8.7-0
2020-07-20 19:31:53.0345 [DEBUG] Play mode: True, sync in play mode: False
2020-07-20 19:32:04.1234 [DEBUG] Play mode: False
2020-07-20 19:33:02.9248 [DEBUG] Scene Fusion version 1.8.7-0
2020-07-20 19:33:03.0663 [DEBUG] Play mode: True, sync in play mode: False
2020-07-20 19:33:50.6429 [DEBUG] Play mode: False
2020-07-20 21:30:33.0764 [DEBUG] Scene Fusion version 1.8.7-0
2020-07-20 21:30:57.2970 [DEBUG] Scene Fusion version 1.8.7-0
2020-07-20 21:30:57.3995 [DEBUG] Play mode: True, sync in play mode: False
2020-07-20 21:31:00.3784 [DEBUG] Play mode: False
2020-07-20 21:35:51.8534 [DEBUG] Scene Fusion version 1.8.7-0
2020-07-20 21:35:51.9872 [DEBUG] Play mode: True, sync in play mode: False
2020-07-20 21:35:56.0037 [DEBUG] Play mode: False
2020-07-20 21:40:26.2318 [DEBUG] Scene Fusion version 1.8.7-0
2020-07-20 21:41:16.0476 [DEBUG] Scene Fusion version 1.8.7-0
2020-07-20 21:41:16.1521 [DEBUG] Play mode: True, sync in play mode: False
2020-07-20 21:41:19.4237 [DEBUG] Play mode: False
2020-07-20 21:43:39.0389 [DEBUG] Scene Fusion version 1.8.7-0
2020-07-20 22:00:44.7756 [DEBUG] Scene Fusion version 1.8.7-0
2020-07-20 22:00:44.8810 [DEBUG] Play mode: True, sync in play mode: False
2020-07-20 22:00:49.7128 [DEBUG] Play mode: False
2020-07-20 22:04:57.7966 [DEBUG] Scene Fusion version 1.8.7-0
2020-07-20 22:04:57.9391 [DEBUG] Play mode: True, sync in play mode: False
2020-07-20 22:05:12.3869 [DEBUG] Play mode: False
2020-07-20 22:20:39.6976 [DEBUG] Scene Fusion version 1.8.7-0
2020-07-20 22:24:24.0462 [DEBUG] Scene Fusion version 1.8.7-0
2020-07-20 22:25:36.7886 [DEBUG] Scene Fusion version 1.8.7-0
2020-07-20 22:25:54.2571 [DEBUG] Scene Fusion version 1.8.7-0
2020-07-20 22:34:33.9515 [DEBUG] Scene Fusion version 1.8.7-0
2020-07-20 22:45:24.6102 [DEBUG] Scene Fusion version 1.8.7-0
2020-07-20 22:45:27.5934 [DEBUG] Scene Fusion version 1.8.7-0
2020-07-20 22:45:27.7004 [DEBUG] Play mode: True, sync in play mode: False
2020-07-20 22:45:43.5650 [DEBUG] Play mode: False
2020-07-20 22:47:18.8239 [DEBUG] Scene Fusion version 1.8.7-0
2020-07-20 22:47:18.9654 [DEBUG] Play mode: True, sync in play mode: False
2020-07-20 22:47:21.0863 [ERROR] NullReferenceException: Object reference not set to an instance of an object
SaveName.ChangeLoadName () (at Assets/Scripts/Menu/SaveName.cs:13)
UnityEngine.Events.InvokableCall.Invoke () (at <e98ed0368295432e8c11e52d6243ee11>:0)
UnityEngine.Events.UnityEvent.Invoke () (at <e98ed0368295432e8c11e52d6243ee11>:0)
UnityEngine.UI.Button.Press () (at C:/Program Files/Unity/Hub/Editor/2019.3.15f1/Editor/Data/Resources/PackageManager/BuiltInPackages/com.unity.ugui/Runtime/UI/Core/Button.cs:68)
UnityEngine.UI.Button.OnPointerClick (UnityEngine.EventSystems.PointerEventData eventData) (at C:/Program Files/Unity/Hub/Editor/2019.3.15f1/Editor/Data/Resources/PackageManager/BuiltInPackages/com.unity.ugui/Runtime/UI/Core/Button.cs:110)
UnityEngine.EventSystems.ExecuteEvents.Execute (UnityEngine.EventSystems.IPointerClickHandler handler, UnityEngine.EventSystems.BaseEventData eventData) (at C:/Program Files/Unity/Hub/Editor/2019.3.15f1/Editor/Data/Resources/PackageManager/BuiltInPackages/com.unity.ugui/Runtime/EventSystem/ExecuteEvents.cs:50)
UnityEngine.EventSystems.ExecuteEvents.Execute[T] (UnityEngine.GameObject target, UnityEngine.EventSystems.BaseEventData eventData, UnityEngine.EventSystems.ExecuteEvents+EventFunction`1[T1] functor) (at C:/Program Files/Unity/Hub/Editor/2019.3.15f1/Editor/Data/Resources/PackageManager/BuiltInPackages/com.unity.ugui/Runtime/EventSystem/ExecuteEvents.cs:261)
UnityEngine.EventSystems.EventSystem:Update() (at C:/Program Files/Unity/Hub/Editor/2019.3.15f1/Editor/Data/Resources/PackageManager/BuiltInPackages/com.unity.ugui/Runtime/EventSystem/EventSystem.cs:377)

2020-07-20 22:47:27.7019 [ERROR] NullReferenceException: Object reference not set to an instance of an object
SaveName.ChangeLoadName () (at Assets/Scripts/Menu/SaveName.cs:13)
UnityEngine.Events.InvokableCall.Invoke () (at <e98ed0368295432e8c11e52d6243ee11>:0)
UnityEngine.Events.UnityEvent.Invoke () (at <e98ed0368295432e8c11e52d6243ee11>:0)
UnityEngine.UI.Button.Press () (at C:/Program Files/Unity/Hub/Editor/2019.3.15f1/Editor/Data/Resources/PackageManager/BuiltInPackages/com.unity.ugui/Runtime/UI/Core/Button.cs:68)
UnityEngine.UI.Button.OnPointerClick (UnityEngine.EventSystems.PointerEventData eventData) (at C:/Program Files/Unity/Hub/Editor/2019.3.15f1/Editor/Data/Resources/PackageManager/BuiltInPackages/com.unity.ugui/Runtime/UI/Core/Button.cs:110)
UnityEngine.EventSystems.ExecuteEvents.Execute (UnityEngine.EventSystems.IPointerClickHandler handler, UnityEngine.EventSystems.BaseEventData eventData) (at C:/Program Files/Unity/Hub/Editor/2019.3.15f1/Editor/Data/Resources/PackageManager/BuiltInPackages/com.unity.ugui/Runtime/EventSystem/ExecuteEvents.cs:50)
UnityEngine.EventSystems.ExecuteEvents.Execute[T] (UnityEngine.GameObject target, UnityEngine.EventSystems.BaseEventData eventData, UnityEngine.EventSystems.ExecuteEvents+EventFunction`1[T1] functor) (at C:/Program Files/Unity/Hub/Editor/2019.3.15f1/Editor/Data/Resources/PackageManager/BuiltInPackages/com.unity.ugui/Runtime/EventSystem/ExecuteEvents.cs:261)
UnityEngine.EventSystems.EventSystem:Update() (at C:/Program Files/Unity/Hub/Editor/2019.3.15f1/Editor/Data/Resources/PackageManager/BuiltInPackages/com.unity.ugui/Runtime/EventSystem/EventSystem.cs:377)

2020-07-20 22:47:30.7669 [DEBUG] Play mode: False
2020-07-20 22:48:03.2533 [DEBUG] Scene Fusion version 1.8.7-0
2020-07-20 22:48:03.3909 [DEBUG] Play mode: True, sync in play mode: False
2020-07-20 22:48:10.2738 [DEBUG] Play mode: False
2020-07-20 22:48:44.0245 [DEBUG] Scene Fusion version 1.8.7-0
2020-07-20 22:48:50.8571 [DEBUG] Scene Fusion version 1.8.7-0
2020-07-20 22:48:50.9703 [DEBUG] Play mode: True, sync in play mode: False
2020-07-20 22:49:15.7329 [DEBUG] Play mode: False
2020-07-20 22:51:45.2008 [DEBUG] Scene Fusion version 1.8.7-0
2020-07-20 22:51:45.3482 [DEBUG] Play mode: True, sync in play mode: False
2020-07-20 22:51:48.7173 [DEBUG] Play mode: False
2020-07-20 22:53:26.9233 [DEBUG] Scene Fusion version 1.8.7-0
2020-07-20 22:53:27.0648 [DEBUG] Play mode: True, sync in play mode: False
2020-07-20 22:53:44.1305 [DEBUG] Play mode: False
2020-07-20 22:54:01.8898 [DEBUG] Scene Fusion version 1.8.7-0
2020-07-20 22:54:02.0245 [DEBUG] Play mode: True, sync in play mode: False
2020-07-20 22:54:46.6925 [DEBUG] Play mode: False
2020-07-20 22:55:29.2158 [DEBUG] Scene Fusion version 1.8.7-0
2020-07-20 22:55:29.3529 [DEBUG] Play mode: True, sync in play mode: False
2020-07-20 22:55:56.4930 [DEBUG] Play mode: False
2020-07-20 22:56:03.9628 [DEBUG] Scene Fusion version 1.8.7-0
2020-07-20 22:56:04.1014 [DEBUG] Play mode: True, sync in play mode: False
2020-07-20 22:56:13.6815 [DEBUG] Play mode: False
2020-07-20 22:58:41.3783 [DEBUG] Scene Fusion version 1.8.7-0
2020-07-20 22:58:41.5178 [DEBUG] Play mode: True, sync in play mode: False
2020-07-20 22:58:51.5148 [DEBUG] Play mode: False
2020-07-20 23:00:35.1043 [DEBUG] Scene Fusion version 1.8.7-0
2020-07-20 23:00:35.2393 [DEBUG] Play mode: True, sync in play mode: False
2020-07-20 23:00:49.2174 [DEBUG] Play mode: False
2020-07-20 23:01:35.5270 [DEBUG] Scene Fusion version 1.8.7-0
2020-07-20 23:01:35.6662 [DEBUG] Play mode: True, sync in play mode: False
2020-07-20 23:01:50.9408 [DEBUG] Play mode: False
2020-07-20 23:02:04.0321 [DEBUG] Scene Fusion version 1.8.7-0
2020-07-20 23:02:04.1775 [DEBUG] Play mode: True, sync in play mode: False
2020-07-20 23:02:11.0769 [DEBUG] Play mode: False
2020-07-20 23:03:22.8159 [DEBUG] Scene Fusion version 1.8.7-0
2020-07-20 23:03:22.9564 [DEBUG] Play mode: True, sync in play mode: False
2020-07-20 23:03:32.1095 [DEBUG] Play mode: False
2020-07-20 23:06:37.9082 [DEBUG] Scene Fusion version 1.8.7-0
2020-07-20 23:09:34.1268 [DEBUG] Scene Fusion version 1.8.7-0
2020-07-20 23:10:28.3299 [DEBUG] Scene Fusion version 1.8.7-0
2020-07-20 23:17:46.1405 [DEBUG] Scene Fusion version 1.8.7-0
2020-07-20 23:21:01.1547 [DEBUG] Scene Fusion version 1.8.7-0
2020-07-20 23:21:25.6919 [DEBUG] Scene Fusion version 1.8.7-0
2020-07-20 23:21:25.7983 [DEBUG] Play mode: True, sync in play mode: False
2020-07-20 23:22:04.6026 [DEBUG] Play mode: False
2020-07-20 23:25:34.2671 [DEBUG] Scene Fusion version 1.8.7-0
2020-07-20 23:25:34.4086 [DEBUG] Play mode: True, sync in play mode: False
2020-07-20 23:25:52.5998 [DEBUG] Play mode: False
