2020-06-24 02:32:42.5277 [DEBUG] Scene Fusion version 1.8.7-0
2020-06-24 03:53:35.9079 [DEBUG] Scene Fusion version 1.8.7-0
2020-06-24 03:53:36.6912 [DEBUG] Play mode: True, sync in play mode: False
2020-06-24 03:53:54.2009 [DEBUG] Play mode: False
2020-06-24 03:55:39.3729 [DEBUG] Scene Fusion version 1.8.7-0
2020-06-24 03:55:43.6363 [DEBUG] Scene Fusion version 1.8.7-0
2020-06-24 03:55:43.7558 [DEBUG] Play mode: True, sync in play mode: False
2020-06-24 03:55:56.8016 [DEBUG] Play mode: False
2020-06-24 03:56:05.8150 [DEBUG] Scene Fusion version 1.8.7-0
2020-06-24 03:56:05.9623 [DEBUG] Play mode: True, sync in play mode: False
2020-06-24 03:56:23.3831 [DEBUG] Play mode: False
2020-06-24 03:57:58.4607 [DEBUG] Scene Fusion version 1.8.7-0
2020-06-24 03:58:02.7766 [DEBUG] Scene Fusion version 1.8.7-0
2020-06-24 03:58:02.8957 [DEBUG] Play mode: True, sync in play mode: False
2020-06-24 03:58:10.3947 [DEBUG] Play mode: False
2020-06-24 03:59:06.8429 [DEBUG] Scene Fusion version 1.8.7-0
2020-06-24 03:59:09.9227 [DEBUG] Scene Fusion version 1.8.7-0
2020-06-24 03:59:10.0418 [DEBUG] Play mode: True, sync in play mode: False
2020-06-24 03:59:20.5184 [DEBUG] Play mode: False
2020-06-24 03:59:27.6023 [DEBUG] Scene Fusion version 1.8.7-0
2020-06-24 03:59:39.0315 [DEBUG] Scene Fusion version 1.8.7-0
2020-06-24 03:59:43.6787 [DEBUG] Scene Fusion version 1.8.7-0
2020-06-24 03:59:43.7987 [DEBUG] Play mode: True, sync in play mode: False
2020-06-24 04:00:01.2540 [DEBUG] Play mode: False
2020-06-24 04:02:03.4871 [DEBUG] Scene Fusion version 1.8.7-0
2020-06-24 04:02:28.2503 [DEBUG] Scene Fusion version 1.8.7-0
2020-06-24 04:02:39.1945 [DEBUG] Scene Fusion version 1.8.7-0
2020-06-24 04:02:39.3074 [DEBUG] Play mode: True, sync in play mode: False
2020-06-24 04:03:13.1768 [DEBUG] Play mode: False
2020-06-24 04:04:24.6514 [DEBUG] Scene Fusion version 1.8.7-0
2020-06-24 04:04:27.6959 [DEBUG] Scene Fusion version 1.8.7-0
2020-06-24 04:04:27.8111 [DEBUG] Play mode: True, sync in play mode: False
2020-06-24 04:04:32.7587 [DEBUG] Play mode: False
2020-06-24 04:05:19.9825 [DEBUG] Scene Fusion version 1.8.7-0
2020-06-24 04:05:23.6260 [DEBUG] Scene Fusion version 1.8.7-0
2020-06-24 04:05:23.7398 [DEBUG] Play mode: True, sync in play mode: False
2020-06-24 04:05:47.9559 [DEBUG] Play mode: False
2020-06-24 04:06:21.3543 [DEBUG] Scene Fusion version 1.8.7-0
2020-06-24 04:06:24.4732 [DEBUG] Scene Fusion version 1.8.7-0
2020-06-24 04:06:24.5864 [DEBUG] Play mode: True, sync in play mode: False
2020-06-24 04:06:35.0948 [DEBUG] Play mode: False
2020-06-24 04:07:07.5821 [DEBUG] Scene Fusion version 1.8.7-0
2020-06-24 04:07:10.5923 [DEBUG] Scene Fusion version 1.8.7-0
2020-06-24 04:07:10.7124 [DEBUG] Play mode: True, sync in play mode: False
2020-06-24 04:07:15.2752 [DEBUG] Play mode: False
2020-06-24 04:07:23.9120 [DEBUG] Scene Fusion version 1.8.7-0
2020-06-24 04:07:31.2835 [DEBUG] Scene Fusion version 1.8.7-0
2020-06-24 04:07:31.4001 [DEBUG] Play mode: True, sync in play mode: False
2020-06-24 04:07:45.3588 [DEBUG] Play mode: False
2020-06-24 04:18:32.1289 [DEBUG] Scene Fusion version 1.8.7-0
2020-06-24 04:18:37.6932 [DEBUG] Scene Fusion version 1.8.7-0
2020-06-24 04:18:41.8777 [DEBUG] Scene Fusion version 1.8.7-0
2020-06-24 04:18:41.9905 [DEBUG] Play mode: True, sync in play mode: False
2020-06-24 04:19:03.5672 [DEBUG] Play mode: False
2020-06-24 04:19:23.9005 [DEBUG] Scene Fusion version 1.8.7-0
2020-06-24 04:19:29.0493 [DEBUG] Scene Fusion version 1.8.7-0
2020-06-24 04:19:29.1641 [DEBUG] Play mode: True, sync in play mode: False
2020-06-24 04:21:25.1035 [DEBUG] Scene Fusion version 1.8.7-0
2020-06-24 04:21:29.5005 [DEBUG] Play mode: False
2020-06-24 04:21:49.9990 [DEBUG] Scene Fusion version 1.8.7-0
2020-06-24 04:21:54.4953 [DEBUG] Scene Fusion version 1.8.7-0
2020-06-24 04:21:54.6114 [DEBUG] Play mode: True, sync in play mode: False
2020-06-24 04:22:08.7351 [DEBUG] Play mode: False
2020-06-24 04:22:32.3676 [DEBUG] Scene Fusion version 1.8.7-0
2020-06-24 04:22:36.4289 [DEBUG] Scene Fusion version 1.8.7-0
2020-06-24 04:22:36.5427 [DEBUG] Play mode: True, sync in play mode: False
2020-06-24 04:22:44.2728 [DEBUG] Play mode: False
2020-06-24 04:22:47.0537 [DEBUG] Scene Fusion version 1.8.7-0
2020-06-24 04:22:47.1930 [DEBUG] Play mode: True, sync in play mode: False
2020-06-24 04:22:54.4521 [DEBUG] Play mode: False
2020-06-24 04:23:01.1424 [DEBUG] Scene Fusion version 1.8.7-0
2020-06-24 04:23:04.1871 [DEBUG] Scene Fusion version 1.8.7-0
2020-06-24 04:23:04.3071 [DEBUG] Play mode: True, sync in play mode: False
2020-06-24 04:23:15.8603 [DEBUG] Play mode: False
2020-06-24 04:28:03.4091 [DEBUG] Scene Fusion version 1.8.7-0
2020-06-24 04:28:13.2179 [DEBUG] Scene Fusion version 1.8.7-0
2020-06-24 04:28:13.3311 [DEBUG] Play mode: True, sync in play mode: False
2020-06-24 04:28:19.2668 [DEBUG] Play mode: False
2020-06-24 04:30:23.8397 [DEBUG] Scene Fusion version 1.8.7-0
2020-06-24 04:30:56.2750 [DEBUG] Scene Fusion version 1.8.7-0
2020-06-24 04:31:02.5811 [DEBUG] Scene Fusion version 1.8.7-0
2020-06-24 04:31:02.6954 [DEBUG] Play mode: True, sync in play mode: False
2020-06-24 04:31:06.1337 [DEBUG] Play mode: False
2020-06-24 04:31:56.0509 [DEBUG] Scene Fusion version 1.8.7-0
2020-06-24 04:31:59.4266 [DEBUG] Scene Fusion version 1.8.7-0
2020-06-24 04:31:59.5413 [DEBUG] Play mode: True, sync in play mode: False
2020-06-24 04:32:02.7672 [DEBUG] Play mode: False
2020-06-24 04:35:01.1228 [DEBUG] Scene Fusion version 1.8.7-0
2020-06-24 04:35:20.0254 [DEBUG] Scene Fusion version 1.8.7-0
2020-06-24 04:35:20.1421 [DEBUG] Play mode: True, sync in play mode: False
2020-06-24 04:35:20.9658 [ERROR] NullReferenceException: Object reference not set to an instance of an object
SpringJumpLeft+<springWait>d__7.MoveNext () (at Assets/Scripts/Prefab/SpringJumpLeft.cs:59)
UnityEngine.SetupCoroutine.InvokeMoveNext (System.Collections.IEnumerator enumerator, System.IntPtr returnValueAddress) (at <e98ed0368295432e8c11e52d6243ee11>:0)
UnityEngine.MonoBehaviour:StartCoroutine(IEnumerator)
SpringJumpLeft:OnTriggerEnter2D(Collider2D) (at Assets/Scripts/Prefab/SpringJumpLeft.cs:36)

2020-06-24 04:35:22.9702 [ERROR] NullReferenceException: Object reference not set to an instance of an object
SpringJumpLeft+<springWait>d__7.MoveNext () (at Assets/Scripts/Prefab/SpringJumpLeft.cs:59)
UnityEngine.SetupCoroutine.InvokeMoveNext (System.Collections.IEnumerator enumerator, System.IntPtr returnValueAddress) (at <e98ed0368295432e8c11e52d6243ee11>:0)
UnityEngine.MonoBehaviour:StartCoroutine(IEnumerator)
SpringJumpLeft:OnTriggerEnter2D(Collider2D) (at Assets/Scripts/Prefab/SpringJumpLeft.cs:36)

2020-06-24 04:35:30.8775 [DEBUG] Play mode: False
2020-06-24 04:36:28.7593 [DEBUG] Scene Fusion version 1.8.7-0
2020-06-24 04:37:35.1113 [DEBUG] Scene Fusion version 1.8.7-0
2020-06-24 04:37:42.2753 [DEBUG] Scene Fusion version 1.8.7-0
2020-06-24 04:37:42.3905 [DEBUG] Play mode: True, sync in play mode: False
2020-06-24 04:37:46.5352 [DEBUG] Play mode: False
2020-06-24 04:38:55.4089 [DEBUG] Scene Fusion version 1.8.7-0
2020-06-24 04:39:05.8144 [DEBUG] Scene Fusion version 1.8.7-0
2020-06-24 04:39:09.9911 [DEBUG] Scene Fusion version 1.8.7-0
2020-06-24 04:39:10.1121 [DEBUG] Play mode: True, sync in play mode: False
2020-06-24 04:39:20.3800 [DEBUG] Play mode: False
2020-06-24 04:40:04.8648 [DEBUG] Scene Fusion version 1.8.7-0
2020-06-24 04:40:05.0053 [DEBUG] Play mode: True, sync in play mode: False
2020-06-24 04:40:09.0272 [DEBUG] Play mode: False
2020-06-24 04:40:14.7849 [DEBUG] Scene Fusion version 1.8.7-0
2020-06-24 04:40:14.9254 [DEBUG] Play mode: True, sync in play mode: False
2020-06-24 04:40:22.0947 [DEBUG] Play mode: False
2020-06-24 04:40:59.0382 [DEBUG] Scene Fusion version 1.8.7-0
2020-06-24 04:41:14.8370 [DEBUG] Scene Fusion version 1.8.7-0
2020-06-24 04:41:18.5957 [DEBUG] Scene Fusion version 1.8.7-0
2020-06-24 04:41:18.7138 [DEBUG] Play mode: True, sync in play mode: False
2020-06-24 04:41:35.1919 [DEBUG] Play mode: False
2020-06-24 04:41:53.5755 [DEBUG] Scene Fusion version 1.8.7-0
2020-06-24 04:41:53.7219 [DEBUG] Play mode: True, sync in play mode: False
2020-06-24 04:42:06.5765 [DEBUG] Play mode: False
2020-06-24 04:43:24.8866 [DEBUG] Scene Fusion version 1.8.7-0
2020-06-24 04:43:25.0300 [DEBUG] Play mode: True, sync in play mode: False
2020-06-24 04:43:40.8774 [DEBUG] Play mode: False
2020-06-24 04:43:57.7114 [DEBUG] Scene Fusion version 1.8.7-0
2020-06-24 04:43:57.8545 [DEBUG] Play mode: True, sync in play mode: False
2020-06-24 04:44:03.4115 [DEBUG] Play mode: False
2020-06-24 04:44:34.6939 [DEBUG] Scene Fusion version 1.8.7-0
2020-06-24 04:44:39.1040 [DEBUG] Scene Fusion version 1.8.7-0
2020-06-24 04:44:39.2240 [DEBUG] Play mode: True, sync in play mode: False
2020-06-24 04:45:43.1983 [DEBUG] Play mode: False
2020-06-24 04:46:19.3892 [DEBUG] Scene Fusion version 1.8.7-0
2020-06-24 04:46:35.4899 [DEBUG] Scene Fusion version 1.8.7-0
2020-06-24 04:46:35.6129 [DEBUG] Play mode: True, sync in play mode: False
2020-06-24 04:46:38.4294 [DEBUG] Play mode: False
2020-06-24 04:46:54.5025 [DEBUG] Scene Fusion version 1.8.7-0
2020-06-24 04:46:54.6489 [DEBUG] Play mode: True, sync in play mode: False
2020-06-24 04:47:01.2537 [DEBUG] Play mode: False
2020-06-24 04:47:40.8256 [DEBUG] Scene Fusion version 1.8.7-0
2020-06-24 04:47:40.9666 [DEBUG] Play mode: True, sync in play mode: False
2020-06-24 04:47:46.7153 [DEBUG] Play mode: False
2020-06-24 04:48:20.1691 [DEBUG] Scene Fusion version 1.8.7-0
2020-06-24 04:48:20.3027 [DEBUG] Play mode: True, sync in play mode: False
2020-06-24 04:48:49.3613 [DEBUG] Play mode: False
2020-06-24 04:49:10.4563 [DEBUG] Scene Fusion version 1.8.7-0
2020-06-24 04:49:13.7737 [DEBUG] Scene Fusion version 1.8.7-0
2020-06-24 04:49:13.8840 [DEBUG] Play mode: True, sync in play mode: False
2020-06-24 04:49:22.5578 [DEBUG] Play mode: False
2020-06-24 04:50:22.5322 [DEBUG] Scene Fusion version 1.8.7-0
2020-06-24 04:50:25.6704 [DEBUG] Scene Fusion version 1.8.7-0
2020-06-24 04:50:25.7867 [DEBUG] Play mode: True, sync in play mode: False
2020-06-24 04:50:32.0964 [DEBUG] Play mode: False
2020-06-24 04:50:57.6469 [DEBUG] Scene Fusion version 1.8.7-0
2020-06-24 04:51:02.5292 [DEBUG] Scene Fusion version 1.8.7-0
2020-06-24 04:51:02.6443 [DEBUG] Play mode: True, sync in play mode: False
2020-06-24 04:51:07.5210 [DEBUG] Play mode: False
2020-06-24 04:51:16.1640 [DEBUG] Scene Fusion version 1.8.7-0
2020-06-24 04:51:21.7654 [DEBUG] Scene Fusion version 1.8.7-0
2020-06-24 04:51:21.8800 [DEBUG] Play mode: True, sync in play mode: False
2020-06-24 04:51:30.4144 [DEBUG] Play mode: False
2020-06-24 04:52:02.7822 [DEBUG] Scene Fusion version 1.8.7-0
2020-06-24 04:52:02.9246 [DEBUG] Play mode: True, sync in play mode: False
2020-06-24 04:52:15.4108 [DEBUG] Play mode: False
2020-06-24 04:55:28.8482 [DEBUG] Scene Fusion version 1.8.7-0
2020-06-24 04:55:29.0005 [DEBUG] Play mode: True, sync in play mode: False
2020-06-24 04:55:40.6752 [DEBUG] Play mode: False
2020-06-24 04:55:55.8837 [DEBUG] Scene Fusion version 1.8.7-0
2020-06-24 04:55:56.0389 [DEBUG] Play mode: True, sync in play mode: False
2020-06-24 04:56:07.1561 [DEBUG] Play mode: False
2020-06-24 04:57:46.7164 [DEBUG] Scene Fusion version 1.8.7-0
2020-06-24 04:57:46.9039 [DEBUG] Play mode: True, sync in play mode: False
2020-06-24 04:58:36.2721 [DEBUG] Play mode: False
2020-06-24 04:59:32.2781 [DEBUG] Scene Fusion version 1.8.7-0
2020-06-24 04:59:32.4265 [DEBUG] Play mode: True, sync in play mode: False
2020-06-24 04:59:48.7979 [DEBUG] Play mode: False
2020-06-24 05:02:51.0024 [DEBUG] Scene Fusion version 1.8.7-0
2020-06-24 05:02:51.1410 [DEBUG] Play mode: True, sync in play mode: False
2020-06-24 05:03:01.7510 [DEBUG] Play mode: False
2020-06-24 05:03:07.8305 [DEBUG] Scene Fusion version 1.8.7-0
2020-06-24 05:03:07.9775 [DEBUG] Play mode: True, sync in play mode: False
2020-06-24 05:03:12.1259 [DEBUG] Play mode: False
2020-06-24 05:03:14.9245 [DEBUG] Scene Fusion version 1.8.7-0
2020-06-24 05:03:15.0728 [DEBUG] Play mode: True, sync in play mode: False
2020-06-24 05:03:18.4017 [DEBUG] Play mode: False
2020-06-24 05:03:46.0786 [DEBUG] Scene Fusion version 1.8.7-0
2020-06-24 05:03:46.2309 [DEBUG] Play mode: True, sync in play mode: False
2020-06-24 05:04:09.5532 [DEBUG] Play mode: False
2020-06-24 05:04:24.9376 [DEBUG] Scene Fusion version 1.8.7-0
2020-06-24 05:04:25.0869 [DEBUG] Play mode: True, sync in play mode: False
2020-06-24 05:04:33.2595 [DEBUG] Play mode: False
2020-06-24 05:04:37.0773 [DEBUG] Scene Fusion version 1.8.7-0
2020-06-24 05:04:37.2300 [DEBUG] Play mode: True, sync in play mode: False
2020-06-24 05:04:40.5709 [DEBUG] Play mode: False
2020-06-24 05:05:01.5326 [DEBUG] Scene Fusion version 1.8.7-0
2020-06-24 05:05:01.6756 [DEBUG] Play mode: True, sync in play mode: False
2020-06-24 05:05:06.1048 [DEBUG] Play mode: False
2020-06-24 05:05:20.9411 [DEBUG] Scene Fusion version 1.8.7-0
2020-06-24 05:05:21.0851 [DEBUG] Play mode: True, sync in play mode: False
2020-06-24 05:05:29.7019 [DEBUG] Play mode: False
2020-06-24 05:06:00.9436 [DEBUG] Scene Fusion version 1.8.7-0
2020-06-24 05:06:01.0988 [DEBUG] Play mode: True, sync in play mode: False
2020-06-24 05:06:10.7724 [DEBUG] Play mode: False
2020-06-24 05:06:42.6836 [DEBUG] Scene Fusion version 1.8.7-0
2020-06-24 05:06:42.8221 [DEBUG] Play mode: True, sync in play mode: False
2020-06-24 05:07:05.3601 [DEBUG] Play mode: False
2020-06-24 05:17:07.2848 [DEBUG] Scene Fusion version 1.8.7-0
2020-06-24 05:17:07.4497 [DEBUG] Play mode: True, sync in play mode: False
2020-06-24 05:17:22.5562 [DEBUG] Play mode: False
2020-06-24 05:20:14.6224 [DEBUG] Scene Fusion version 1.8.7-0
2020-06-24 05:20:14.7639 [DEBUG] Play mode: True, sync in play mode: False
2020-06-24 05:20:24.7068 [DEBUG] Play mode: False
2020-06-24 05:22:49.3219 [DEBUG] Scene Fusion version 1.8.7-0
2020-06-24 05:22:49.4742 [DEBUG] Play mode: True, sync in play mode: False
2020-06-24 05:23:07.8752 [DEBUG] Play mode: False
2020-06-24 05:23:53.4871 [DEBUG] Scene Fusion version 1.8.7-0
2020-06-24 05:23:53.6400 [DEBUG] Play mode: True, sync in play mode: False
2020-06-24 05:24:25.8271 [DEBUG] Play mode: False
2020-06-24 05:26:13.1384 [DEBUG] Scene Fusion version 1.8.7-0
2020-06-24 05:26:13.3024 [DEBUG] Play mode: True, sync in play mode: False
2020-06-24 05:26:22.0606 [DEBUG] Play mode: False
2020-06-24 05:27:06.7937 [DEBUG] Scene Fusion version 1.8.7-0
2020-06-24 05:27:06.9704 [DEBUG] Play mode: True, sync in play mode: False
2020-06-24 05:27:11.4185 [DEBUG] Play mode: False
2020-06-24 05:27:27.6429 [DEBUG] Scene Fusion version 1.8.7-0
2020-06-24 05:27:27.8196 [DEBUG] Play mode: True, sync in play mode: False
2020-06-24 05:27:41.0441 [DEBUG] Play mode: False
2020-06-24 05:27:55.5993 [DEBUG] Scene Fusion version 1.8.7-0
2020-06-24 05:27:55.7691 [DEBUG] Play mode: True, sync in play mode: False
2020-06-24 05:27:57.1350 [DEBUG] Play mode: False
2020-06-24 05:28:04.9369 [DEBUG] Scene Fusion version 1.8.7-0
2020-06-24 05:28:05.0843 [DEBUG] Play mode: True, sync in play mode: False
2020-06-24 05:28:15.9809 [DEBUG] Play mode: False
2020-06-24 05:34:10.4109 [DEBUG] Scene Fusion version 1.8.7-0
2020-06-24 05:39:40.3261 [DEBUG] Scene Fusion version 1.8.7-0
2020-06-24 05:39:53.6158 [DEBUG] Scene Fusion version 1.8.7-0
2020-06-24 05:39:53.7324 [DEBUG] Play mode: True, sync in play mode: False
2020-06-24 05:40:06.9713 [DEBUG] Play mode: False
2020-06-24 05:40:30.2106 [DEBUG] Scene Fusion version 1.8.7-0
2020-06-24 05:40:30.3677 [DEBUG] Play mode: True, sync in play mode: False
2020-06-24 05:40:41.1296 [DEBUG] Play mode: False
2020-06-24 05:40:51.8919 [DEBUG] Scene Fusion version 1.8.7-0
2020-06-24 05:40:52.0441 [DEBUG] Play mode: True, sync in play mode: False
2020-06-24 05:41:33.0456 [DEBUG] Play mode: False
2020-06-24 05:45:20.6154 [DEBUG] Scene Fusion version 1.8.7-0
2020-06-24 05:45:20.7643 [DEBUG] Play mode: True, sync in play mode: False
2020-06-24 05:46:04.9574 [DEBUG] Play mode: False
2020-06-24 05:49:56.6949 [DEBUG] Scene Fusion version 1.8.7-0
2020-06-24 05:50:33.5053 [DEBUG] Scene Fusion version 1.8.7-0
2020-06-24 05:50:51.1775 [DEBUG] Scene Fusion version 1.8.7-0
2020-06-24 05:50:51.3112 [DEBUG] Play mode: True, sync in play mode: False
2020-06-24 05:51:13.7640 [DEBUG] Play mode: False
2020-06-24 05:52:01.6219 [DEBUG] Scene Fusion version 1.8.7-0
2020-06-24 05:52:06.1276 [DEBUG] Scene Fusion version 1.8.7-0
2020-06-24 05:52:06.2604 [DEBUG] Play mode: True, sync in play mode: False
2020-06-24 05:52:58.4151 [DEBUG] Play mode: False
2020-06-24 05:54:09.7507 [DEBUG] Scene Fusion version 1.8.7-0
2020-06-24 05:54:09.9074 [DEBUG] Play mode: True, sync in play mode: False
2020-06-24 05:54:12.0437 [DEBUG] Play mode: False
2020-06-24 06:01:13.0595 [DEBUG] Scene Fusion version 1.8.7-0
2020-06-24 06:01:13.2260 [DEBUG] Play mode: True, sync in play mode: False
2020-06-24 06:01:22.5584 [DEBUG] Play mode: False
2020-06-24 06:01:56.8982 [DEBUG] Scene Fusion version 1.8.7-0
2020-06-24 06:01:57.0526 [DEBUG] Play mode: True, sync in play mode: False
2020-06-24 06:02:11.3112 [DEBUG] Play mode: False
2020-06-24 06:02:58.5525 [DEBUG] Scene Fusion version 1.8.7-0
2020-06-24 06:02:58.7067 [DEBUG] Play mode: True, sync in play mode: False
2020-06-24 06:03:55.7409 [DEBUG] Play mode: False
2020-06-24 06:07:06.4636 [DEBUG] Scene Fusion version 1.8.7-0
2020-06-24 06:07:06.6139 [DEBUG] Play mode: True, sync in play mode: False
2020-06-24 06:07:17.2955 [DEBUG] Play mode: False
2020-06-24 06:07:20.5386 [DEBUG] Scene Fusion version 1.8.7-0
2020-06-24 06:07:20.6947 [DEBUG] Play mode: True, sync in play mode: False
2020-06-24 06:07:37.8725 [DEBUG] Play mode: False
2020-06-24 06:08:07.1250 [DEBUG] Scene Fusion version 1.8.7-0
2020-06-24 06:08:07.2724 [DEBUG] Play mode: True, sync in play mode: False
2020-06-24 06:08:30.6145 [ERROR] UnassignedReferenceException: The variable spikeCheckpoint of KillPlayer has not been assigned.
You probably need to assign the spikeCheckpoint variable of the KillPlayer script in the inspector.
KillPlayer+<RespawnPlayer>d__5.MoveNext () (at Assets/Scripts/Prefab/KillPlayer.cs:33)
UnityEngine.SetupCoroutine.InvokeMoveNext (System.Collections.IEnumerator enumerator, System.IntPtr returnValueAddress) (at <e98ed0368295432e8c11e52d6243ee11>:0)

2020-06-24 06:08:41.0588 [ERROR] UnassignedReferenceException: The variable spikeCheckpoint of KillPlayer has not been assigned.
You probably need to assign the spikeCheckpoint variable of the KillPlayer script in the inspector.
KillPlayer+<RespawnPlayer>d__5.MoveNext () (at Assets/Scripts/Prefab/KillPlayer.cs:33)
UnityEngine.SetupCoroutine.InvokeMoveNext (System.Collections.IEnumerator enumerator, System.IntPtr returnValueAddress) (at <e98ed0368295432e8c11e52d6243ee11>:0)

2020-06-24 06:08:43.6032 [ERROR] UnassignedReferenceException: The variable spikeCheckpoint of KillPlayer has not been assigned.
You probably need to assign the spikeCheckpoint variable of the KillPlayer script in the inspector.
KillPlayer+<RespawnPlayer>d__5.MoveNext () (at Assets/Scripts/Prefab/KillPlayer.cs:33)
UnityEngine.SetupCoroutine.InvokeMoveNext (System.Collections.IEnumerator enumerator, System.IntPtr returnValueAddress) (at <e98ed0368295432e8c11e52d6243ee11>:0)

2020-06-24 06:08:44.5442 [ERROR] UnassignedReferenceException: The variable spikeCheckpoint of KillPlayer has not been assigned.
You probably need to assign the spikeCheckpoint variable of the KillPlayer script in the inspector.
KillPlayer+<RespawnPlayer>d__5.MoveNext () (at Assets/Scripts/Prefab/KillPlayer.cs:33)
UnityEngine.SetupCoroutine.InvokeMoveNext (System.Collections.IEnumerator enumerator, System.IntPtr returnValueAddress) (at <e98ed0368295432e8c11e52d6243ee11>:0)

2020-06-24 06:08:56.3827 [DEBUG] Play mode: False
2020-06-24 06:09:05.9644 [DEBUG] Scene Fusion version 1.8.7-0
2020-06-24 06:09:06.1235 [DEBUG] Play mode: True, sync in play mode: False
2020-06-24 06:09:15.2016 [ERROR] UnassignedReferenceException: The variable spikeCheckpoint of KillPlayer has not been assigned.
You probably need to assign the spikeCheckpoint variable of the KillPlayer script in the inspector.
KillPlayer+<RespawnPlayer>d__5.MoveNext () (at Assets/Scripts/Prefab/KillPlayer.cs:33)
UnityEngine.SetupCoroutine.InvokeMoveNext (System.Collections.IEnumerator enumerator, System.IntPtr returnValueAddress) (at <e98ed0368295432e8c11e52d6243ee11>:0)

2020-06-24 06:09:33.6155 [ERROR] UnassignedReferenceException: The variable spikeCheckpoint of KillPlayer has not been assigned.
You probably need to assign the spikeCheckpoint variable of the KillPlayer script in the inspector.
KillPlayer+<RespawnPlayer>d__5.MoveNext () (at Assets/Scripts/Prefab/KillPlayer.cs:33)
UnityEngine.SetupCoroutine.InvokeMoveNext (System.Collections.IEnumerator enumerator, System.IntPtr returnValueAddress) (at <e98ed0368295432e8c11e52d6243ee11>:0)

2020-06-24 06:09:44.3175 [DEBUG] Play mode: False
2020-06-24 06:16:01.4831 [DEBUG] Scene Fusion version 1.8.7-0
2020-06-24 06:16:01.6393 [DEBUG] Play mode: True, sync in play mode: False
2020-06-24 06:16:15.0144 [DEBUG] Play mode: False
2020-06-24 06:16:33.3787 [DEBUG] Scene Fusion version 1.8.7-0
2020-06-24 06:16:33.5309 [DEBUG] Play mode: True, sync in play mode: False
2020-06-24 06:16:41.3480 [ERROR] UnassignedReferenceException: The variable spikeCheckpoint of KillPlayer has not been assigned.
You probably need to assign the spikeCheckpoint variable of the KillPlayer script in the inspector.
KillPlayer+<RespawnPlayer>d__5.MoveNext () (at Assets/Scripts/Prefab/KillPlayer.cs:33)
UnityEngine.SetupCoroutine.InvokeMoveNext (System.Collections.IEnumerator enumerator, System.IntPtr returnValueAddress) (at <e98ed0368295432e8c11e52d6243ee11>:0)

2020-06-24 06:16:48.0363 [ERROR] UnassignedReferenceException: The variable spikeCheckpoint of KillPlayer has not been assigned.
You probably need to assign the spikeCheckpoint variable of the KillPlayer script in the inspector.
KillPlayer+<RespawnPlayer>d__5.MoveNext () (at Assets/Scripts/Prefab/KillPlayer.cs:33)
UnityEngine.SetupCoroutine.InvokeMoveNext (System.Collections.IEnumerator enumerator, System.IntPtr returnValueAddress) (at <e98ed0368295432e8c11e52d6243ee11>:0)

2020-06-24 06:17:31.9994 [DEBUG] Play mode: False
2020-06-24 06:24:56.6499 [DEBUG] Scene Fusion version 1.8.7-0
2020-06-24 06:24:56.8015 [DEBUG] Play mode: True, sync in play mode: False
2020-06-24 06:26:29.6463 [DEBUG] Play mode: False
