2020-07-23 16:02:25.2731 [DEBUG] Scene Fusion version 1.8.7-0
2020-07-23 16:07:09.2026 [DEBUG] Scene Fusion version 1.8.7-0
2020-07-23 16:07:09.3766 [DEBUG] Play mode: True, sync in play mode: False
2020-07-23 16:07:21.1568 [DEBUG] Play mode: False
2020-07-23 16:07:25.5173 [DEBUG] Scene Fusion version 1.8.7-0
2020-07-23 16:07:25.6549 [DEBUG] Play mode: True, sync in play mode: False
2020-07-23 16:07:34.2706 [DEBUG] Play mode: False
2020-07-23 16:07:46.8360 [DEBUG] Scene Fusion version 1.8.7-0
2020-07-23 16:07:46.9658 [DEBUG] Play mode: True, sync in play mode: False
2020-07-23 16:07:51.4764 [ERROR] UnassignedReferenceException: The variable currentCheckpoint of Movement has not been assigned.
You probably need to assign the currentCheckpoint variable of the Movement script in the inspector.
Movement.SavePlayer () (at Assets/Scripts/Movement.cs:613)
PauseMenu.ExitGame () (at Assets/Scripts/Menu/PauseMenu.cs:51)
UnityEngine.Events.InvokableCall.Invoke () (at <e98ed0368295432e8c11e52d6243ee11>:0)
UnityEngine.Events.UnityEvent.Invoke () (at <e98ed0368295432e8c11e52d6243ee11>:0)
UnityEngine.UI.Button.Press () (at C:/Program Files/Unity/Hub/Editor/2019.3.15f1/Editor/Data/Resources/PackageManager/BuiltInPackages/com.unity.ugui/Runtime/UI/Core/Button.cs:68)
UnityEngine.UI.Button.OnPointerClick (UnityEngine.EventSystems.PointerEventData eventData) (at C:/Program Files/Unity/Hub/Editor/2019.3.15f1/Editor/Data/Resources/PackageManager/BuiltInPackages/com.unity.ugui/Runtime/UI/Core/Button.cs:110)
UnityEngine.EventSystems.ExecuteEvents.Execute (UnityEngine.EventSystems.IPointerClickHandler handler, UnityEngine.EventSystems.BaseEventData eventData) (at C:/Program Files/Unity/Hub/Editor/2019.3.15f1/Editor/Data/Resources/PackageManager/BuiltInPackages/com.unity.ugui/Runtime/EventSystem/ExecuteEvents.cs:50)
UnityEngine.EventSystems.ExecuteEvents.Execute[T] (UnityEngine.GameObject target, UnityEngine.EventSystems.BaseEventData eventData, UnityEngine.EventSystems.ExecuteEvents+EventFunction`1[T1] functor) (at C:/Program Files/Unity/Hub/Editor/2019.3.15f1/Editor/Data/Resources/PackageManager/BuiltInPackages/com.unity.ugui/Runtime/EventSystem/ExecuteEvents.cs:261)
UnityEngine.EventSystems.EventSystem:Update() (at C:/Program Files/Unity/Hub/Editor/2019.3.15f1/Editor/Data/Resources/PackageManager/BuiltInPackages/com.unity.ugui/Runtime/EventSystem/EventSystem.cs:377)

2020-07-23 16:08:07.4930 [DEBUG] Play mode: False
